# JRE version: Java(TM) SE Runtime Environment (22.0.2+9) (build 22.0.2+9-70)
# Java VM: Java HotSpot(TM) 64-Bit Server VM (22.0.2+9-70, mixed mode, sharing, tiered, compressed oops, compressed class ptrs, g1 gc, windows-amd64)
GC Precious Log:
 CardTable entry size: 512
 Card Set container configuration: InlinePtr #cards 4 size 8 Array Of Cards #cards 16 size 48 Howl #buckets 8 coarsen threshold 3686 Howl Bitmap #cards 512 size 80 coarsen threshold 460 Card regions per heap region 1 cards per card region 4096
 CPUs: 12 total, 12 available
 Memory: 15724M
 Large Page Support: Disabled
 NUMA Support: Disabled
 Compressed Oops: Enabled (Zero based)
 Heap Region Size: 2M
 Heap Min Capacity: 8M
 Heap Initial Capacity: 8M
 Heap Max Capacity: 3932M
 Pre-touch: Disabled
 Parallel Workers: 10
 Concurrent Workers: 3
 Concurrent Refinement Workers: 10
 Periodic GC: Disabled
Heap:
 garbage-first heap   total reserved 4026368K, committed 10240K, used 3829K [0x00000004dc200000, 0x00000005d1e00000)
  region size 2048K, 1 young (2048K), 1 survivors (2048K)
 Metaspace       used 8162K, committed 8384K, reserved 1114112K
  class space    used 962K, committed 1088K, reserved 1048576K
GC Heap History (9 events):
Event: 0.304 GC heap before
{Heap before GC invocations=0 (full 0):
 garbage-first heap   total reserved 4026368K, committed 8192K, used 4096K [0x00000004dc200000, 0x00000005d1e00000)
  region size 2048K, 2 young (4096K), 0 survivors (0K)
 Metaspace       used 5670K, committed 5824K, reserved 1114112K
  class space    used 682K, committed 704K, reserved 1048576K
}
Event: 0.308 GC heap after
{Heap after GC invocations=1 (full 0):
 garbage-first heap   total reserved 4026368K, committed 8192K, used 2016K [0x00000004dc200000, 0x00000005d1e00000)
  region size 2048K, 1 young (2048K), 1 survivors (2048K)
 Metaspace       used 5670K, committed 5824K, reserved 1114112K
  class space    used 682K, committed 704K, reserved 1048576K
}
Event: 0.414 GC heap before
{Heap before GC invocations=1 (full 0):
 garbage-first heap   total reserved 4026368K, committed 8192K, used 4064K [0x00000004dc200000, 0x00000005d1e00000)
  region size 2048K, 2 young (4096K), 1 survivors (2048K)
 Metaspace       used 7690K, committed 7872K, reserved 1114112K
  class space    used 900K, committed 1024K, reserved 1048576K
}
Event: 0.418 GC heap after
{Heap after GC invocations=2 (full 0):
 garbage-first heap   total reserved 4026368K, committed 8192K, used 2542K [0x00000004dc200000, 0x00000005d1e00000)
  region size 2048K, 1 young (2048K), 1 survivors (2048K)
 Metaspace       used 7690K, committed 7872K, reserved 1114112K
  class space    used 900K, committed 1024K, reserved 1048576K
}
Event: 0.461 GC heap before
{Heap before GC invocations=2 (full 0):
 garbage-first heap   total reserved 4026368K, committed 8192K, used 4590K [0x00000004dc200000, 0x00000005d1e00000)
  region size 2048K, 2 young (4096K), 1 survivors (2048K)
 Metaspace       used 7969K, committed 8128K, reserved 1114112K
  class space    used 940K, committed 1024K, reserved 1048576K
}
Event: 0.464 GC heap after
{Heap after GC invocations=3 (full 0):
 garbage-first heap   total reserved 4026368K, committed 8192K, used 3062K [0x00000004dc200000, 0x00000005d1e00000)
  region size 2048K, 1 young (2048K), 1 survivors (2048K)
 Metaspace       used 7969K, committed 8128K, reserved 1114112K
  class space    used 940K, committed 1024K, reserved 1048576K
}
Event: 0.477 GC heap before
{Heap before GC invocations=3 (full 0):
 garbage-first heap   total reserved 4026368K, committed 8192K, used 5110K [0x00000004dc200000, 0x00000005d1e00000)
  region size 2048K, 2 young (4096K), 1 survivors (2048K)
 Metaspace       used 7997K, committed 8128K, reserved 1114112K
  class space    used 940K, committed 1024K, reserved 1048576K
}
Event: 0.479 GC heap after
{Heap after GC invocations=4 (full 0):
 garbage-first heap   total reserved 4026368K, committed 10240K, used 3440K [0x00000004dc200000, 0x00000005d1e00000)
  region size 2048K, 1 young (2048K), 1 survivors (2048K)
 Metaspace       used 7997K, committed 8128K, reserved 1114112K
  class space    used 940K, committed 1024K, reserved 1048576K
}
Event: 0.515 GC heap before
{Heap before GC invocations=4 (full 0):
 garbage-first heap   total reserved 4026368K, committed 10240K, used 5488K [0x00000004dc200000, 0x00000005d1e00000)
  region size 2048K, 2 young (4096K), 1 survivors (2048K)
 Metaspace       used 8162K, committed 8384K, reserved 1114112K
  class space    used 962K, committed 1088K, reserved 1048576K
}

