# JRE version: OpenJDK Runtime Environment Temurin-17.0.10+7 (17.0.10+7) (build 17.0.10+7)
# Java VM: OpenJDK 64-Bit Server VM Temurin-17.0.10+7 (17.0.10+7, mixed mode, tiered, compressed class ptrs, parallel gc, windows-amd64)
GC Precious Log:
 CPUs: 12 total, 12 available
 Memory: 15724M
 Large Page Support: Disabled
 NUMA Support: Disabled
 Compressed Oops: Disabled
 Alignments: Space 512K, Generation 512K, Heap 2M
 Heap Min Capacity: 100M
 Heap Initial Capacity: 100M
 Heap Max Capacity: 128G
 Pre-touch: Disabled
 Parallel Workers: 10
Heap:
 PSYoungGen      total 16896K, used 5371K [0x00000220d4780000, 0x00000220d5a80000, 0x0000022b7f200000)
  eden space 15360K, 28% used [0x00000220d4780000,0x00000220d4bbbde0,0x00000220d5680000)
  from space 1536K, 67% used [0x00000220d5880000,0x00000220d5982ee0,0x00000220d5a00000)
  to   space 512K, 0% used [0x00000220d5a00000,0x00000220d5a00000,0x00000220d5a80000)
 ParOldGen       total 68608K, used 42706K [0x0000020b7f200000, 0x0000020b83500000, 0x00000220d4780000)
  object space 68608K, 62% used [0x0000020b7f200000,0x0000020b81bb4800,0x0000020b83500000)
 Metaspace       used 44532K, committed 45312K, reserved 1114112K
  class space    used 4471K, committed 4800K, reserved 1048576K
GC Heap History (20 events):
Event: 8.993 GC heap before
{Heap before GC invocations=20 (full 2):
 PSYoungGen      total 24064K, used 23680K [0x00000220d4780000, 0x00000220d6280000, 0x0000022b7f200000)
  eden space 21504K, 100% used [0x00000220d4780000,0x00000220d5c80000,0x00000220d5c80000)
  from space 2560K, 85% used [0x00000220d5c80000,0x00000220d5ea0000,0x00000220d5f00000)
  to   space 3072K, 0% used [0x00000220d5f80000,0x00000220d5f80000,0x00000220d6280000)
 ParOldGen       total 68608K, used 26441K [0x0000020b7f200000, 0x0000020b83500000, 0x00000220d4780000)
  object space 68608K, 38% used [0x0000020b7f200000,0x0000020b80bd2508,0x0000020b83500000)
 Metaspace       used 37956K, committed 38656K, reserved 1114112K
  class space    used 3797K, committed 4096K, reserved 1048576K
}
Event: 8.997 GC heap after
{Heap after GC invocations=20 (full 2):
 PSYoungGen      total 24576K, used 2560K [0x00000220d4780000, 0x00000220d6280000, 0x0000022b7f200000)
  eden space 21504K, 0% used [0x00000220d4780000,0x00000220d4780000,0x00000220d5c80000)
  from space 3072K, 83% used [0x00000220d5f80000,0x00000220d6200010,0x00000220d6280000)
  to   space 3072K, 0% used [0x00000220d5c80000,0x00000220d5c80000,0x00000220d5f80000)
 ParOldGen       total 68608K, used 28481K [0x0000020b7f200000, 0x0000020b83500000, 0x00000220d4780000)
  object space 68608K, 41% used [0x0000020b7f200000,0x0000020b80dd0778,0x0000020b83500000)
 Metaspace       used 37956K, committed 38656K, reserved 1114112K
  class space    used 3797K, committed 4096K, reserved 1048576K
}
Event: 9.047 GC heap before
{Heap before GC invocations=21 (full 2):
 PSYoungGen      total 24576K, used 24064K [0x00000220d4780000, 0x00000220d6280000, 0x0000022b7f200000)
  eden space 21504K, 100% used [0x00000220d4780000,0x00000220d5c80000,0x00000220d5c80000)
  from space 3072K, 83% used [0x00000220d5f80000,0x00000220d6200010,0x00000220d6280000)
  to   space 3072K, 0% used [0x00000220d5c80000,0x00000220d5c80000,0x00000220d5f80000)
 ParOldGen       total 68608K, used 28481K [0x0000020b7f200000, 0x0000020b83500000, 0x00000220d4780000)
  object space 68608K, 41% used [0x0000020b7f200000,0x0000020b80dd0778,0x0000020b83500000)
 Metaspace       used 37956K, committed 38656K, reserved 1114112K
  class space    used 3797K, committed 4096K, reserved 1048576K
}
Event: 9.051 GC heap after
{Heap after GC invocations=21 (full 2):
 PSYoungGen      total 23552K, used 1952K [0x00000220d4780000, 0x00000220d6180000, 0x0000022b7f200000)
  eden space 21504K, 0% used [0x00000220d4780000,0x00000220d4780000,0x00000220d5c80000)
  from space 2048K, 95% used [0x00000220d5c80000,0x00000220d5e68000,0x00000220d5e80000)
  to   space 2560K, 0% used [0x00000220d5f00000,0x00000220d5f00000,0x00000220d6180000)
 ParOldGen       total 68608K, used 30983K [0x0000020b7f200000, 0x0000020b83500000, 0x00000220d4780000)
  object space 68608K, 45% used [0x0000020b7f200000,0x0000020b81041d58,0x0000020b83500000)
 Metaspace       used 37956K, committed 38656K, reserved 1114112K
  class space    used 3797K, committed 4096K, reserved 1048576K
}
Event: 9.305 GC heap before
{Heap before GC invocations=22 (full 2):
 PSYoungGen      total 23552K, used 23456K [0x00000220d4780000, 0x00000220d6180000, 0x0000022b7f200000)
  eden space 21504K, 100% used [0x00000220d4780000,0x00000220d5c80000,0x00000220d5c80000)
  from space 2048K, 95% used [0x00000220d5c80000,0x00000220d5e68000,0x00000220d5e80000)
  to   space 2560K, 0% used [0x00000220d5f00000,0x00000220d5f00000,0x00000220d6180000)
 ParOldGen       total 68608K, used 30983K [0x0000020b7f200000, 0x0000020b83500000, 0x00000220d4780000)
  object space 68608K, 45% used [0x0000020b7f200000,0x0000020b81041d58,0x0000020b83500000)
 Metaspace       used 38677K, committed 39424K, reserved 1114112K
  class space    used 3889K, committed 4224K, reserved 1048576K
}
Event: 9.311 GC heap after
{Heap after GC invocations=22 (full 2):
 PSYoungGen      total 17920K, used 2544K [0x00000220d4780000, 0x00000220d6d80000, 0x0000022b7f200000)
  eden space 15360K, 0% used [0x00000220d4780000,0x00000220d4780000,0x00000220d5680000)
  from space 2560K, 99% used [0x00000220d5f00000,0x00000220d617c030,0x00000220d6180000)
  to   space 8704K, 0% used [0x00000220d5680000,0x00000220d5680000,0x00000220d5f00000)
 ParOldGen       total 68608K, used 36046K [0x0000020b7f200000, 0x0000020b83500000, 0x00000220d4780000)
  object space 68608K, 52% used [0x0000020b7f200000,0x0000020b81533838,0x0000020b83500000)
 Metaspace       used 38677K, committed 39424K, reserved 1114112K
  class space    used 3889K, committed 4224K, reserved 1048576K
}
Event: 9.761 GC heap before
{Heap before GC invocations=23 (full 2):
 PSYoungGen      total 17920K, used 17904K [0x00000220d4780000, 0x00000220d6d80000, 0x0000022b7f200000)
  eden space 15360K, 100% used [0x00000220d4780000,0x00000220d5680000,0x00000220d5680000)
  from space 2560K, 99% used [0x00000220d5f00000,0x00000220d617c030,0x00000220d6180000)
  to   space 8704K, 0% used [0x00000220d5680000,0x00000220d5680000,0x00000220d5f00000)
 ParOldGen       total 68608K, used 36046K [0x0000020b7f200000, 0x0000020b83500000, 0x00000220d4780000)
  object space 68608K, 52% used [0x0000020b7f200000,0x0000020b81533838,0x0000020b83500000)
 Metaspace       used 40634K, committed 41408K, reserved 1114112K
  class space    used 4098K, committed 4416K, reserved 1048576K
}
Event: 9.764 GC heap after
{Heap after GC invocations=23 (full 2):
 PSYoungGen      total 16384K, used 990K [0x00000220d4780000, 0x00000220d5f80000, 0x0000022b7f200000)
  eden space 15360K, 0% used [0x00000220d4780000,0x00000220d4780000,0x00000220d5680000)
  from space 1024K, 96% used [0x00000220d5680000,0x00000220d5777b58,0x00000220d5780000)
  to   space 3584K, 0% used [0x00000220d5c00000,0x00000220d5c00000,0x00000220d5f80000)
 ParOldGen       total 68608K, used 38438K [0x0000020b7f200000, 0x0000020b83500000, 0x00000220d4780000)
  object space 68608K, 56% used [0x0000020b7f200000,0x0000020b81789888,0x0000020b83500000)
 Metaspace       used 40634K, committed 41408K, reserved 1114112K
  class space    used 4098K, committed 4416K, reserved 1048576K
}
Event: 10.237 GC heap before
{Heap before GC invocations=24 (full 2):
 PSYoungGen      total 16384K, used 16350K [0x00000220d4780000, 0x00000220d5f80000, 0x0000022b7f200000)
  eden space 15360K, 100% used [0x00000220d4780000,0x00000220d5680000,0x00000220d5680000)
  from space 1024K, 96% used [0x00000220d5680000,0x00000220d5777b58,0x00000220d5780000)
  to   space 3584K, 0% used [0x00000220d5c00000,0x00000220d5c00000,0x00000220d5f80000)
 ParOldGen       total 68608K, used 38438K [0x0000020b7f200000, 0x0000020b83500000, 0x00000220d4780000)
  object space 68608K, 56% used [0x0000020b7f200000,0x0000020b81789888,0x0000020b83500000)
 Metaspace       used 41058K, committed 41856K, reserved 1114112K
  class space    used 4166K, committed 4480K, reserved 1048576K
}
Event: 10.239 GC heap after
{Heap after GC invocations=24 (full 2):
 PSYoungGen      total 16384K, used 640K [0x00000220d4780000, 0x00000220d5d00000, 0x0000022b7f200000)
  eden space 15360K, 0% used [0x00000220d4780000,0x00000220d4780000,0x00000220d5680000)
  from space 1024K, 62% used [0x00000220d5c00000,0x00000220d5ca0000,0x00000220d5d00000)
  to   space 1536K, 0% used [0x00000220d5a00000,0x00000220d5a00000,0x00000220d5b80000)
 ParOldGen       total 68608K, used 39360K [0x0000020b7f200000, 0x0000020b83500000, 0x00000220d4780000)
  object space 68608K, 57% used [0x0000020b7f200000,0x0000020b818701d0,0x0000020b83500000)
 Metaspace       used 41058K, committed 41856K, reserved 1114112K
  class space    used 4166K, committed 4480K, reserved 1048576K
}
Event: 10.567 GC heap before
{Heap before GC invocations=25 (full 2):
 PSYoungGen      total 16384K, used 16000K [0x00000220d4780000, 0x00000220d5d00000, 0x0000022b7f200000)
  eden space 15360K, 100% used [0x00000220d4780000,0x00000220d5680000,0x00000220d5680000)
  from space 1024K, 62% used [0x00000220d5c00000,0x00000220d5ca0000,0x00000220d5d00000)
  to   space 1536K, 0% used [0x00000220d5a00000,0x00000220d5a00000,0x00000220d5b80000)
 ParOldGen       total 68608K, used 39360K [0x0000020b7f200000, 0x0000020b83500000, 0x00000220d4780000)
  object space 68608K, 57% used [0x0000020b7f200000,0x0000020b818701d0,0x0000020b83500000)
 Metaspace       used 41452K, committed 42176K, reserved 1114112K
  class space    used 4208K, committed 4480K, reserved 1048576K
}
Event: 10.569 GC heap after
{Heap after GC invocations=25 (full 2):
 PSYoungGen      total 16896K, used 896K [0x00000220d4780000, 0x00000220d5c80000, 0x0000022b7f200000)
  eden space 15360K, 0% used [0x00000220d4780000,0x00000220d4780000,0x00000220d5680000)
  from space 1536K, 58% used [0x00000220d5a00000,0x00000220d5ae0000,0x00000220d5b80000)
  to   space 1024K, 0% used [0x00000220d5b80000,0x00000220d5b80000,0x00000220d5c80000)
 ParOldGen       total 68608K, used 39768K [0x0000020b7f200000, 0x0000020b83500000, 0x00000220d4780000)
  object space 68608K, 57% used [0x0000020b7f200000,0x0000020b818d61d0,0x0000020b83500000)
 Metaspace       used 41452K, committed 42176K, reserved 1114112K
  class space    used 4208K, committed 4480K, reserved 1048576K
}
Event: 10.995 GC heap before
{Heap before GC invocations=26 (full 2):
 PSYoungGen      total 16896K, used 16256K [0x00000220d4780000, 0x00000220d5c80000, 0x0000022b7f200000)
  eden space 15360K, 100% used [0x00000220d4780000,0x00000220d5680000,0x00000220d5680000)
  from space 1536K, 58% used [0x00000220d5a00000,0x00000220d5ae0000,0x00000220d5b80000)
  to   space 1024K, 0% used [0x00000220d5b80000,0x00000220d5b80000,0x00000220d5c80000)
 ParOldGen       total 68608K, used 39768K [0x0000020b7f200000, 0x0000020b83500000, 0x00000220d4780000)
  object space 68608K, 57% used [0x0000020b7f200000,0x0000020b818d61d0,0x0000020b83500000)
 Metaspace       used 42522K, committed 43264K, reserved 1114112K
  class space    used 4288K, committed 4608K, reserved 1048576K
}
Event: 10.998 GC heap after
{Heap after GC invocations=26 (full 2):
 PSYoungGen      total 16384K, used 1007K [0x00000220d4780000, 0x00000220d5c80000, 0x0000022b7f200000)
  eden space 15360K, 0% used [0x00000220d4780000,0x00000220d4780000,0x00000220d5680000)
  from space 1024K, 98% used [0x00000220d5b80000,0x00000220d5c7bcc0,0x00000220d5c80000)
  to   space 3072K, 0% used [0x00000220d5680000,0x00000220d5680000,0x00000220d5980000)
 ParOldGen       total 68608K, used 41203K [0x0000020b7f200000, 0x0000020b83500000, 0x00000220d4780000)
  object space 68608K, 60% used [0x0000020b7f200000,0x0000020b81a3cc40,0x0000020b83500000)
 Metaspace       used 42522K, committed 43264K, reserved 1114112K
  class space    used 4288K, committed 4608K, reserved 1048576K
}
Event: 11.123 GC heap before
{Heap before GC invocations=27 (full 2):
 PSYoungGen      total 16384K, used 16367K [0x00000220d4780000, 0x00000220d5c80000, 0x0000022b7f200000)
  eden space 15360K, 100% used [0x00000220d4780000,0x00000220d5680000,0x00000220d5680000)
  from space 1024K, 98% used [0x00000220d5b80000,0x00000220d5c7bcc0,0x00000220d5c80000)
  to   space 3072K, 0% used [0x00000220d5680000,0x00000220d5680000,0x00000220d5980000)
 ParOldGen       total 68608K, used 41203K [0x0000020b7f200000, 0x0000020b83500000, 0x00000220d4780000)
  object space 68608K, 60% used [0x0000020b7f200000,0x0000020b81a3cc40,0x0000020b83500000)
 Metaspace       used 42540K, committed 43264K, reserved 1114112K
  class space    used 4288K, committed 4608K, reserved 1048576K
}
Event: 11.125 GC heap after
{Heap after GC invocations=27 (full 2):
 PSYoungGen      total 18432K, used 1347K [0x00000220d4780000, 0x00000220d5c00000, 0x0000022b7f200000)
  eden space 15360K, 0% used [0x00000220d4780000,0x00000220d4780000,0x00000220d5680000)
  from space 3072K, 43% used [0x00000220d5680000,0x00000220d57d0f58,0x00000220d5980000)
  to   space 2048K, 0% used [0x00000220d5a00000,0x00000220d5a00000,0x00000220d5c00000)
 ParOldGen       total 68608K, used 42307K [0x0000020b7f200000, 0x0000020b83500000, 0x00000220d4780000)
  object space 68608K, 61% used [0x0000020b7f200000,0x0000020b81b50d58,0x0000020b83500000)
 Metaspace       used 42540K, committed 43264K, reserved 1114112K
  class space    used 4288K, committed 4608K, reserved 1048576K
}
Event: 11.183 GC heap before
{Heap before GC invocations=28 (full 2):
 PSYoungGen      total 18432K, used 16707K [0x00000220d4780000, 0x00000220d5c00000, 0x0000022b7f200000)
  eden space 15360K, 100% used [0x00000220d4780000,0x00000220d5680000,0x00000220d5680000)
  from space 3072K, 43% used [0x00000220d5680000,0x00000220d57d0f58,0x00000220d5980000)
  to   space 2048K, 0% used [0x00000220d5a00000,0x00000220d5a00000,0x00000220d5c00000)
 ParOldGen       total 68608K, used 42307K [0x0000020b7f200000, 0x0000020b83500000, 0x00000220d4780000)
  object space 68608K, 61% used [0x0000020b7f200000,0x0000020b81b50d58,0x0000020b83500000)
 Metaspace       used 42547K, committed 43264K, reserved 1114112K
  class space    used 4288K, committed 4608K, reserved 1048576K
}
Event: 11.185 GC heap after
{Heap after GC invocations=28 (full 2):
 PSYoungGen      total 16896K, used 1103K [0x00000220d4780000, 0x00000220d5b80000, 0x0000022b7f200000)
  eden space 15360K, 0% used [0x00000220d4780000,0x00000220d4780000,0x00000220d5680000)
  from space 1536K, 71% used [0x00000220d5a00000,0x00000220d5b13fc8,0x00000220d5b80000)
  to   space 1536K, 0% used [0x00000220d5880000,0x00000220d5880000,0x00000220d5a00000)
 ParOldGen       total 68608K, used 42526K [0x0000020b7f200000, 0x0000020b83500000, 0x00000220d4780000)
  object space 68608K, 61% used [0x0000020b7f200000,0x0000020b81b87860,0x0000020b83500000)
 Metaspace       used 42547K, committed 43264K, reserved 1114112K
  class space    used 4288K, committed 4608K, reserved 1048576K
}
Event: 11.396 GC heap before
{Heap before GC invocations=29 (full 2):
 PSYoungGen      total 16896K, used 16372K [0x00000220d4780000, 0x00000220d5b80000, 0x0000022b7f200000)
  eden space 15360K, 99% used [0x00000220d4780000,0x00000220d5669358,0x00000220d5680000)
  from space 1536K, 71% used [0x00000220d5a00000,0x00000220d5b13fc8,0x00000220d5b80000)
  to   space 1536K, 0% used [0x00000220d5880000,0x00000220d5880000,0x00000220d5a00000)
 ParOldGen       total 68608K, used 42690K [0x0000020b7f200000, 0x0000020b83500000, 0x00000220d4780000)
  object space 68608K, 62% used [0x0000020b7f200000,0x0000020b81bb0800,0x0000020b83500000)
 Metaspace       used 43909K, committed 44608K, reserved 1114112K
  class space    used 4436K, committed 4736K, reserved 1048576K
}
Event: 11.398 GC heap after
{Heap after GC invocations=29 (full 2):
 PSYoungGen      total 16896K, used 1035K [0x00000220d4780000, 0x00000220d5a80000, 0x0000022b7f200000)
  eden space 15360K, 0% used [0x00000220d4780000,0x00000220d4780000,0x00000220d5680000)
  from space 1536K, 67% used [0x00000220d5880000,0x00000220d5982ee0,0x00000220d5a00000)
  to   space 512K, 0% used [0x00000220d5a00000,0x00000220d5a00000,0x00000220d5a80000)
 ParOldGen       total 68608K, used 42706K [0x0000020b7f200000, 0x0000020b83500000, 0x00000220d4780000)
  object space 68608K, 62% used [0x0000020b7f200000,0x0000020b81bb4800,0x0000020b83500000)
 Metaspace       used 43909K, committed 44608K, reserved 1114112K
  class space    used 4436K, committed 4736K, reserved 1048576K
}

