# JRE version: OpenJDK Runtime Environment Temurin-17.0.10+7 (17.0.10+7) (build 17.0.10+7)
# Java VM: OpenJDK 64-Bit Server VM Temurin-17.0.10+7 (17.0.10+7, mixed mode, tiered, compressed class ptrs, parallel gc, windows-amd64)
GC Precious Log:
 CPUs: 12 total, 12 available
 Memory: 15724M
 Large Page Support: Disabled
 NUMA Support: Disabled
 Compressed Oops: Disabled
 Alignments: Space 512K, Generation 512K, Heap 2M
 Heap Min Capacity: 100M
 Heap Initial Capacity: 100M
 Heap Max Capacity: 128G
 Pre-touch: Disabled
 Parallel Workers: 10
Heap:
 PSYoungGen      total 26112K, used 13246K [0x0000023c7f580000, 0x0000023c81500000, 0x000002472a000000)
  eden space 24064K, 46% used [0x0000023c7f580000,0x0000023c80072418,0x0000023c80d00000)
  from space 2048K, 99% used [0x0000023c81280000,0x0000023c8147d798,0x0000023c81480000)
  to   space 4096K, 0% used [0x0000023c80d00000,0x0000023c80d00000,0x0000023c81100000)
 ParOldGen       total 68608K, used 14881K [0x000002272a000000, 0x000002272e300000, 0x0000023c7f580000)
  object space 68608K, 21% used [0x000002272a000000,0x000002272ae886c8,0x000002272e300000)
 Metaspace       used 30107K, committed 30656K, reserved 1114112K
  class space    used 2964K, committed 3200K, reserved 1048576K
GC Heap History (18 events):
Event: 0.780 GC heap before
{Heap before GC invocations=1 (full 0):
 PSYoungGen      total 29696K, used 25600K [0x0000023c7f580000, 0x0000023c81680000, 0x000002472a000000)
  eden space 25600K, 100% used [0x0000023c7f580000,0x0000023c80e80000,0x0000023c80e80000)
  from space 4096K, 0% used [0x0000023c81280000,0x0000023c81280000,0x0000023c81680000)
  to   space 4096K, 0% used [0x0000023c80e80000,0x0000023c80e80000,0x0000023c81280000)
 ParOldGen       total 68608K, used 0K [0x000002272a000000, 0x000002272e300000, 0x0000023c7f580000)
  object space 68608K, 0% used [0x000002272a000000,0x000002272a000000,0x000002272e300000)
 Metaspace       used 10368K, committed 10496K, reserved 1114112K
  class space    used 1028K, committed 1088K, reserved 1048576K
}
Event: 0.784 GC heap after
{Heap after GC invocations=1 (full 0):
 PSYoungGen      total 29696K, used 3828K [0x0000023c7f580000, 0x0000023c81680000, 0x000002472a000000)
  eden space 25600K, 0% used [0x0000023c7f580000,0x0000023c7f580000,0x0000023c80e80000)
  from space 4096K, 93% used [0x0000023c80e80000,0x0000023c8123d298,0x0000023c81280000)
  to   space 4096K, 0% used [0x0000023c81280000,0x0000023c81280000,0x0000023c81680000)
 ParOldGen       total 68608K, used 16K [0x000002272a000000, 0x000002272e300000, 0x0000023c7f580000)
  object space 68608K, 0% used [0x000002272a000000,0x000002272a004000,0x000002272e300000)
 Metaspace       used 10368K, committed 10496K, reserved 1114112K
  class space    used 1028K, committed 1088K, reserved 1048576K
}
Event: 1.090 GC heap before
{Heap before GC invocations=2 (full 0):
 PSYoungGen      total 29696K, used 29428K [0x0000023c7f580000, 0x0000023c81680000, 0x000002472a000000)
  eden space 25600K, 100% used [0x0000023c7f580000,0x0000023c80e80000,0x0000023c80e80000)
  from space 4096K, 93% used [0x0000023c80e80000,0x0000023c8123d298,0x0000023c81280000)
  to   space 4096K, 0% used [0x0000023c81280000,0x0000023c81280000,0x0000023c81680000)
 ParOldGen       total 68608K, used 16K [0x000002272a000000, 0x000002272e300000, 0x0000023c7f580000)
  object space 68608K, 0% used [0x000002272a000000,0x000002272a004000,0x000002272e300000)
 Metaspace       used 13819K, committed 14016K, reserved 1114112K
  class space    used 1367K, committed 1472K, reserved 1048576K
}
Event: 1.095 GC heap after
{Heap after GC invocations=2 (full 0):
 PSYoungGen      total 29696K, used 4083K [0x0000023c7f580000, 0x0000023c81680000, 0x000002472a000000)
  eden space 25600K, 0% used [0x0000023c7f580000,0x0000023c7f580000,0x0000023c80e80000)
  from space 4096K, 99% used [0x0000023c81280000,0x0000023c8167cf48,0x0000023c81680000)
  to   space 4096K, 0% used [0x0000023c80e80000,0x0000023c80e80000,0x0000023c81280000)
 ParOldGen       total 68608K, used 2920K [0x000002272a000000, 0x000002272e300000, 0x0000023c7f580000)
  object space 68608K, 4% used [0x000002272a000000,0x000002272a2da398,0x000002272e300000)
 Metaspace       used 13819K, committed 14016K, reserved 1114112K
  class space    used 1367K, committed 1472K, reserved 1048576K
}
Event: 1.478 GC heap before
{Heap before GC invocations=3 (full 0):
 PSYoungGen      total 29696K, used 29683K [0x0000023c7f580000, 0x0000023c81680000, 0x000002472a000000)
  eden space 25600K, 100% used [0x0000023c7f580000,0x0000023c80e80000,0x0000023c80e80000)
  from space 4096K, 99% used [0x0000023c81280000,0x0000023c8167cf48,0x0000023c81680000)
  to   space 4096K, 0% used [0x0000023c80e80000,0x0000023c80e80000,0x0000023c81280000)
 ParOldGen       total 68608K, used 2920K [0x000002272a000000, 0x000002272e300000, 0x0000023c7f580000)
  object space 68608K, 4% used [0x000002272a000000,0x000002272a2da398,0x000002272e300000)
 Metaspace       used 15798K, committed 16000K, reserved 1114112K
  class space    used 1591K, committed 1664K, reserved 1048576K
}
Event: 1.483 GC heap after
{Heap after GC invocations=3 (full 0):
 PSYoungGen      total 29696K, used 4066K [0x0000023c7f580000, 0x0000023c81680000, 0x000002472a000000)
  eden space 25600K, 0% used [0x0000023c7f580000,0x0000023c7f580000,0x0000023c80e80000)
  from space 4096K, 99% used [0x0000023c80e80000,0x0000023c81278868,0x0000023c81280000)
  to   space 4096K, 0% used [0x0000023c81280000,0x0000023c81280000,0x0000023c81680000)
 ParOldGen       total 68608K, used 7142K [0x000002272a000000, 0x000002272e300000, 0x0000023c7f580000)
  object space 68608K, 10% used [0x000002272a000000,0x000002272a6f98a8,0x000002272e300000)
 Metaspace       used 15798K, committed 16000K, reserved 1114112K
  class space    used 1591K, committed 1664K, reserved 1048576K
}
Event: 1.828 GC heap before
{Heap before GC invocations=4 (full 0):
 PSYoungGen      total 29696K, used 29666K [0x0000023c7f580000, 0x0000023c81680000, 0x000002472a000000)
  eden space 25600K, 100% used [0x0000023c7f580000,0x0000023c80e80000,0x0000023c80e80000)
  from space 4096K, 99% used [0x0000023c80e80000,0x0000023c81278868,0x0000023c81280000)
  to   space 4096K, 0% used [0x0000023c81280000,0x0000023c81280000,0x0000023c81680000)
 ParOldGen       total 68608K, used 7142K [0x000002272a000000, 0x000002272e300000, 0x0000023c7f580000)
  object space 68608K, 10% used [0x000002272a000000,0x000002272a6f98a8,0x000002272e300000)
 Metaspace       used 18638K, committed 19008K, reserved 1114112K
  class space    used 1890K, committed 2048K, reserved 1048576K
}
Event: 1.831 GC heap after
{Heap after GC invocations=4 (full 0):
 PSYoungGen      total 29696K, used 4085K [0x0000023c7f580000, 0x0000023c81680000, 0x000002472a000000)
  eden space 25600K, 0% used [0x0000023c7f580000,0x0000023c7f580000,0x0000023c80e80000)
  from space 4096K, 99% used [0x0000023c81280000,0x0000023c8167d528,0x0000023c81680000)
  to   space 4096K, 0% used [0x0000023c80e80000,0x0000023c80e80000,0x0000023c81280000)
 ParOldGen       total 68608K, used 8974K [0x000002272a000000, 0x000002272e300000, 0x0000023c7f580000)
  object space 68608K, 13% used [0x000002272a000000,0x000002272a8c3838,0x000002272e300000)
 Metaspace       used 18638K, committed 19008K, reserved 1114112K
  class space    used 1890K, committed 2048K, reserved 1048576K
}
Event: 2.005 GC heap before
{Heap before GC invocations=5 (full 0):
 PSYoungGen      total 29696K, used 24552K [0x0000023c7f580000, 0x0000023c81680000, 0x000002472a000000)
  eden space 25600K, 79% used [0x0000023c7f580000,0x0000023c8097cb68,0x0000023c80e80000)
  from space 4096K, 99% used [0x0000023c81280000,0x0000023c8167d528,0x0000023c81680000)
  to   space 4096K, 0% used [0x0000023c80e80000,0x0000023c80e80000,0x0000023c81280000)
 ParOldGen       total 68608K, used 8974K [0x000002272a000000, 0x000002272e300000, 0x0000023c7f580000)
  object space 68608K, 13% used [0x000002272a000000,0x000002272a8c3838,0x000002272e300000)
 Metaspace       used 21139K, committed 21504K, reserved 1114112K
  class space    used 2130K, committed 2304K, reserved 1048576K
}
Event: 2.007 GC heap after
{Heap after GC invocations=5 (full 0):
 PSYoungGen      total 29696K, used 4087K [0x0000023c7f580000, 0x0000023c81980000, 0x000002472a000000)
  eden space 25600K, 0% used [0x0000023c7f580000,0x0000023c7f580000,0x0000023c80e80000)
  from space 4096K, 99% used [0x0000023c80e80000,0x0000023c8127de80,0x0000023c81280000)
  to   space 5632K, 0% used [0x0000023c81400000,0x0000023c81400000,0x0000023c81980000)
 ParOldGen       total 68608K, used 9853K [0x000002272a000000, 0x000002272e300000, 0x0000023c7f580000)
  object space 68608K, 14% used [0x000002272a000000,0x000002272a99f438,0x000002272e300000)
 Metaspace       used 21139K, committed 21504K, reserved 1114112K
  class space    used 2130K, committed 2304K, reserved 1048576K
}
Event: 2.007 GC heap before
{Heap before GC invocations=6 (full 1):
 PSYoungGen      total 29696K, used 4087K [0x0000023c7f580000, 0x0000023c81980000, 0x000002472a000000)
  eden space 25600K, 0% used [0x0000023c7f580000,0x0000023c7f580000,0x0000023c80e80000)
  from space 4096K, 99% used [0x0000023c80e80000,0x0000023c8127de80,0x0000023c81280000)
  to   space 5632K, 0% used [0x0000023c81400000,0x0000023c81400000,0x0000023c81980000)
 ParOldGen       total 68608K, used 9853K [0x000002272a000000, 0x000002272e300000, 0x0000023c7f580000)
  object space 68608K, 14% used [0x000002272a000000,0x000002272a99f438,0x000002272e300000)
 Metaspace       used 21139K, committed 21504K, reserved 1114112K
  class space    used 2130K, committed 2304K, reserved 1048576K
}
Event: 2.022 GC heap after
{Heap after GC invocations=6 (full 1):
 PSYoungGen      total 29696K, used 0K [0x0000023c7f580000, 0x0000023c81980000, 0x000002472a000000)
  eden space 25600K, 0% used [0x0000023c7f580000,0x0000023c7f580000,0x0000023c80e80000)
  from space 4096K, 0% used [0x0000023c80e80000,0x0000023c80e80000,0x0000023c81280000)
  to   space 5632K, 0% used [0x0000023c81400000,0x0000023c81400000,0x0000023c81980000)
 ParOldGen       total 68608K, used 13084K [0x000002272a000000, 0x000002272e300000, 0x0000023c7f580000)
  object space 68608K, 19% used [0x000002272a000000,0x000002272acc70d0,0x000002272e300000)
 Metaspace       used 21139K, committed 21504K, reserved 1114112K
  class space    used 2130K, committed 2304K, reserved 1048576K
}
Event: 2.259 GC heap before
{Heap before GC invocations=7 (full 1):
 PSYoungGen      total 29696K, used 25600K [0x0000023c7f580000, 0x0000023c81980000, 0x000002472a000000)
  eden space 25600K, 100% used [0x0000023c7f580000,0x0000023c80e80000,0x0000023c80e80000)
  from space 4096K, 0% used [0x0000023c80e80000,0x0000023c80e80000,0x0000023c81280000)
  to   space 5632K, 0% used [0x0000023c81400000,0x0000023c81400000,0x0000023c81980000)
 ParOldGen       total 68608K, used 13084K [0x000002272a000000, 0x000002272e300000, 0x0000023c7f580000)
  object space 68608K, 19% used [0x000002272a000000,0x000002272acc70d0,0x000002272e300000)
 Metaspace       used 24116K, committed 24640K, reserved 1114112K
  class space    used 2453K, committed 2688K, reserved 1048576K
}
Event: 2.261 GC heap after
{Heap after GC invocations=7 (full 1):
 PSYoungGen      total 26624K, used 1472K [0x0000023c7f580000, 0x0000023c81580000, 0x000002472a000000)
  eden space 25088K, 0% used [0x0000023c7f580000,0x0000023c7f580000,0x0000023c80e00000)
  from space 1536K, 95% used [0x0000023c81400000,0x0000023c815702a0,0x0000023c81580000)
  to   space 3072K, 0% used [0x0000023c80f80000,0x0000023c80f80000,0x0000023c81280000)
 ParOldGen       total 68608K, used 13092K [0x000002272a000000, 0x000002272e300000, 0x0000023c7f580000)
  object space 68608K, 19% used [0x000002272a000000,0x000002272acc90d0,0x000002272e300000)
 Metaspace       used 24116K, committed 24640K, reserved 1114112K
  class space    used 2453K, committed 2688K, reserved 1048576K
}
Event: 2.444 GC heap before
{Heap before GC invocations=8 (full 1):
 PSYoungGen      total 26624K, used 26560K [0x0000023c7f580000, 0x0000023c81580000, 0x000002472a000000)
  eden space 25088K, 100% used [0x0000023c7f580000,0x0000023c80e00000,0x0000023c80e00000)
  from space 1536K, 95% used [0x0000023c81400000,0x0000023c815702a0,0x0000023c81580000)
  to   space 3072K, 0% used [0x0000023c80f80000,0x0000023c80f80000,0x0000023c81280000)
 ParOldGen       total 68608K, used 13092K [0x000002272a000000, 0x000002272e300000, 0x0000023c7f580000)
  object space 68608K, 19% used [0x000002272a000000,0x000002272acc90d0,0x000002272e300000)
 Metaspace       used 26486K, committed 27008K, reserved 1114112K
  class space    used 2716K, committed 2944K, reserved 1048576K
}
Event: 2.445 GC heap after
{Heap after GC invocations=8 (full 1):
 PSYoungGen      total 27648K, used 3057K [0x0000023c7f580000, 0x0000023c81480000, 0x000002472a000000)
  eden space 24576K, 0% used [0x0000023c7f580000,0x0000023c7f580000,0x0000023c80d80000)
  from space 3072K, 99% used [0x0000023c80f80000,0x0000023c8127c5f0,0x0000023c81280000)
  to   space 2048K, 0% used [0x0000023c81280000,0x0000023c81280000,0x0000023c81480000)
 ParOldGen       total 68608K, used 13268K [0x000002272a000000, 0x000002272e300000, 0x0000023c7f580000)
  object space 68608K, 19% used [0x000002272a000000,0x000002272acf50d0,0x000002272e300000)
 Metaspace       used 26486K, committed 27008K, reserved 1114112K
  class space    used 2716K, committed 2944K, reserved 1048576K
}
Event: 2.546 GC heap before
{Heap before GC invocations=9 (full 1):
 PSYoungGen      total 27648K, used 27633K [0x0000023c7f580000, 0x0000023c81480000, 0x000002472a000000)
  eden space 24576K, 100% used [0x0000023c7f580000,0x0000023c80d80000,0x0000023c80d80000)
  from space 3072K, 99% used [0x0000023c80f80000,0x0000023c8127c5f0,0x0000023c81280000)
  to   space 2048K, 0% used [0x0000023c81280000,0x0000023c81280000,0x0000023c81480000)
 ParOldGen       total 68608K, used 13268K [0x000002272a000000, 0x000002272e300000, 0x0000023c7f580000)
  object space 68608K, 19% used [0x000002272a000000,0x000002272acf50d0,0x000002272e300000)
 Metaspace       used 28311K, committed 28864K, reserved 1114112K
  class space    used 2861K, committed 3072K, reserved 1048576K
}
Event: 2.547 GC heap after
{Heap after GC invocations=9 (full 1):
 PSYoungGen      total 26112K, used 2037K [0x0000023c7f580000, 0x0000023c81500000, 0x000002472a000000)
  eden space 24064K, 0% used [0x0000023c7f580000,0x0000023c7f580000,0x0000023c80d00000)
  from space 2048K, 99% used [0x0000023c81280000,0x0000023c8147d798,0x0000023c81480000)
  to   space 4096K, 0% used [0x0000023c80d00000,0x0000023c80d00000,0x0000023c81100000)
 ParOldGen       total 68608K, used 14881K [0x000002272a000000, 0x000002272e300000, 0x0000023c7f580000)
  object space 68608K, 21% used [0x000002272a000000,0x000002272ae886c8,0x000002272e300000)
 Metaspace       used 28311K, committed 28864K, reserved 1114112K
  class space    used 2861K, committed 3072K, reserved 1048576K
}

