# JRE version: OpenJDK Runtime Environment Temurin-17.0.10+7 (17.0.10+7) (build 17.0.10+7)
# Java VM: OpenJDK 64-Bit Server VM Temurin-17.0.10+7 (17.0.10+7, mixed mode, tiered, compressed class ptrs, parallel gc, windows-amd64)
GC Precious Log:
 CPUs: 12 total, 12 available
 Memory: 15724M
 Large Page Support: Disabled
 NUMA Support: Disabled
 Compressed Oops: Disabled
 Alignments: Space 512K, Generation 512K, Heap 2M
 Heap Min Capacity: 100M
 Heap Initial Capacity: 100M
 Heap Max Capacity: 128G
 Pre-touch: Disabled
 Parallel Workers: 10
Heap:
 PSYoungGen      total 23552K, used 22457K [0x000001dcd3980000, 0x000001dcd5500000, 0x000001e77e400000)
  eden space 22016K, 95% used [0x000001dcd3980000,0x000001dcd4df4fb8,0x000001dcd4f00000)
  from space 1536K, 98% used [0x000001dcd5280000,0x000001dcd53f9470,0x000001dcd5400000)
  to   space 3072K, 0% used [0x000001dcd4f00000,0x000001dcd4f00000,0x000001dcd5200000)
 ParOldGen       total 68608K, used 25222K [0x000001c77e400000, 0x000001c782700000, 0x000001dcd3980000)
  object space 68608K, 36% used [0x000001c77e400000,0x000001c77fca1910,0x000001c782700000)
 Metaspace       used 50425K, committed 51392K, reserved 1114112K
  class space    used 5437K, committed 5824K, reserved 1048576K
GC Heap History (20 events):
Event: 4.355 GC heap before
{Heap before GC invocations=11 (full 1):
 PSYoungGen      total 25600K, used 25526K [0x000001dcd3980000, 0x000001dcd5780000, 0x000001e77e400000)
  eden space 23552K, 99% used [0x000001dcd3980000,0x000001dcd507c308,0x000001dcd5080000)
  from space 2048K, 97% used [0x000001dcd5180000,0x000001dcd5371600,0x000001dcd5380000)
  to   space 3072K, 0% used [0x000001dcd5480000,0x000001dcd5480000,0x000001dcd5780000)
 ParOldGen       total 68608K, used 15182K [0x000001c77e400000, 0x000001c782700000, 0x000001dcd3980000)
  object space 68608K, 22% used [0x000001c77e400000,0x000001c77f2d39c0,0x000001c782700000)
 Metaspace       used 32118K, committed 32704K, reserved 1114112K
  class space    used 3124K, committed 3392K, reserved 1048576K
}
Event: 4.358 GC heap after
{Heap after GC invocations=11 (full 1):
 PSYoungGen      total 25600K, used 2326K [0x000001dcd3980000, 0x000001dcd5700000, 0x000001e77e400000)
  eden space 23040K, 0% used [0x000001dcd3980000,0x000001dcd3980000,0x000001dcd5000000)
  from space 2560K, 90% used [0x000001dcd5480000,0x000001dcd56c5b40,0x000001dcd5700000)
  to   space 2560K, 0% used [0x000001dcd5200000,0x000001dcd5200000,0x000001dcd5480000)
 ParOldGen       total 68608K, used 18488K [0x000001c77e400000, 0x000001c782700000, 0x000001dcd3980000)
  object space 68608K, 26% used [0x000001c77e400000,0x000001c77f60e208,0x000001c782700000)
 Metaspace       used 32118K, committed 32704K, reserved 1114112K
  class space    used 3124K, committed 3392K, reserved 1048576K
}
Event: 4.736 GC heap before
{Heap before GC invocations=12 (full 1):
 PSYoungGen      total 25600K, used 25366K [0x000001dcd3980000, 0x000001dcd5700000, 0x000001e77e400000)
  eden space 23040K, 100% used [0x000001dcd3980000,0x000001dcd5000000,0x000001dcd5000000)
  from space 2560K, 90% used [0x000001dcd5480000,0x000001dcd56c5b40,0x000001dcd5700000)
  to   space 2560K, 0% used [0x000001dcd5200000,0x000001dcd5200000,0x000001dcd5480000)
 ParOldGen       total 68608K, used 18488K [0x000001c77e400000, 0x000001c782700000, 0x000001dcd3980000)
  object space 68608K, 26% used [0x000001c77e400000,0x000001c77f60e208,0x000001c782700000)
 Metaspace       used 34986K, committed 35712K, reserved 1114112K
  class space    used 3411K, committed 3712K, reserved 1048576K
}
Event: 4.738 GC heap after
{Heap after GC invocations=12 (full 1):
 PSYoungGen      total 24576K, used 1565K [0x000001dcd3980000, 0x000001dcd5500000, 0x000001e77e400000)
  eden space 22528K, 0% used [0x000001dcd3980000,0x000001dcd3980000,0x000001dcd4f80000)
  from space 2048K, 76% used [0x000001dcd5200000,0x000001dcd53876a0,0x000001dcd5400000)
  to   space 1024K, 0% used [0x000001dcd5400000,0x000001dcd5400000,0x000001dcd5500000)
 ParOldGen       total 68608K, used 20565K [0x000001c77e400000, 0x000001c782700000, 0x000001dcd3980000)
  object space 68608K, 29% used [0x000001c77e400000,0x000001c77f815480,0x000001c782700000)
 Metaspace       used 34986K, committed 35712K, reserved 1114112K
  class space    used 3411K, committed 3712K, reserved 1048576K
}
Event: 4.771 GC heap before
{Heap before GC invocations=13 (full 1):
 PSYoungGen      total 24576K, used 3817K [0x000001dcd3980000, 0x000001dcd5500000, 0x000001e77e400000)
  eden space 22528K, 9% used [0x000001dcd3980000,0x000001dcd3bb2d90,0x000001dcd4f80000)
  from space 2048K, 76% used [0x000001dcd5200000,0x000001dcd53876a0,0x000001dcd5400000)
  to   space 1024K, 0% used [0x000001dcd5400000,0x000001dcd5400000,0x000001dcd5500000)
 ParOldGen       total 68608K, used 20565K [0x000001c77e400000, 0x000001c782700000, 0x000001dcd3980000)
  object space 68608K, 29% used [0x000001c77e400000,0x000001c77f815480,0x000001c782700000)
 Metaspace       used 35183K, committed 35840K, reserved 1114112K
  class space    used 3437K, committed 3712K, reserved 1048576K
}
Event: 4.772 GC heap after
{Heap after GC invocations=13 (full 1):
 PSYoungGen      total 23040K, used 288K [0x000001dcd3980000, 0x000001dcd5480000, 0x000001e77e400000)
  eden space 22528K, 0% used [0x000001dcd3980000,0x000001dcd3980000,0x000001dcd4f80000)
  from space 512K, 56% used [0x000001dcd5400000,0x000001dcd5448000,0x000001dcd5480000)
  to   space 1024K, 0% used [0x000001dcd5280000,0x000001dcd5280000,0x000001dcd5380000)
 ParOldGen       total 68608K, used 21962K [0x000001c77e400000, 0x000001c782700000, 0x000001dcd3980000)
  object space 68608K, 32% used [0x000001c77e400000,0x000001c77f972bd8,0x000001c782700000)
 Metaspace       used 35183K, committed 35840K, reserved 1114112K
  class space    used 3437K, committed 3712K, reserved 1048576K
}
Event: 4.772 GC heap before
{Heap before GC invocations=14 (full 2):
 PSYoungGen      total 23040K, used 288K [0x000001dcd3980000, 0x000001dcd5480000, 0x000001e77e400000)
  eden space 22528K, 0% used [0x000001dcd3980000,0x000001dcd3980000,0x000001dcd4f80000)
  from space 512K, 56% used [0x000001dcd5400000,0x000001dcd5448000,0x000001dcd5480000)
  to   space 1024K, 0% used [0x000001dcd5280000,0x000001dcd5280000,0x000001dcd5380000)
 ParOldGen       total 68608K, used 21962K [0x000001c77e400000, 0x000001c782700000, 0x000001dcd3980000)
  object space 68608K, 32% used [0x000001c77e400000,0x000001c77f972bd8,0x000001c782700000)
 Metaspace       used 35183K, committed 35840K, reserved 1114112K
  class space    used 3437K, committed 3712K, reserved 1048576K
}
Event: 4.800 GC heap after
{Heap after GC invocations=14 (full 2):
 PSYoungGen      total 23040K, used 0K [0x000001dcd3980000, 0x000001dcd5480000, 0x000001e77e400000)
  eden space 22528K, 0% used [0x000001dcd3980000,0x000001dcd3980000,0x000001dcd4f80000)
  from space 512K, 0% used [0x000001dcd5400000,0x000001dcd5400000,0x000001dcd5480000)
  to   space 1024K, 0% used [0x000001dcd5280000,0x000001dcd5280000,0x000001dcd5380000)
 ParOldGen       total 68608K, used 20238K [0x000001c77e400000, 0x000001c782700000, 0x000001dcd3980000)
  object space 68608K, 29% used [0x000001c77e400000,0x000001c77f7c38a0,0x000001c782700000)
 Metaspace       used 35170K, committed 35840K, reserved 1114112K
  class space    used 3433K, committed 3712K, reserved 1048576K
}
Event: 5.095 GC heap before
{Heap before GC invocations=15 (full 2):
 PSYoungGen      total 23040K, used 22521K [0x000001dcd3980000, 0x000001dcd5480000, 0x000001e77e400000)
  eden space 22528K, 99% used [0x000001dcd3980000,0x000001dcd4f7e510,0x000001dcd4f80000)
  from space 512K, 0% used [0x000001dcd5400000,0x000001dcd5400000,0x000001dcd5480000)
  to   space 1024K, 0% used [0x000001dcd5280000,0x000001dcd5280000,0x000001dcd5380000)
 ParOldGen       total 68608K, used 20238K [0x000001c77e400000, 0x000001c782700000, 0x000001dcd3980000)
  object space 68608K, 29% used [0x000001c77e400000,0x000001c77f7c38a0,0x000001c782700000)
 Metaspace       used 37969K, committed 38912K, reserved 1114112K
  class space    used 3755K, committed 4096K, reserved 1048576K
}
Event: 5.096 GC heap after
{Heap after GC invocations=15 (full 2):
 PSYoungGen      total 23040K, used 1022K [0x000001dcd3980000, 0x000001dcd5480000, 0x000001e77e400000)
  eden space 22016K, 0% used [0x000001dcd3980000,0x000001dcd3980000,0x000001dcd4f00000)
  from space 1024K, 99% used [0x000001dcd5280000,0x000001dcd537f800,0x000001dcd5380000)
  to   space 1024K, 0% used [0x000001dcd5380000,0x000001dcd5380000,0x000001dcd5480000)
 ParOldGen       total 68608K, used 20750K [0x000001c77e400000, 0x000001c782700000, 0x000001dcd3980000)
  object space 68608K, 30% used [0x000001c77e400000,0x000001c77f8438d0,0x000001c782700000)
 Metaspace       used 37969K, committed 38912K, reserved 1114112K
  class space    used 3755K, committed 4096K, reserved 1048576K
}
Event: 5.201 GC heap before
{Heap before GC invocations=16 (full 2):
 PSYoungGen      total 23040K, used 23038K [0x000001dcd3980000, 0x000001dcd5480000, 0x000001e77e400000)
  eden space 22016K, 100% used [0x000001dcd3980000,0x000001dcd4f00000,0x000001dcd4f00000)
  from space 1024K, 99% used [0x000001dcd5280000,0x000001dcd537f800,0x000001dcd5380000)
  to   space 1024K, 0% used [0x000001dcd5380000,0x000001dcd5380000,0x000001dcd5480000)
 ParOldGen       total 68608K, used 20750K [0x000001c77e400000, 0x000001c782700000, 0x000001dcd3980000)
  object space 68608K, 30% used [0x000001c77e400000,0x000001c77f8438d0,0x000001c782700000)
 Metaspace       used 40511K, committed 41472K, reserved 1114112K
  class space    used 4111K, committed 4544K, reserved 1048576K
}
Event: 5.202 GC heap after
{Heap after GC invocations=16 (full 2):
 PSYoungGen      total 23040K, used 672K [0x000001dcd3980000, 0x000001dcd5480000, 0x000001e77e400000)
  eden space 22016K, 0% used [0x000001dcd3980000,0x000001dcd3980000,0x000001dcd4f00000)
  from space 1024K, 65% used [0x000001dcd5380000,0x000001dcd5428000,0x000001dcd5480000)
  to   space 1024K, 0% used [0x000001dcd5280000,0x000001dcd5280000,0x000001dcd5380000)
 ParOldGen       total 68608K, used 21733K [0x000001c77e400000, 0x000001c782700000, 0x000001dcd3980000)
  object space 68608K, 31% used [0x000001c77e400000,0x000001c77f9395e0,0x000001c782700000)
 Metaspace       used 40511K, committed 41472K, reserved 1114112K
  class space    used 4111K, committed 4544K, reserved 1048576K
}
Event: 5.372 GC heap before
{Heap before GC invocations=17 (full 2):
 PSYoungGen      total 23040K, used 22688K [0x000001dcd3980000, 0x000001dcd5480000, 0x000001e77e400000)
  eden space 22016K, 100% used [0x000001dcd3980000,0x000001dcd4f00000,0x000001dcd4f00000)
  from space 1024K, 65% used [0x000001dcd5380000,0x000001dcd5428000,0x000001dcd5480000)
  to   space 1024K, 0% used [0x000001dcd5280000,0x000001dcd5280000,0x000001dcd5380000)
 ParOldGen       total 68608K, used 21733K [0x000001c77e400000, 0x000001c782700000, 0x000001dcd3980000)
  object space 68608K, 31% used [0x000001c77e400000,0x000001c77f9395e0,0x000001c782700000)
 Metaspace       used 42565K, committed 43456K, reserved 1114112K
  class space    used 4398K, committed 4800K, reserved 1048576K
}
Event: 5.375 GC heap after
{Heap after GC invocations=17 (full 2):
 PSYoungGen      total 23040K, used 1005K [0x000001dcd3980000, 0x000001dcd5400000, 0x000001e77e400000)
  eden space 22016K, 0% used [0x000001dcd3980000,0x000001dcd3980000,0x000001dcd4f00000)
  from space 1024K, 98% used [0x000001dcd5280000,0x000001dcd537b668,0x000001dcd5380000)
  to   space 512K, 0% used [0x000001dcd5380000,0x000001dcd5380000,0x000001dcd5400000)
 ParOldGen       total 68608K, used 22477K [0x000001c77e400000, 0x000001c782700000, 0x000001dcd3980000)
  object space 68608K, 32% used [0x000001c77e400000,0x000001c77f9f35e0,0x000001c782700000)
 Metaspace       used 42565K, committed 43456K, reserved 1114112K
  class space    used 4398K, committed 4800K, reserved 1048576K
}
Event: 5.681 GC heap before
{Heap before GC invocations=18 (full 2):
 PSYoungGen      total 23040K, used 23021K [0x000001dcd3980000, 0x000001dcd5400000, 0x000001e77e400000)
  eden space 22016K, 100% used [0x000001dcd3980000,0x000001dcd4f00000,0x000001dcd4f00000)
  from space 1024K, 98% used [0x000001dcd5280000,0x000001dcd537b668,0x000001dcd5380000)
  to   space 512K, 0% used [0x000001dcd5380000,0x000001dcd5380000,0x000001dcd5400000)
 ParOldGen       total 68608K, used 22477K [0x000001c77e400000, 0x000001c782700000, 0x000001dcd3980000)
  object space 68608K, 32% used [0x000001c77e400000,0x000001c77f9f35e0,0x000001c782700000)
 Metaspace       used 43926K, committed 44864K, reserved 1114112K
  class space    used 4576K, committed 4992K, reserved 1048576K
}
Event: 5.683 GC heap after
{Heap after GC invocations=18 (full 2):
 PSYoungGen      total 22528K, used 512K [0x000001dcd3980000, 0x000001dcd5400000, 0x000001e77e400000)
  eden space 22016K, 0% used [0x000001dcd3980000,0x000001dcd3980000,0x000001dcd4f00000)
  from space 512K, 100% used [0x000001dcd5380000,0x000001dcd5400000,0x000001dcd5400000)
  to   space 2048K, 0% used [0x000001dcd5000000,0x000001dcd5000000,0x000001dcd5200000)
 ParOldGen       total 68608K, used 23479K [0x000001c77e400000, 0x000001c782700000, 0x000001dcd3980000)
  object space 68608K, 34% used [0x000001c77e400000,0x000001c77faedcd8,0x000001c782700000)
 Metaspace       used 43926K, committed 44864K, reserved 1114112K
  class space    used 4576K, committed 4992K, reserved 1048576K
}
Event: 5.891 GC heap before
{Heap before GC invocations=19 (full 2):
 PSYoungGen      total 22528K, used 22528K [0x000001dcd3980000, 0x000001dcd5400000, 0x000001e77e400000)
  eden space 22016K, 100% used [0x000001dcd3980000,0x000001dcd4f00000,0x000001dcd4f00000)
  from space 512K, 100% used [0x000001dcd5380000,0x000001dcd5400000,0x000001dcd5400000)
  to   space 2048K, 0% used [0x000001dcd5000000,0x000001dcd5000000,0x000001dcd5200000)
 ParOldGen       total 68608K, used 23479K [0x000001c77e400000, 0x000001c782700000, 0x000001dcd3980000)
  object space 68608K, 34% used [0x000001c77e400000,0x000001c77faedcd8,0x000001c782700000)
 Metaspace       used 46188K, committed 47104K, reserved 1114112K
  class space    used 4868K, committed 5248K, reserved 1048576K
}
Event: 5.892 GC heap after
{Heap after GC invocations=19 (full 2):
 PSYoungGen      total 24064K, used 1152K [0x000001dcd3980000, 0x000001dcd5400000, 0x000001e77e400000)
  eden space 22016K, 0% used [0x000001dcd3980000,0x000001dcd3980000,0x000001dcd4f00000)
  from space 2048K, 56% used [0x000001dcd5000000,0x000001dcd5120000,0x000001dcd5200000)
  to   space 1536K, 0% used [0x000001dcd5280000,0x000001dcd5280000,0x000001dcd5400000)
 ParOldGen       total 68608K, used 24015K [0x000001c77e400000, 0x000001c782700000, 0x000001dcd3980000)
  object space 68608K, 35% used [0x000001c77e400000,0x000001c77fb73f08,0x000001c782700000)
 Metaspace       used 46188K, committed 47104K, reserved 1114112K
  class space    used 4868K, committed 5248K, reserved 1048576K
}
Event: 6.112 GC heap before
{Heap before GC invocations=20 (full 2):
 PSYoungGen      total 24064K, used 23168K [0x000001dcd3980000, 0x000001dcd5400000, 0x000001e77e400000)
  eden space 22016K, 100% used [0x000001dcd3980000,0x000001dcd4f00000,0x000001dcd4f00000)
  from space 2048K, 56% used [0x000001dcd5000000,0x000001dcd5120000,0x000001dcd5200000)
  to   space 1536K, 0% used [0x000001dcd5280000,0x000001dcd5280000,0x000001dcd5400000)
 ParOldGen       total 68608K, used 24015K [0x000001c77e400000, 0x000001c782700000, 0x000001dcd3980000)
  object space 68608K, 35% used [0x000001c77e400000,0x000001c77fb73f08,0x000001c782700000)
 Metaspace       used 48395K, committed 49344K, reserved 1114112K
  class space    used 5170K, committed 5568K, reserved 1048576K
}
Event: 6.113 GC heap after
{Heap after GC invocations=20 (full 2):
 PSYoungGen      total 23552K, used 1509K [0x000001dcd3980000, 0x000001dcd5500000, 0x000001e77e400000)
  eden space 22016K, 0% used [0x000001dcd3980000,0x000001dcd3980000,0x000001dcd4f00000)
  from space 1536K, 98% used [0x000001dcd5280000,0x000001dcd53f9470,0x000001dcd5400000)
  to   space 3072K, 0% used [0x000001dcd4f00000,0x000001dcd4f00000,0x000001dcd5200000)
 ParOldGen       total 68608K, used 25222K [0x000001c77e400000, 0x000001c782700000, 0x000001dcd3980000)
  object space 68608K, 36% used [0x000001c77e400000,0x000001c77fca1910,0x000001c782700000)
 Metaspace       used 48395K, committed 49344K, reserved 1114112K
  class space    used 5170K, committed 5568K, reserved 1048576K
}

