# JRE version: OpenJDK Runtime Environment Temurin-17.0.10+7 (17.0.10+7) (build 17.0.10+7)
# Java VM: OpenJDK 64-Bit Server VM Temurin-17.0.10+7 (17.0.10+7, mixed mode, tiered, compressed class ptrs, parallel gc, windows-amd64)
GC Precious Log:
 CPUs: 12 total, 12 available
 Memory: 15724M
 Large Page Support: Disabled
 NUMA Support: Disabled
 Compressed Oops: Disabled
 Alignments: Space 512K, Generation 512K, Heap 2M
 Heap Min Capacity: 100M
 Heap Initial Capacity: 100M
 Heap Max Capacity: 128G
 Pre-touch: Disabled
 Parallel Workers: 10
Heap:
 PSYoungGen      total 21504K, used 4308K [0x0000024c32b80000, 0x0000024c34400000, 0x00000256dd600000)
  eden space 19456K, 19% used [0x0000024c32b80000,0x0000024c32f252a8,0x0000024c33e80000)
  from space 2048K, 28% used [0x0000024c34080000,0x0000024c34110010,0x0000024c34280000)
  to   space 1024K, 0% used [0x0000024c34300000,0x0000024c34300000,0x0000024c34400000)
 ParOldGen       total 68608K, used 51189K [0x00000236dd600000, 0x00000236e1900000, 0x0000024c32b80000)
  object space 68608K, 74% used [0x00000236dd600000,0x00000236e07fd790,0x00000236e1900000)
 Metaspace       used 58707K, committed 59776K, reserved 1114112K
  class space    used 6312K, committed 6784K, reserved 1048576K
GC Heap History (20 events):
Event: 9.737 GC heap before
{Heap before GC invocations=27 (full 2):
 PSYoungGen      total 21504K, used 21440K [0x0000024c32b80000, 0x0000024c34280000, 0x00000256dd600000)
  eden space 19456K, 100% used [0x0000024c32b80000,0x0000024c33e80000,0x0000024c33e80000)
  from space 2048K, 96% used [0x0000024c34080000,0x0000024c34270010,0x0000024c34280000)
  to   space 2048K, 0% used [0x0000024c33e80000,0x0000024c33e80000,0x0000024c34080000)
 ParOldGen       total 68608K, used 35483K [0x00000236dd600000, 0x00000236e1900000, 0x0000024c32b80000)
  object space 68608K, 51% used [0x00000236dd600000,0x00000236df8a6ed8,0x00000236e1900000)
 Metaspace       used 52888K, committed 54016K, reserved 1114112K
  class space    used 5699K, committed 6208K, reserved 1048576K
}
Event: 9.739 GC heap after
{Heap after GC invocations=27 (full 2):
 PSYoungGen      total 21504K, used 2016K [0x0000024c32b80000, 0x0000024c34280000, 0x00000256dd600000)
  eden space 19456K, 0% used [0x0000024c32b80000,0x0000024c32b80000,0x0000024c33e80000)
  from space 2048K, 98% used [0x0000024c33e80000,0x0000024c34078000,0x0000024c34080000)
  to   space 2048K, 0% used [0x0000024c34080000,0x0000024c34080000,0x0000024c34280000)
 ParOldGen       total 68608K, used 37367K [0x00000236dd600000, 0x00000236e1900000, 0x0000024c32b80000)
  object space 68608K, 54% used [0x00000236dd600000,0x00000236dfa7dc10,0x00000236e1900000)
 Metaspace       used 52888K, committed 54016K, reserved 1114112K
  class space    used 5699K, committed 6208K, reserved 1048576K
}
Event: 9.766 GC heap before
{Heap before GC invocations=28 (full 2):
 PSYoungGen      total 21504K, used 21009K [0x0000024c32b80000, 0x0000024c34280000, 0x00000256dd600000)
  eden space 19456K, 97% used [0x0000024c32b80000,0x0000024c33e0c4e0,0x0000024c33e80000)
  from space 2048K, 98% used [0x0000024c33e80000,0x0000024c34078000,0x0000024c34080000)
  to   space 2048K, 0% used [0x0000024c34080000,0x0000024c34080000,0x0000024c34280000)
 ParOldGen       total 68608K, used 37367K [0x00000236dd600000, 0x00000236e1900000, 0x0000024c32b80000)
  object space 68608K, 54% used [0x00000236dd600000,0x00000236dfa7dc10,0x00000236e1900000)
 Metaspace       used 52888K, committed 54016K, reserved 1114112K
  class space    used 5699K, committed 6208K, reserved 1048576K
}
Event: 9.768 GC heap after
{Heap after GC invocations=28 (full 2):
 PSYoungGen      total 21504K, used 1920K [0x0000024c32b80000, 0x0000024c34280000, 0x00000256dd600000)
  eden space 19456K, 0% used [0x0000024c32b80000,0x0000024c32b80000,0x0000024c33e80000)
  from space 2048K, 93% used [0x0000024c34080000,0x0000024c34260000,0x0000024c34280000)
  to   space 2048K, 0% used [0x0000024c33e80000,0x0000024c33e80000,0x0000024c34080000)
 ParOldGen       total 68608K, used 39199K [0x00000236dd600000, 0x00000236e1900000, 0x0000024c32b80000)
  object space 68608K, 57% used [0x00000236dd600000,0x00000236dfc47e80,0x00000236e1900000)
 Metaspace       used 52888K, committed 54016K, reserved 1114112K
  class space    used 5699K, committed 6208K, reserved 1048576K
}
Event: 9.790 GC heap before
{Heap before GC invocations=29 (full 2):
 PSYoungGen      total 21504K, used 21376K [0x0000024c32b80000, 0x0000024c34280000, 0x00000256dd600000)
  eden space 19456K, 100% used [0x0000024c32b80000,0x0000024c33e80000,0x0000024c33e80000)
  from space 2048K, 93% used [0x0000024c34080000,0x0000024c34260000,0x0000024c34280000)
  to   space 2048K, 0% used [0x0000024c33e80000,0x0000024c33e80000,0x0000024c34080000)
 ParOldGen       total 68608K, used 39199K [0x00000236dd600000, 0x00000236e1900000, 0x0000024c32b80000)
  object space 68608K, 57% used [0x00000236dd600000,0x00000236dfc47e80,0x00000236e1900000)
 Metaspace       used 52888K, committed 54016K, reserved 1114112K
  class space    used 5699K, committed 6208K, reserved 1048576K
}
Event: 9.792 GC heap after
{Heap after GC invocations=29 (full 2):
 PSYoungGen      total 21504K, used 2016K [0x0000024c32b80000, 0x0000024c34780000, 0x00000256dd600000)
  eden space 19456K, 0% used [0x0000024c32b80000,0x0000024c32b80000,0x0000024c33e80000)
  from space 2048K, 98% used [0x0000024c33e80000,0x0000024c34078010,0x0000024c34080000)
  to   space 4608K, 0% used [0x0000024c34300000,0x0000024c34300000,0x0000024c34780000)
 ParOldGen       total 68608K, used 41227K [0x00000236dd600000, 0x00000236e1900000, 0x0000024c32b80000)
  object space 68608K, 60% used [0x00000236dd600000,0x00000236dfe42fb8,0x00000236e1900000)
 Metaspace       used 52888K, committed 54016K, reserved 1114112K
  class space    used 5699K, committed 6208K, reserved 1048576K
}
Event: 9.829 GC heap before
{Heap before GC invocations=30 (full 2):
 PSYoungGen      total 21504K, used 21439K [0x0000024c32b80000, 0x0000024c34780000, 0x00000256dd600000)
  eden space 19456K, 99% used [0x0000024c32b80000,0x0000024c33e77d10,0x0000024c33e80000)
  from space 2048K, 98% used [0x0000024c33e80000,0x0000024c34078010,0x0000024c34080000)
  to   space 4608K, 0% used [0x0000024c34300000,0x0000024c34300000,0x0000024c34780000)
 ParOldGen       total 68608K, used 41227K [0x00000236dd600000, 0x00000236e1900000, 0x0000024c32b80000)
  object space 68608K, 60% used [0x00000236dd600000,0x00000236dfe42fb8,0x00000236e1900000)
 Metaspace       used 52910K, committed 54016K, reserved 1114112K
  class space    used 5702K, committed 6208K, reserved 1048576K
}
Event: 9.832 GC heap after
{Heap after GC invocations=30 (full 2):
 PSYoungGen      total 22016K, used 2529K [0x0000024c32b80000, 0x0000024c34580000, 0x00000256dd600000)
  eden space 19456K, 0% used [0x0000024c32b80000,0x0000024c32b80000,0x0000024c33e80000)
  from space 2560K, 98% used [0x0000024c34300000,0x0000024c345787f0,0x0000024c34580000)
  to   space 3072K, 0% used [0x0000024c33f80000,0x0000024c33f80000,0x0000024c34280000)
 ParOldGen       total 68608K, used 43216K [0x00000236dd600000, 0x00000236e1900000, 0x0000024c32b80000)
  object space 68608K, 62% used [0x00000236dd600000,0x00000236e0034358,0x00000236e1900000)
 Metaspace       used 52910K, committed 54016K, reserved 1114112K
  class space    used 5702K, committed 6208K, reserved 1048576K
}
Event: 10.239 GC heap before
{Heap before GC invocations=31 (full 2):
 PSYoungGen      total 22016K, used 21985K [0x0000024c32b80000, 0x0000024c34580000, 0x00000256dd600000)
  eden space 19456K, 100% used [0x0000024c32b80000,0x0000024c33e80000,0x0000024c33e80000)
  from space 2560K, 98% used [0x0000024c34300000,0x0000024c345787f0,0x0000024c34580000)
  to   space 3072K, 0% used [0x0000024c33f80000,0x0000024c33f80000,0x0000024c34280000)
 ParOldGen       total 68608K, used 43216K [0x00000236dd600000, 0x00000236e1900000, 0x0000024c32b80000)
  object space 68608K, 62% used [0x00000236dd600000,0x00000236e0034358,0x00000236e1900000)
 Metaspace       used 53217K, committed 54272K, reserved 1114112K
  class space    used 5716K, committed 6208K, reserved 1048576K
}
Event: 10.242 GC heap after
{Heap after GC invocations=31 (full 2):
 PSYoungGen      total 22528K, used 3047K [0x0000024c32b80000, 0x0000024c34a80000, 0x00000256dd600000)
  eden space 19456K, 0% used [0x0000024c32b80000,0x0000024c32b80000,0x0000024c33e80000)
  from space 3072K, 99% used [0x0000024c33f80000,0x0000024c34279ff0,0x0000024c34280000)
  to   space 6144K, 0% used [0x0000024c34480000,0x0000024c34480000,0x0000024c34a80000)
 ParOldGen       total 68608K, used 45642K [0x00000236dd600000, 0x00000236e1900000, 0x0000024c32b80000)
  object space 68608K, 66% used [0x00000236dd600000,0x00000236e02929f8,0x00000236e1900000)
 Metaspace       used 53217K, committed 54272K, reserved 1114112K
  class space    used 5716K, committed 6208K, reserved 1048576K
}
Event: 10.693 GC heap before
{Heap before GC invocations=32 (full 2):
 PSYoungGen      total 22528K, used 22503K [0x0000024c32b80000, 0x0000024c34a80000, 0x00000256dd600000)
  eden space 19456K, 100% used [0x0000024c32b80000,0x0000024c33e80000,0x0000024c33e80000)
  from space 3072K, 99% used [0x0000024c33f80000,0x0000024c34279ff0,0x0000024c34280000)
  to   space 6144K, 0% used [0x0000024c34480000,0x0000024c34480000,0x0000024c34a80000)
 ParOldGen       total 68608K, used 45642K [0x00000236dd600000, 0x00000236e1900000, 0x0000024c32b80000)
  object space 68608K, 66% used [0x00000236dd600000,0x00000236e02929f8,0x00000236e1900000)
 Metaspace       used 53764K, committed 54912K, reserved 1114112K
  class space    used 5761K, committed 6272K, reserved 1048576K
}
Event: 10.695 GC heap after
{Heap after GC invocations=32 (full 2):
 PSYoungGen      total 19968K, used 320K [0x0000024c32b80000, 0x0000024c34500000, 0x00000256dd600000)
  eden space 19456K, 0% used [0x0000024c32b80000,0x0000024c32b80000,0x0000024c33e80000)
  from space 512K, 62% used [0x0000024c34480000,0x0000024c344d0000,0x0000024c34500000)
  to   space 2560K, 0% used [0x0000024c34000000,0x0000024c34000000,0x0000024c34280000)
 ParOldGen       total 68608K, used 48722K [0x00000236dd600000, 0x00000236e1900000, 0x0000024c32b80000)
  object space 68608K, 71% used [0x00000236dd600000,0x00000236e05949e8,0x00000236e1900000)
 Metaspace       used 53764K, committed 54912K, reserved 1114112K
  class space    used 5761K, committed 6272K, reserved 1048576K
}
Event: 11.014 GC heap before
{Heap before GC invocations=33 (full 2):
 PSYoungGen      total 19968K, used 19776K [0x0000024c32b80000, 0x0000024c34500000, 0x00000256dd600000)
  eden space 19456K, 100% used [0x0000024c32b80000,0x0000024c33e80000,0x0000024c33e80000)
  from space 512K, 62% used [0x0000024c34480000,0x0000024c344d0000,0x0000024c34500000)
  to   space 2560K, 0% used [0x0000024c34000000,0x0000024c34000000,0x0000024c34280000)
 ParOldGen       total 68608K, used 48722K [0x00000236dd600000, 0x00000236e1900000, 0x0000024c32b80000)
  object space 68608K, 71% used [0x00000236dd600000,0x00000236e05949e8,0x00000236e1900000)
 Metaspace       used 55424K, committed 56512K, reserved 1114112K
  class space    used 5981K, committed 6464K, reserved 1048576K
}
Event: 11.015 GC heap after
{Heap after GC invocations=33 (full 2):
 PSYoungGen      total 22016K, used 795K [0x0000024c32b80000, 0x0000024c34500000, 0x00000256dd600000)
  eden space 19456K, 0% used [0x0000024c32b80000,0x0000024c32b80000,0x0000024c33e80000)
  from space 2560K, 31% used [0x0000024c34000000,0x0000024c340c6eb0,0x0000024c34280000)
  to   space 1024K, 0% used [0x0000024c34400000,0x0000024c34400000,0x0000024c34500000)
 ParOldGen       total 68608K, used 48843K [0x00000236dd600000, 0x00000236e1900000, 0x0000024c32b80000)
  object space 68608K, 71% used [0x00000236dd600000,0x00000236e05b2ec8,0x00000236e1900000)
 Metaspace       used 55424K, committed 56512K, reserved 1114112K
  class space    used 5981K, committed 6464K, reserved 1048576K
}
Event: 11.409 GC heap before
{Heap before GC invocations=34 (full 2):
 PSYoungGen      total 22016K, used 20251K [0x0000024c32b80000, 0x0000024c34500000, 0x00000256dd600000)
  eden space 19456K, 100% used [0x0000024c32b80000,0x0000024c33e80000,0x0000024c33e80000)
  from space 2560K, 31% used [0x0000024c34000000,0x0000024c340c6eb0,0x0000024c34280000)
  to   space 1024K, 0% used [0x0000024c34400000,0x0000024c34400000,0x0000024c34500000)
 ParOldGen       total 68608K, used 48843K [0x00000236dd600000, 0x00000236e1900000, 0x0000024c32b80000)
  object space 68608K, 71% used [0x00000236dd600000,0x00000236e05b2ec8,0x00000236e1900000)
 Metaspace       used 56351K, committed 57472K, reserved 1114112K
  class space    used 6081K, committed 6592K, reserved 1048576K
}
Event: 11.410 GC heap after
{Heap after GC invocations=34 (full 2):
 PSYoungGen      total 19968K, used 512K [0x0000024c32b80000, 0x0000024c34480000, 0x00000256dd600000)
  eden space 19456K, 0% used [0x0000024c32b80000,0x0000024c32b80000,0x0000024c33e80000)
  from space 512K, 100% used [0x0000024c34400000,0x0000024c34480000,0x0000024c34480000)
  to   space 1024K, 0% used [0x0000024c34280000,0x0000024c34280000,0x0000024c34380000)
 ParOldGen       total 68608K, used 49523K [0x00000236dd600000, 0x00000236e1900000, 0x0000024c32b80000)
  object space 68608K, 72% used [0x00000236dd600000,0x00000236e065cd08,0x00000236e1900000)
 Metaspace       used 56351K, committed 57472K, reserved 1114112K
  class space    used 6081K, committed 6592K, reserved 1048576K
}
Event: 11.552 GC heap before
{Heap before GC invocations=35 (full 2):
 PSYoungGen      total 19968K, used 19968K [0x0000024c32b80000, 0x0000024c34480000, 0x00000256dd600000)
  eden space 19456K, 100% used [0x0000024c32b80000,0x0000024c33e80000,0x0000024c33e80000)
  from space 512K, 100% used [0x0000024c34400000,0x0000024c34480000,0x0000024c34480000)
  to   space 1024K, 0% used [0x0000024c34280000,0x0000024c34280000,0x0000024c34380000)
 ParOldGen       total 68608K, used 49523K [0x00000236dd600000, 0x00000236e1900000, 0x0000024c32b80000)
  object space 68608K, 72% used [0x00000236dd600000,0x00000236e065cd08,0x00000236e1900000)
 Metaspace       used 56986K, committed 58112K, reserved 1114112K
  class space    used 6127K, committed 6656K, reserved 1048576K
}
Event: 11.554 GC heap after
{Heap after GC invocations=35 (full 2):
 PSYoungGen      total 20480K, used 1005K [0x0000024c32b80000, 0x0000024c34480000, 0x00000256dd600000)
  eden space 19456K, 0% used [0x0000024c32b80000,0x0000024c32b80000,0x0000024c33e80000)
  from space 1024K, 98% used [0x0000024c34280000,0x0000024c3437b728,0x0000024c34380000)
  to   space 1024K, 0% used [0x0000024c34380000,0x0000024c34380000,0x0000024c34480000)
 ParOldGen       total 68608K, used 50566K [0x00000236dd600000, 0x00000236e1900000, 0x0000024c32b80000)
  object space 68608K, 73% used [0x00000236dd600000,0x00000236e0761968,0x00000236e1900000)
 Metaspace       used 56986K, committed 58112K, reserved 1114112K
  class space    used 6127K, committed 6656K, reserved 1048576K
}
Event: 11.605 GC heap before
{Heap before GC invocations=36 (full 2):
 PSYoungGen      total 20480K, used 20433K [0x0000024c32b80000, 0x0000024c34480000, 0x00000256dd600000)
  eden space 19456K, 99% used [0x0000024c32b80000,0x0000024c33e78f28,0x0000024c33e80000)
  from space 1024K, 98% used [0x0000024c34280000,0x0000024c3437b728,0x0000024c34380000)
  to   space 1024K, 0% used [0x0000024c34380000,0x0000024c34380000,0x0000024c34480000)
 ParOldGen       total 68608K, used 50566K [0x00000236dd600000, 0x00000236e1900000, 0x0000024c32b80000)
  object space 68608K, 73% used [0x00000236dd600000,0x00000236e0761968,0x00000236e1900000)
 Metaspace       used 57001K, committed 58112K, reserved 1114112K
  class space    used 6127K, committed 6656K, reserved 1048576K
}
Event: 11.606 GC heap after
{Heap after GC invocations=36 (full 2):
 PSYoungGen      total 20480K, used 1007K [0x0000024c32b80000, 0x0000024c34480000, 0x00000256dd600000)
  eden space 19456K, 0% used [0x0000024c32b80000,0x0000024c32b80000,0x0000024c33e80000)
  from space 1024K, 98% used [0x0000024c34380000,0x0000024c3447bfb8,0x0000024c34480000)
  to   space 2048K, 0% used [0x0000024c34080000,0x0000024c34080000,0x0000024c34280000)
 ParOldGen       total 68608K, used 51077K [0x00000236dd600000, 0x00000236e1900000, 0x0000024c32b80000)
  object space 68608K, 74% used [0x00000236dd600000,0x00000236e07e1790,0x00000236e1900000)
 Metaspace       used 57001K, committed 58112K, reserved 1114112K
  class space    used 6127K, committed 6656K, reserved 1048576K
}

