# JRE version: OpenJDK Runtime Environment Temurin-17.0.10+7 (17.0.10+7) (build 17.0.10+7)
# Java VM: OpenJDK 64-Bit Server VM Temurin-17.0.10+7 (17.0.10+7, mixed mode, tiered, compressed class ptrs, parallel gc, windows-amd64)
GC Precious Log:
 CPUs: 12 total, 12 available
 Memory: 15724M
 Large Page Support: Disabled
 NUMA Support: Disabled
 Compressed Oops: Disabled
 Alignments: Space 512K, Generation 512K, Heap 2M
 Heap Min Capacity: 100M
 Heap Initial Capacity: 100M
 Heap Max Capacity: 128G
 Pre-touch: Disabled
 Parallel Workers: 10
Heap:
 PSYoungGen      total 23040K, used 19361K [0x000001bed1580000, 0x000001bed3000000, 0x000001c97c000000)
  eden space 22016K, 83% used [0x000001bed1580000,0x000001bed276e920,0x000001bed2b00000)
  from space 1024K, 97% used [0x000001bed2f00000,0x000001bed2ff9ca0,0x000001bed3000000)
  to   space 2048K, 0% used [0x000001bed2c00000,0x000001bed2c00000,0x000001bed2e00000)
 ParOldGen       total 68608K, used 20985K [0x000001a97c000000, 0x000001a980300000, 0x000001bed1580000)
  object space 68608K, 30% used [0x000001a97c000000,0x000001a97d47e600,0x000001a980300000)
 Metaspace       used 41111K, committed 42048K, reserved 1114112K
  class space    used 4233K, committed 4608K, reserved 1048576K
GC Heap History (20 events):
Event: 5.387 GC heap before
{Heap before GC invocations=7 (full 1):
 PSYoungGen      total 29696K, used 25600K [0x000001bed1580000, 0x000001bed3980000, 0x000001c97c000000)
  eden space 25600K, 100% used [0x000001bed1580000,0x000001bed2e80000,0x000001bed2e80000)
  from space 4096K, 0% used [0x000001bed2e80000,0x000001bed2e80000,0x000001bed3280000)
  to   space 5632K, 0% used [0x000001bed3400000,0x000001bed3400000,0x000001bed3980000)
 ParOldGen       total 68608K, used 12903K [0x000001a97c000000, 0x000001a980300000, 0x000001bed1580000)
  object space 68608K, 18% used [0x000001a97c000000,0x000001a97cc99e30,0x000001a980300000)
 Metaspace       used 24162K, committed 24704K, reserved 1114112K
  class space    used 2454K, committed 2624K, reserved 1048576K
}
Event: 5.391 GC heap after
{Heap after GC invocations=7 (full 1):
 PSYoungGen      total 27136K, used 1792K [0x000001bed1580000, 0x000001bed3600000, 0x000001c97c000000)
  eden space 25088K, 0% used [0x000001bed1580000,0x000001bed1580000,0x000001bed2e00000)
  from space 2048K, 87% used [0x000001bed3400000,0x000001bed35c0000,0x000001bed3600000)
  to   space 3072K, 0% used [0x000001bed3000000,0x000001bed3000000,0x000001bed3300000)
 ParOldGen       total 68608K, used 12911K [0x000001a97c000000, 0x000001a980300000, 0x000001bed1580000)
  object space 68608K, 18% used [0x000001a97c000000,0x000001a97cc9be30,0x000001a980300000)
 Metaspace       used 24162K, committed 24704K, reserved 1114112K
  class space    used 2454K, committed 2624K, reserved 1048576K
}
Event: 5.865 GC heap before
{Heap before GC invocations=8 (full 1):
 PSYoungGen      total 27136K, used 26880K [0x000001bed1580000, 0x000001bed3600000, 0x000001c97c000000)
  eden space 25088K, 100% used [0x000001bed1580000,0x000001bed2e00000,0x000001bed2e00000)
  from space 2048K, 87% used [0x000001bed3400000,0x000001bed35c0000,0x000001bed3600000)
  to   space 3072K, 0% used [0x000001bed3000000,0x000001bed3000000,0x000001bed3300000)
 ParOldGen       total 68608K, used 12911K [0x000001a97c000000, 0x000001a980300000, 0x000001bed1580000)
  object space 68608K, 18% used [0x000001a97c000000,0x000001a97cc9be30,0x000001a980300000)
 Metaspace       used 26479K, committed 27136K, reserved 1114112K
  class space    used 2711K, committed 2944K, reserved 1048576K
}
Event: 5.867 GC heap after
{Heap after GC invocations=8 (full 1):
 PSYoungGen      total 27648K, used 3065K [0x000001bed1580000, 0x000001bed3580000, 0x000001c97c000000)
  eden space 24576K, 0% used [0x000001bed1580000,0x000001bed1580000,0x000001bed2d80000)
  from space 3072K, 99% used [0x000001bed3000000,0x000001bed32fe4e0,0x000001bed3300000)
  to   space 2560K, 0% used [0x000001bed3300000,0x000001bed3300000,0x000001bed3580000)
 ParOldGen       total 68608K, used 13287K [0x000001a97c000000, 0x000001a980300000, 0x000001bed1580000)
  object space 68608K, 19% used [0x000001a97c000000,0x000001a97ccf9e30,0x000001a980300000)
 Metaspace       used 26479K, committed 27136K, reserved 1114112K
  class space    used 2711K, committed 2944K, reserved 1048576K
}
Event: 6.072 GC heap before
{Heap before GC invocations=9 (full 1):
 PSYoungGen      total 27648K, used 27641K [0x000001bed1580000, 0x000001bed3580000, 0x000001c97c000000)
  eden space 24576K, 100% used [0x000001bed1580000,0x000001bed2d80000,0x000001bed2d80000)
  from space 3072K, 99% used [0x000001bed3000000,0x000001bed32fe4e0,0x000001bed3300000)
  to   space 2560K, 0% used [0x000001bed3300000,0x000001bed3300000,0x000001bed3580000)
 ParOldGen       total 68608K, used 13287K [0x000001a97c000000, 0x000001a980300000, 0x000001bed1580000)
  object space 68608K, 19% used [0x000001a97c000000,0x000001a97ccf9e30,0x000001a980300000)
 Metaspace       used 28214K, committed 28736K, reserved 1114112K
  class space    used 2859K, committed 3072K, reserved 1048576K
}
Event: 6.074 GC heap after
{Heap after GC invocations=9 (full 1):
 PSYoungGen      total 26624K, used 2542K [0x000001bed1580000, 0x000001bed3580000, 0x000001c97c000000)
  eden space 24064K, 0% used [0x000001bed1580000,0x000001bed1580000,0x000001bed2d00000)
  from space 2560K, 99% used [0x000001bed3300000,0x000001bed357bb58,0x000001bed3580000)
  to   space 4096K, 0% used [0x000001bed2d80000,0x000001bed2d80000,0x000001bed3180000)
 ParOldGen       total 68608K, used 14359K [0x000001a97c000000, 0x000001a980300000, 0x000001bed1580000)
  object space 68608K, 20% used [0x000001a97c000000,0x000001a97ce05e50,0x000001a980300000)
 Metaspace       used 28214K, committed 28736K, reserved 1114112K
  class space    used 2859K, committed 3072K, reserved 1048576K
}
Event: 6.329 GC heap before
{Heap before GC invocations=10 (full 1):
 PSYoungGen      total 26624K, used 26606K [0x000001bed1580000, 0x000001bed3580000, 0x000001c97c000000)
  eden space 24064K, 100% used [0x000001bed1580000,0x000001bed2d00000,0x000001bed2d00000)
  from space 2560K, 99% used [0x000001bed3300000,0x000001bed357bb58,0x000001bed3580000)
  to   space 4096K, 0% used [0x000001bed2d80000,0x000001bed2d80000,0x000001bed3180000)
 ParOldGen       total 68608K, used 14359K [0x000001a97c000000, 0x000001a980300000, 0x000001bed1580000)
  object space 68608K, 20% used [0x000001a97c000000,0x000001a97ce05e50,0x000001a980300000)
 Metaspace       used 31610K, committed 32256K, reserved 1114112K
  class space    used 3109K, committed 3392K, reserved 1048576K
}
Event: 6.331 GC heap after
{Heap after GC invocations=10 (full 1):
 PSYoungGen      total 25600K, used 1946K [0x000001bed1580000, 0x000001bed3380000, 0x000001c97c000000)
  eden space 23552K, 0% used [0x000001bed1580000,0x000001bed1580000,0x000001bed2c80000)
  from space 2048K, 95% used [0x000001bed2d80000,0x000001bed2f66b40,0x000001bed2f80000)
  to   space 3072K, 0% used [0x000001bed3080000,0x000001bed3080000,0x000001bed3380000)
 ParOldGen       total 68608K, used 14992K [0x000001a97c000000, 0x000001a980300000, 0x000001bed1580000)
  object space 68608K, 21% used [0x000001a97c000000,0x000001a97cea4288,0x000001a980300000)
 Metaspace       used 31610K, committed 32256K, reserved 1114112K
  class space    used 3109K, committed 3392K, reserved 1048576K
}
Event: 6.401 GC heap before
{Heap before GC invocations=11 (full 1):
 PSYoungGen      total 25600K, used 25483K [0x000001bed1580000, 0x000001bed3380000, 0x000001c97c000000)
  eden space 23552K, 99% used [0x000001bed1580000,0x000001bed2c7c478,0x000001bed2c80000)
  from space 2048K, 95% used [0x000001bed2d80000,0x000001bed2f66b40,0x000001bed2f80000)
  to   space 3072K, 0% used [0x000001bed3080000,0x000001bed3080000,0x000001bed3380000)
 ParOldGen       total 68608K, used 14992K [0x000001a97c000000, 0x000001a980300000, 0x000001bed1580000)
  object space 68608K, 21% used [0x000001a97c000000,0x000001a97cea4288,0x000001a980300000)
 Metaspace       used 32161K, committed 32832K, reserved 1114112K
  class space    used 3130K, committed 3392K, reserved 1048576K
}
Event: 6.405 GC heap after
{Heap after GC invocations=11 (full 1):
 PSYoungGen      total 25600K, used 2326K [0x000001bed1580000, 0x000001bed3300000, 0x000001c97c000000)
  eden space 23040K, 0% used [0x000001bed1580000,0x000001bed1580000,0x000001bed2c00000)
  from space 2560K, 90% used [0x000001bed3080000,0x000001bed32c5b40,0x000001bed3300000)
  to   space 2560K, 0% used [0x000001bed2e00000,0x000001bed2e00000,0x000001bed3080000)
 ParOldGen       total 68608K, used 18234K [0x000001a97c000000, 0x000001a980300000, 0x000001bed1580000)
  object space 68608K, 26% used [0x000001a97c000000,0x000001a97d1ce980,0x000001a980300000)
 Metaspace       used 32161K, committed 32832K, reserved 1114112K
  class space    used 3130K, committed 3392K, reserved 1048576K
}
Event: 7.004 GC heap before
{Heap before GC invocations=12 (full 1):
 PSYoungGen      total 25600K, used 25366K [0x000001bed1580000, 0x000001bed3300000, 0x000001c97c000000)
  eden space 23040K, 100% used [0x000001bed1580000,0x000001bed2c00000,0x000001bed2c00000)
  from space 2560K, 90% used [0x000001bed3080000,0x000001bed32c5b40,0x000001bed3300000)
  to   space 2560K, 0% used [0x000001bed2e00000,0x000001bed2e00000,0x000001bed3080000)
 ParOldGen       total 68608K, used 18234K [0x000001a97c000000, 0x000001a980300000, 0x000001bed1580000)
  object space 68608K, 26% used [0x000001a97c000000,0x000001a97d1ce980,0x000001a980300000)
 Metaspace       used 34968K, committed 35776K, reserved 1114112K
  class space    used 3417K, committed 3776K, reserved 1048576K
}
Event: 7.008 GC heap after
{Heap after GC invocations=12 (full 1):
 PSYoungGen      total 24064K, used 1493K [0x000001bed1580000, 0x000001bed3100000, 0x000001c97c000000)
  eden space 22528K, 0% used [0x000001bed1580000,0x000001bed1580000,0x000001bed2b80000)
  from space 1536K, 97% used [0x000001bed2e00000,0x000001bed2f75720,0x000001bed2f80000)
  to   space 1536K, 0% used [0x000001bed2f80000,0x000001bed2f80000,0x000001bed3100000)
 ParOldGen       total 68608K, used 20272K [0x000001a97c000000, 0x000001a980300000, 0x000001bed1580000)
  object space 68608K, 29% used [0x000001a97c000000,0x000001a97d3cc240,0x000001a980300000)
 Metaspace       used 34968K, committed 35776K, reserved 1114112K
  class space    used 3417K, committed 3776K, reserved 1048576K
}
Event: 7.015 GC heap before
{Heap before GC invocations=13 (full 1):
 PSYoungGen      total 24064K, used 2158K [0x000001bed1580000, 0x000001bed3100000, 0x000001c97c000000)
  eden space 22528K, 2% used [0x000001bed1580000,0x000001bed16262b8,0x000001bed2b80000)
  from space 1536K, 97% used [0x000001bed2e00000,0x000001bed2f75720,0x000001bed2f80000)
  to   space 1536K, 0% used [0x000001bed2f80000,0x000001bed2f80000,0x000001bed3100000)
 ParOldGen       total 68608K, used 20272K [0x000001a97c000000, 0x000001a980300000, 0x000001bed1580000)
  object space 68608K, 29% used [0x000001a97c000000,0x000001a97d3cc240,0x000001a980300000)
 Metaspace       used 35094K, committed 35840K, reserved 1114112K
  class space    used 3433K, committed 3776K, reserved 1048576K
}
Event: 7.016 GC heap after
{Heap after GC invocations=13 (full 1):
 PSYoungGen      total 23040K, used 320K [0x000001bed1580000, 0x000001bed3000000, 0x000001c97c000000)
  eden space 22528K, 0% used [0x000001bed1580000,0x000001bed1580000,0x000001bed2b80000)
  from space 512K, 62% used [0x000001bed2f80000,0x000001bed2fd0000,0x000001bed3000000)
  to   space 1024K, 0% used [0x000001bed2e00000,0x000001bed2e00000,0x000001bed2f00000)
 ParOldGen       total 68608K, used 21643K [0x000001a97c000000, 0x000001a980300000, 0x000001bed1580000)
  object space 68608K, 31% used [0x000001a97c000000,0x000001a97d522e30,0x000001a980300000)
 Metaspace       used 35094K, committed 35840K, reserved 1114112K
  class space    used 3433K, committed 3776K, reserved 1048576K
}
Event: 7.016 GC heap before
{Heap before GC invocations=14 (full 2):
 PSYoungGen      total 23040K, used 320K [0x000001bed1580000, 0x000001bed3000000, 0x000001c97c000000)
  eden space 22528K, 0% used [0x000001bed1580000,0x000001bed1580000,0x000001bed2b80000)
  from space 512K, 62% used [0x000001bed2f80000,0x000001bed2fd0000,0x000001bed3000000)
  to   space 1024K, 0% used [0x000001bed2e00000,0x000001bed2e00000,0x000001bed2f00000)
 ParOldGen       total 68608K, used 21643K [0x000001a97c000000, 0x000001a980300000, 0x000001bed1580000)
  object space 68608K, 31% used [0x000001a97c000000,0x000001a97d522e30,0x000001a980300000)
 Metaspace       used 35094K, committed 35840K, reserved 1114112K
  class space    used 3433K, committed 3776K, reserved 1048576K
}
Event: 7.048 GC heap after
{Heap after GC invocations=14 (full 2):
 PSYoungGen      total 23040K, used 0K [0x000001bed1580000, 0x000001bed3000000, 0x000001c97c000000)
  eden space 22528K, 0% used [0x000001bed1580000,0x000001bed1580000,0x000001bed2b80000)
  from space 512K, 0% used [0x000001bed2f80000,0x000001bed2f80000,0x000001bed3000000)
  to   space 1024K, 0% used [0x000001bed2e00000,0x000001bed2e00000,0x000001bed2f00000)
 ParOldGen       total 68608K, used 20183K [0x000001a97c000000, 0x000001a980300000, 0x000001bed1580000)
  object space 68608K, 29% used [0x000001a97c000000,0x000001a97d3b5c70,0x000001a980300000)
 Metaspace       used 35081K, committed 35840K, reserved 1114112K
  class space    used 3430K, committed 3776K, reserved 1048576K
}
Event: 7.364 GC heap before
{Heap before GC invocations=15 (full 2):
 PSYoungGen      total 23040K, used 22528K [0x000001bed1580000, 0x000001bed3000000, 0x000001c97c000000)
  eden space 22528K, 100% used [0x000001bed1580000,0x000001bed2b80000,0x000001bed2b80000)
  from space 512K, 0% used [0x000001bed2f80000,0x000001bed2f80000,0x000001bed3000000)
  to   space 1024K, 0% used [0x000001bed2e00000,0x000001bed2e00000,0x000001bed2f00000)
 ParOldGen       total 68608K, used 20183K [0x000001a97c000000, 0x000001a980300000, 0x000001bed1580000)
  object space 68608K, 29% used [0x000001a97c000000,0x000001a97d3b5c70,0x000001a980300000)
 Metaspace       used 37867K, committed 38784K, reserved 1114112K
  class space    used 3815K, committed 4224K, reserved 1048576K
}
Event: 7.365 GC heap after
{Heap after GC invocations=15 (full 2):
 PSYoungGen      total 23040K, used 973K [0x000001bed1580000, 0x000001bed3000000, 0x000001c97c000000)
  eden space 22016K, 0% used [0x000001bed1580000,0x000001bed1580000,0x000001bed2b00000)
  from space 1024K, 95% used [0x000001bed2e00000,0x000001bed2ef3410,0x000001bed2f00000)
  to   space 1024K, 0% used [0x000001bed2f00000,0x000001bed2f00000,0x000001bed3000000)
 ParOldGen       total 68608K, used 20191K [0x000001a97c000000, 0x000001a980300000, 0x000001bed1580000)
  object space 68608K, 29% used [0x000001a97c000000,0x000001a97d3b7c70,0x000001a980300000)
 Metaspace       used 37867K, committed 38784K, reserved 1114112K
  class space    used 3815K, committed 4224K, reserved 1048576K
}
Event: 7.660 GC heap before
{Heap before GC invocations=16 (full 2):
 PSYoungGen      total 23040K, used 22989K [0x000001bed1580000, 0x000001bed3000000, 0x000001c97c000000)
  eden space 22016K, 100% used [0x000001bed1580000,0x000001bed2b00000,0x000001bed2b00000)
  from space 1024K, 95% used [0x000001bed2e00000,0x000001bed2ef3410,0x000001bed2f00000)
  to   space 1024K, 0% used [0x000001bed2f00000,0x000001bed2f00000,0x000001bed3000000)
 ParOldGen       total 68608K, used 20191K [0x000001a97c000000, 0x000001a980300000, 0x000001bed1580000)
  object space 68608K, 29% used [0x000001a97c000000,0x000001a97d3b7c70,0x000001a980300000)
 Metaspace       used 39602K, committed 40448K, reserved 1114112K
  class space    used 4032K, committed 4416K, reserved 1048576K
}
Event: 7.661 GC heap after
{Heap after GC invocations=16 (full 2):
 PSYoungGen      total 23040K, used 999K [0x000001bed1580000, 0x000001bed3000000, 0x000001c97c000000)
  eden space 22016K, 0% used [0x000001bed1580000,0x000001bed1580000,0x000001bed2b00000)
  from space 1024K, 97% used [0x000001bed2f00000,0x000001bed2ff9ca0,0x000001bed3000000)
  to   space 2048K, 0% used [0x000001bed2c00000,0x000001bed2c00000,0x000001bed2e00000)
 ParOldGen       total 68608K, used 20985K [0x000001a97c000000, 0x000001a980300000, 0x000001bed1580000)
  object space 68608K, 30% used [0x000001a97c000000,0x000001a97d47e600,0x000001a980300000)
 Metaspace       used 39602K, committed 40448K, reserved 1114112K
  class space    used 4032K, committed 4416K, reserved 1048576K
}

