# JRE version: OpenJDK Runtime Environment Temurin-17.0.10+7 (17.0.10+7) (build 17.0.10+7)
# Java VM: OpenJDK 64-Bit Server VM Temurin-17.0.10+7 (17.0.10+7, mixed mode, tiered, compressed class ptrs, parallel gc, windows-amd64)
GC Precious Log:
 CPUs: 12 total, 12 available
 Memory: 15724M
 Large Page Support: Disabled
 NUMA Support: Disabled
 Compressed Oops: Disabled
 Alignments: Space 512K, Generation 512K, Heap 2M
 Heap Min Capacity: 100M
 Heap Initial Capacity: 100M
 Heap Max Capacity: 128G
 Pre-touch: Disabled
 Parallel Workers: 10
Heap:
 PSYoungGen      total 26112K, used 7773K [0x0000027991780000, 0x0000027993380000, 0x000002843c200000)
  eden space 24064K, 25% used [0x0000027991780000,0x0000027991d69218,0x0000027992f00000)
  from space 2048K, 84% used [0x0000027993080000,0x000002799322e410,0x0000027993280000)
  to   space 1024K, 0% used [0x0000027993280000,0x0000027993280000,0x0000027993380000)
 ParOldGen       total 68608K, used 12911K [0x000002643c200000, 0x0000026440500000, 0x0000027991780000)
  object space 68608K, 18% used [0x000002643c200000,0x000002643ce9be30,0x0000026440500000)
 Metaspace       used 27836K, committed 28416K, reserved 1114112K
  class space    used 2668K, committed 2944K, reserved 1048576K
GC Heap History (16 events):
Event: 1.015 GC heap before
{Heap before GC invocations=1 (full 0):
 PSYoungGen      total 29696K, used 25600K [0x0000027991780000, 0x0000027993880000, 0x000002843c200000)
  eden space 25600K, 100% used [0x0000027991780000,0x0000027993080000,0x0000027993080000)
  from space 4096K, 0% used [0x0000027993480000,0x0000027993480000,0x0000027993880000)
  to   space 4096K, 0% used [0x0000027993080000,0x0000027993080000,0x0000027993480000)
 ParOldGen       total 68608K, used 0K [0x000002643c200000, 0x0000026440500000, 0x0000027991780000)
  object space 68608K, 0% used [0x000002643c200000,0x000002643c200000,0x0000026440500000)
 Metaspace       used 10371K, committed 10496K, reserved 1114112K
  class space    used 1029K, committed 1088K, reserved 1048576K
}
Event: 1.022 GC heap after
{Heap after GC invocations=1 (full 0):
 PSYoungGen      total 29696K, used 3805K [0x0000027991780000, 0x0000027993880000, 0x000002843c200000)
  eden space 25600K, 0% used [0x0000027991780000,0x0000027991780000,0x0000027993080000)
  from space 4096K, 92% used [0x0000027993080000,0x0000027993437730,0x0000027993480000)
  to   space 4096K, 0% used [0x0000027993480000,0x0000027993480000,0x0000027993880000)
 ParOldGen       total 68608K, used 16K [0x000002643c200000, 0x0000026440500000, 0x0000027991780000)
  object space 68608K, 0% used [0x000002643c200000,0x000002643c204000,0x0000026440500000)
 Metaspace       used 10371K, committed 10496K, reserved 1114112K
  class space    used 1029K, committed 1088K, reserved 1048576K
}
Event: 1.673 GC heap before
{Heap before GC invocations=2 (full 0):
 PSYoungGen      total 29696K, used 29405K [0x0000027991780000, 0x0000027993880000, 0x000002843c200000)
  eden space 25600K, 100% used [0x0000027991780000,0x0000027993080000,0x0000027993080000)
  from space 4096K, 92% used [0x0000027993080000,0x0000027993437730,0x0000027993480000)
  to   space 4096K, 0% used [0x0000027993480000,0x0000027993480000,0x0000027993880000)
 ParOldGen       total 68608K, used 16K [0x000002643c200000, 0x0000026440500000, 0x0000027991780000)
  object space 68608K, 0% used [0x000002643c200000,0x000002643c204000,0x0000026440500000)
 Metaspace       used 13851K, committed 14016K, reserved 1114112K
  class space    used 1380K, committed 1472K, reserved 1048576K
}
Event: 1.679 GC heap after
{Heap after GC invocations=2 (full 0):
 PSYoungGen      total 29696K, used 4073K [0x0000027991780000, 0x0000027993880000, 0x000002843c200000)
  eden space 25600K, 0% used [0x0000027991780000,0x0000027991780000,0x0000027993080000)
  from space 4096K, 99% used [0x0000027993480000,0x000002799387a788,0x0000027993880000)
  to   space 4096K, 0% used [0x0000027993080000,0x0000027993080000,0x0000027993480000)
 ParOldGen       total 68608K, used 1916K [0x000002643c200000, 0x0000026440500000, 0x0000027991780000)
  object space 68608K, 2% used [0x000002643c200000,0x000002643c3df3f8,0x0000026440500000)
 Metaspace       used 13851K, committed 14016K, reserved 1114112K
  class space    used 1380K, committed 1472K, reserved 1048576K
}
Event: 2.143 GC heap before
{Heap before GC invocations=3 (full 0):
 PSYoungGen      total 29696K, used 29673K [0x0000027991780000, 0x0000027993880000, 0x000002843c200000)
  eden space 25600K, 100% used [0x0000027991780000,0x0000027993080000,0x0000027993080000)
  from space 4096K, 99% used [0x0000027993480000,0x000002799387a788,0x0000027993880000)
  to   space 4096K, 0% used [0x0000027993080000,0x0000027993080000,0x0000027993480000)
 ParOldGen       total 68608K, used 1916K [0x000002643c200000, 0x0000026440500000, 0x0000027991780000)
  object space 68608K, 2% used [0x000002643c200000,0x000002643c3df3f8,0x0000026440500000)
 Metaspace       used 18467K, committed 18816K, reserved 1114112K
  class space    used 1890K, committed 2048K, reserved 1048576K
}
Event: 2.147 GC heap after
{Heap after GC invocations=3 (full 0):
 PSYoungGen      total 29696K, used 4085K [0x0000027991780000, 0x0000027993880000, 0x000002843c200000)
  eden space 25600K, 0% used [0x0000027991780000,0x0000027991780000,0x0000027993080000)
  from space 4096K, 99% used [0x0000027993080000,0x000002799347d5f0,0x0000027993480000)
  to   space 4096K, 0% used [0x0000027993480000,0x0000027993480000,0x0000027993880000)
 ParOldGen       total 68608K, used 3627K [0x000002643c200000, 0x0000026440500000, 0x0000027991780000)
  object space 68608K, 5% used [0x000002643c200000,0x000002643c58ae30,0x0000026440500000)
 Metaspace       used 18467K, committed 18816K, reserved 1114112K
  class space    used 1890K, committed 2048K, reserved 1048576K
}
Event: 2.553 GC heap before
{Heap before GC invocations=4 (full 0):
 PSYoungGen      total 29696K, used 22167K [0x0000027991780000, 0x0000027993880000, 0x000002843c200000)
  eden space 25600K, 70% used [0x0000027991780000,0x0000027992928700,0x0000027993080000)
  from space 4096K, 99% used [0x0000027993080000,0x000002799347d5f0,0x0000027993480000)
  to   space 4096K, 0% used [0x0000027993480000,0x0000027993480000,0x0000027993880000)
 ParOldGen       total 68608K, used 3627K [0x000002643c200000, 0x0000026440500000, 0x0000027991780000)
  object space 68608K, 5% used [0x000002643c200000,0x000002643c58ae30,0x0000026440500000)
 Metaspace       used 21029K, committed 21504K, reserved 1114112K
  class space    used 2147K, committed 2368K, reserved 1048576K
}
Event: 2.557 GC heap after
{Heap after GC invocations=4 (full 0):
 PSYoungGen      total 29696K, used 4080K [0x0000027991780000, 0x0000027993880000, 0x000002843c200000)
  eden space 25600K, 0% used [0x0000027991780000,0x0000027991780000,0x0000027993080000)
  from space 4096K, 99% used [0x0000027993480000,0x000002799387c330,0x0000027993880000)
  to   space 4096K, 0% used [0x0000027993080000,0x0000027993080000,0x0000027993480000)
 ParOldGen       total 68608K, used 5918K [0x000002643c200000, 0x0000026440500000, 0x0000027991780000)
  object space 68608K, 8% used [0x000002643c200000,0x000002643c7c7aa0,0x0000026440500000)
 Metaspace       used 21029K, committed 21504K, reserved 1114112K
  class space    used 2147K, committed 2368K, reserved 1048576K
}
Event: 2.557 GC heap before
{Heap before GC invocations=5 (full 1):
 PSYoungGen      total 29696K, used 4080K [0x0000027991780000, 0x0000027993880000, 0x000002843c200000)
  eden space 25600K, 0% used [0x0000027991780000,0x0000027991780000,0x0000027993080000)
  from space 4096K, 99% used [0x0000027993480000,0x000002799387c330,0x0000027993880000)
  to   space 4096K, 0% used [0x0000027993080000,0x0000027993080000,0x0000027993480000)
 ParOldGen       total 68608K, used 5918K [0x000002643c200000, 0x0000026440500000, 0x0000027991780000)
  object space 68608K, 8% used [0x000002643c200000,0x000002643c7c7aa0,0x0000026440500000)
 Metaspace       used 21029K, committed 21504K, reserved 1114112K
  class space    used 2147K, committed 2368K, reserved 1048576K
}
Event: 2.586 GC heap after
{Heap after GC invocations=5 (full 1):
 PSYoungGen      total 29696K, used 0K [0x0000027991780000, 0x0000027993880000, 0x000002843c200000)
  eden space 25600K, 0% used [0x0000027991780000,0x0000027991780000,0x0000027993080000)
  from space 4096K, 0% used [0x0000027993480000,0x0000027993480000,0x0000027993880000)
  to   space 4096K, 0% used [0x0000027993080000,0x0000027993080000,0x0000027993480000)
 ParOldGen       total 68608K, used 9762K [0x000002643c200000, 0x0000026440500000, 0x0000027991780000)
  object space 68608K, 14% used [0x000002643c200000,0x000002643cb88a10,0x0000026440500000)
 Metaspace       used 21016K, committed 21504K, reserved 1114112K
  class space    used 2144K, committed 2368K, reserved 1048576K
}
Event: 2.789 GC heap before
{Heap before GC invocations=6 (full 1):
 PSYoungGen      total 29696K, used 25600K [0x0000027991780000, 0x0000027993880000, 0x000002843c200000)
  eden space 25600K, 100% used [0x0000027991780000,0x0000027993080000,0x0000027993080000)
  from space 4096K, 0% used [0x0000027993480000,0x0000027993480000,0x0000027993880000)
  to   space 4096K, 0% used [0x0000027993080000,0x0000027993080000,0x0000027993480000)
 ParOldGen       total 68608K, used 9762K [0x000002643c200000, 0x0000026440500000, 0x0000027991780000)
  object space 68608K, 14% used [0x000002643c200000,0x000002643cb88a10,0x0000026440500000)
 Metaspace       used 23234K, committed 23680K, reserved 1114112K
  class space    used 2355K, committed 2560K, reserved 1048576K
}
Event: 2.790 GC heap after
{Heap after GC invocations=6 (full 1):
 PSYoungGen      total 26112K, used 958K [0x0000027991780000, 0x0000027993600000, 0x000002843c200000)
  eden space 25088K, 0% used [0x0000027991780000,0x0000027991780000,0x0000027993000000)
  from space 1024K, 93% used [0x0000027993080000,0x000002799316f868,0x0000027993180000)
  to   space 3072K, 0% used [0x0000027993300000,0x0000027993300000,0x0000027993600000)
 ParOldGen       total 68608K, used 9770K [0x000002643c200000, 0x0000026440500000, 0x0000027991780000)
  object space 68608K, 14% used [0x000002643c200000,0x000002643cb8aa10,0x0000026440500000)
 Metaspace       used 23234K, committed 23680K, reserved 1114112K
  class space    used 2355K, committed 2560K, reserved 1048576K
}
Event: 3.059 GC heap before
{Heap before GC invocations=7 (full 1):
 PSYoungGen      total 26112K, used 25734K [0x0000027991780000, 0x0000027993600000, 0x000002843c200000)
  eden space 25088K, 98% used [0x0000027991780000,0x0000027992fb21b8,0x0000027993000000)
  from space 1024K, 93% used [0x0000027993080000,0x000002799316f868,0x0000027993180000)
  to   space 3072K, 0% used [0x0000027993300000,0x0000027993300000,0x0000027993600000)
 ParOldGen       total 68608K, used 9770K [0x000002643c200000, 0x0000026440500000, 0x0000027991780000)
  object space 68608K, 14% used [0x000002643c200000,0x000002643cb8aa10,0x0000026440500000)
 Metaspace       used 27109K, committed 27648K, reserved 1114112K
  class space    used 2636K, committed 2880K, reserved 1048576K
}
Event: 3.061 GC heap after
{Heap after GC invocations=7 (full 1):
 PSYoungGen      total 26112K, used 1408K [0x0000027991780000, 0x0000027993480000, 0x000002843c200000)
  eden space 24576K, 0% used [0x0000027991780000,0x0000027991780000,0x0000027992f80000)
  from space 1536K, 91% used [0x0000027993300000,0x0000027993460220,0x0000027993480000)
  to   space 2048K, 0% used [0x0000027993080000,0x0000027993080000,0x0000027993280000)
 ParOldGen       total 68608K, used 9778K [0x000002643c200000, 0x0000026440500000, 0x0000027991780000)
  object space 68608K, 14% used [0x000002643c200000,0x000002643cb8ca10,0x0000026440500000)
 Metaspace       used 27109K, committed 27648K, reserved 1114112K
  class space    used 2636K, committed 2880K, reserved 1048576K
}
Event: 3.157 GC heap before
{Heap before GC invocations=8 (full 1):
 PSYoungGen      total 26112K, used 25984K [0x0000027991780000, 0x0000027993480000, 0x000002843c200000)
  eden space 24576K, 100% used [0x0000027991780000,0x0000027992f80000,0x0000027992f80000)
  from space 1536K, 91% used [0x0000027993300000,0x0000027993460220,0x0000027993480000)
  to   space 2048K, 0% used [0x0000027993080000,0x0000027993080000,0x0000027993280000)
 ParOldGen       total 68608K, used 9778K [0x000002643c200000, 0x0000026440500000, 0x0000027991780000)
  object space 68608K, 14% used [0x000002643c200000,0x000002643cb8ca10,0x0000026440500000)
 Metaspace       used 27631K, committed 28224K, reserved 1114112K
  class space    used 2655K, committed 2944K, reserved 1048576K
}
Event: 3.161 GC heap after
{Heap after GC invocations=8 (full 1):
 PSYoungGen      total 26112K, used 1721K [0x0000027991780000, 0x0000027993380000, 0x000002843c200000)
  eden space 24064K, 0% used [0x0000027991780000,0x0000027991780000,0x0000027992f00000)
  from space 2048K, 84% used [0x0000027993080000,0x000002799322e410,0x0000027993280000)
  to   space 1024K, 0% used [0x0000027993280000,0x0000027993280000,0x0000027993380000)
 ParOldGen       total 68608K, used 12911K [0x000002643c200000, 0x0000026440500000, 0x0000027991780000)
  object space 68608K, 18% used [0x000002643c200000,0x000002643ce9be30,0x0000026440500000)
 Metaspace       used 27631K, committed 28224K, reserved 1114112K
  class space    used 2655K, committed 2944K, reserved 1048576K
}

