# JRE version: OpenJDK Runtime Environment Temurin-17.0.10+7 (17.0.10+7) (build 17.0.10+7)
# Java VM: OpenJDK 64-Bit Server VM Temurin-17.0.10+7 (17.0.10+7, mixed mode, tiered, compressed class ptrs, parallel gc, windows-amd64)
GC Precious Log:
 CPUs: 12 total, 12 available
 Memory: 15724M
 Large Page Support: Disabled
 NUMA Support: Disabled
 Compressed Oops: Disabled
 Alignments: Space 512K, Generation 512K, Heap 2M
 Heap Min Capacity: 100M
 Heap Initial Capacity: 100M
 Heap Max Capacity: 128G
 Pre-touch: Disabled
 Parallel Workers: 10
Heap:
 PSYoungGen      total 27136K, used 8791K [0x0000021293b80000, 0x0000021295b80000, 0x0000021d3e600000)
  eden space 24064K, 23% used [0x0000021293b80000,0x000002129411a630,0x0000021295300000)
  from space 3072K, 99% used [0x0000021295880000,0x0000021295b7b890,0x0000021295b80000)
  to   space 3584K, 0% used [0x0000021295480000,0x0000021295480000,0x0000021295800000)
 ParOldGen       total 68608K, used 13669K [0x000001fd3e600000, 0x000001fd42900000, 0x0000021293b80000)
  object space 68608K, 19% used [0x000001fd3e600000,0x000001fd3f3594a0,0x000001fd42900000)
 Metaspace       used 29287K, committed 29824K, reserved 1114112K
  class space    used 2909K, committed 3136K, reserved 1048576K
GC Heap History (18 events):
Event: 2.708 GC heap before
{Heap before GC invocations=1 (full 0):
 PSYoungGen      total 29696K, used 25600K [0x0000021293b80000, 0x0000021295c80000, 0x0000021d3e600000)
  eden space 25600K, 100% used [0x0000021293b80000,0x0000021295480000,0x0000021295480000)
  from space 4096K, 0% used [0x0000021295880000,0x0000021295880000,0x0000021295c80000)
  to   space 4096K, 0% used [0x0000021295480000,0x0000021295480000,0x0000021295880000)
 ParOldGen       total 68608K, used 0K [0x000001fd3e600000, 0x000001fd42900000, 0x0000021293b80000)
  object space 68608K, 0% used [0x000001fd3e600000,0x000001fd3e600000,0x000001fd42900000)
 Metaspace       used 10381K, committed 10496K, reserved 1114112K
  class space    used 1029K, committed 1088K, reserved 1048576K
}
Event: 2.719 GC heap after
{Heap after GC invocations=1 (full 0):
 PSYoungGen      total 29696K, used 3828K [0x0000021293b80000, 0x0000021295c80000, 0x0000021d3e600000)
  eden space 25600K, 0% used [0x0000021293b80000,0x0000021293b80000,0x0000021295480000)
  from space 4096K, 93% used [0x0000021295480000,0x000002129583d298,0x0000021295880000)
  to   space 4096K, 0% used [0x0000021295880000,0x0000021295880000,0x0000021295c80000)
 ParOldGen       total 68608K, used 16K [0x000001fd3e600000, 0x000001fd42900000, 0x0000021293b80000)
  object space 68608K, 0% used [0x000001fd3e600000,0x000001fd3e604000,0x000001fd42900000)
 Metaspace       used 10381K, committed 10496K, reserved 1114112K
  class space    used 1029K, committed 1088K, reserved 1048576K
}
Event: 3.744 GC heap before
{Heap before GC invocations=2 (full 0):
 PSYoungGen      total 29696K, used 29428K [0x0000021293b80000, 0x0000021295c80000, 0x0000021d3e600000)
  eden space 25600K, 100% used [0x0000021293b80000,0x0000021295480000,0x0000021295480000)
  from space 4096K, 93% used [0x0000021295480000,0x000002129583d298,0x0000021295880000)
  to   space 4096K, 0% used [0x0000021295880000,0x0000021295880000,0x0000021295c80000)
 ParOldGen       total 68608K, used 16K [0x000001fd3e600000, 0x000001fd42900000, 0x0000021293b80000)
  object space 68608K, 0% used [0x000001fd3e600000,0x000001fd3e604000,0x000001fd42900000)
 Metaspace       used 13755K, committed 13952K, reserved 1114112K
  class space    used 1359K, committed 1472K, reserved 1048576K
}
Event: 3.752 GC heap after
{Heap after GC invocations=2 (full 0):
 PSYoungGen      total 29696K, used 4067K [0x0000021293b80000, 0x0000021295c80000, 0x0000021d3e600000)
  eden space 25600K, 0% used [0x0000021293b80000,0x0000021293b80000,0x0000021295480000)
  from space 4096K, 99% used [0x0000021295880000,0x0000021295c78f58,0x0000021295c80000)
  to   space 4096K, 0% used [0x0000021295480000,0x0000021295480000,0x0000021295880000)
 ParOldGen       total 68608K, used 2930K [0x000001fd3e600000, 0x000001fd42900000, 0x0000021293b80000)
  object space 68608K, 4% used [0x000001fd3e600000,0x000001fd3e8dcbd8,0x000001fd42900000)
 Metaspace       used 13755K, committed 13952K, reserved 1114112K
  class space    used 1359K, committed 1472K, reserved 1048576K
}
Event: 4.494 GC heap before
{Heap before GC invocations=3 (full 0):
 PSYoungGen      total 29696K, used 29667K [0x0000021293b80000, 0x0000021295c80000, 0x0000021d3e600000)
  eden space 25600K, 100% used [0x0000021293b80000,0x0000021295480000,0x0000021295480000)
  from space 4096K, 99% used [0x0000021295880000,0x0000021295c78f58,0x0000021295c80000)
  to   space 4096K, 0% used [0x0000021295480000,0x0000021295480000,0x0000021295880000)
 ParOldGen       total 68608K, used 2930K [0x000001fd3e600000, 0x000001fd42900000, 0x0000021293b80000)
  object space 68608K, 4% used [0x000001fd3e600000,0x000001fd3e8dcbd8,0x000001fd42900000)
 Metaspace       used 15714K, committed 15872K, reserved 1114112K
  class space    used 1584K, committed 1664K, reserved 1048576K
}
Event: 4.502 GC heap after
{Heap after GC invocations=3 (full 0):
 PSYoungGen      total 29696K, used 4073K [0x0000021293b80000, 0x0000021295c80000, 0x0000021d3e600000)
  eden space 25600K, 0% used [0x0000021293b80000,0x0000021293b80000,0x0000021295480000)
  from space 4096K, 99% used [0x0000021295480000,0x000002129587a408,0x0000021295880000)
  to   space 4096K, 0% used [0x0000021295880000,0x0000021295880000,0x0000021295c80000)
 ParOldGen       total 68608K, used 7271K [0x000001fd3e600000, 0x000001fd42900000, 0x0000021293b80000)
  object space 68608K, 10% used [0x000001fd3e600000,0x000001fd3ed19cc0,0x000001fd42900000)
 Metaspace       used 15714K, committed 15872K, reserved 1114112K
  class space    used 1584K, committed 1664K, reserved 1048576K
}
Event: 5.126 GC heap before
{Heap before GC invocations=4 (full 0):
 PSYoungGen      total 29696K, used 29673K [0x0000021293b80000, 0x0000021295c80000, 0x0000021d3e600000)
  eden space 25600K, 100% used [0x0000021293b80000,0x0000021295480000,0x0000021295480000)
  from space 4096K, 99% used [0x0000021295480000,0x000002129587a408,0x0000021295880000)
  to   space 4096K, 0% used [0x0000021295880000,0x0000021295880000,0x0000021295c80000)
 ParOldGen       total 68608K, used 7271K [0x000001fd3e600000, 0x000001fd42900000, 0x0000021293b80000)
  object space 68608K, 10% used [0x000001fd3e600000,0x000001fd3ed19cc0,0x000001fd42900000)
 Metaspace       used 18863K, committed 19200K, reserved 1114112K
  class space    used 1932K, committed 2112K, reserved 1048576K
}
Event: 5.132 GC heap after
{Heap after GC invocations=4 (full 0):
 PSYoungGen      total 29696K, used 4080K [0x0000021293b80000, 0x0000021295c80000, 0x0000021d3e600000)
  eden space 25600K, 0% used [0x0000021293b80000,0x0000021293b80000,0x0000021295480000)
  from space 4096K, 99% used [0x0000021295880000,0x0000021295c7c280,0x0000021295c80000)
  to   space 4096K, 0% used [0x0000021295480000,0x0000021295480000,0x0000021295880000)
 ParOldGen       total 68608K, used 8306K [0x000001fd3e600000, 0x000001fd42900000, 0x0000021293b80000)
  object space 68608K, 12% used [0x000001fd3e600000,0x000001fd3ee1ca70,0x000001fd42900000)
 Metaspace       used 18863K, committed 19200K, reserved 1114112K
  class space    used 1932K, committed 2112K, reserved 1048576K
}
Event: 5.573 GC heap before
{Heap before GC invocations=5 (full 0):
 PSYoungGen      total 29696K, used 19057K [0x0000021293b80000, 0x0000021295c80000, 0x0000021d3e600000)
  eden space 25600K, 58% used [0x0000021293b80000,0x0000021294a204c0,0x0000021295480000)
  from space 4096K, 99% used [0x0000021295880000,0x0000021295c7c280,0x0000021295c80000)
  to   space 4096K, 0% used [0x0000021295480000,0x0000021295480000,0x0000021295880000)
 ParOldGen       total 68608K, used 8306K [0x000001fd3e600000, 0x000001fd42900000, 0x0000021293b80000)
  object space 68608K, 12% used [0x000001fd3e600000,0x000001fd3ee1ca70,0x000001fd42900000)
 Metaspace       used 21051K, committed 21504K, reserved 1114112K
  class space    used 2139K, committed 2368K, reserved 1048576K
}
Event: 5.577 GC heap after
{Heap after GC invocations=5 (full 0):
 PSYoungGen      total 29696K, used 4094K [0x0000021293b80000, 0x0000021295f80000, 0x0000021d3e600000)
  eden space 25600K, 0% used [0x0000021293b80000,0x0000021293b80000,0x0000021295480000)
  from space 4096K, 99% used [0x0000021295480000,0x000002129587f8e0,0x0000021295880000)
  to   space 5632K, 0% used [0x0000021295a00000,0x0000021295a00000,0x0000021295f80000)
 ParOldGen       total 68608K, used 9336K [0x000001fd3e600000, 0x000001fd42900000, 0x0000021293b80000)
  object space 68608K, 13% used [0x000001fd3e600000,0x000001fd3ef1e2a8,0x000001fd42900000)
 Metaspace       used 21051K, committed 21504K, reserved 1114112K
  class space    used 2139K, committed 2368K, reserved 1048576K
}
Event: 5.577 GC heap before
{Heap before GC invocations=6 (full 1):
 PSYoungGen      total 29696K, used 4094K [0x0000021293b80000, 0x0000021295f80000, 0x0000021d3e600000)
  eden space 25600K, 0% used [0x0000021293b80000,0x0000021293b80000,0x0000021295480000)
  from space 4096K, 99% used [0x0000021295480000,0x000002129587f8e0,0x0000021295880000)
  to   space 5632K, 0% used [0x0000021295a00000,0x0000021295a00000,0x0000021295f80000)
 ParOldGen       total 68608K, used 9336K [0x000001fd3e600000, 0x000001fd42900000, 0x0000021293b80000)
  object space 68608K, 13% used [0x000001fd3e600000,0x000001fd3ef1e2a8,0x000001fd42900000)
 Metaspace       used 21051K, committed 21504K, reserved 1114112K
  class space    used 2139K, committed 2368K, reserved 1048576K
}
Event: 5.617 GC heap after
{Heap after GC invocations=6 (full 1):
 PSYoungGen      total 29696K, used 0K [0x0000021293b80000, 0x0000021295f80000, 0x0000021d3e600000)
  eden space 25600K, 0% used [0x0000021293b80000,0x0000021293b80000,0x0000021295480000)
  from space 4096K, 0% used [0x0000021295480000,0x0000021295480000,0x0000021295880000)
  to   space 5632K, 0% used [0x0000021295a00000,0x0000021295a00000,0x0000021295f80000)
 ParOldGen       total 68608K, used 12897K [0x000001fd3e600000, 0x000001fd42900000, 0x0000021293b80000)
  object space 68608K, 18% used [0x000001fd3e600000,0x000001fd3f298570,0x000001fd42900000)
 Metaspace       used 21038K, committed 21504K, reserved 1114112K
  class space    used 2136K, committed 2368K, reserved 1048576K
}
Event: 6.527 GC heap before
{Heap before GC invocations=7 (full 1):
 PSYoungGen      total 29696K, used 25600K [0x0000021293b80000, 0x0000021295f80000, 0x0000021d3e600000)
  eden space 25600K, 100% used [0x0000021293b80000,0x0000021295480000,0x0000021295480000)
  from space 4096K, 0% used [0x0000021295480000,0x0000021295480000,0x0000021295880000)
  to   space 5632K, 0% used [0x0000021295a00000,0x0000021295a00000,0x0000021295f80000)
 ParOldGen       total 68608K, used 12897K [0x000001fd3e600000, 0x000001fd42900000, 0x0000021293b80000)
  object space 68608K, 18% used [0x000001fd3e600000,0x000001fd3f298570,0x000001fd42900000)
 Metaspace       used 24036K, committed 24512K, reserved 1114112K
  class space    used 2447K, committed 2624K, reserved 1048576K
}
Event: 6.533 GC heap after
{Heap after GC invocations=7 (full 1):
 PSYoungGen      total 26624K, used 1312K [0x0000021293b80000, 0x0000021295b80000, 0x0000021d3e600000)
  eden space 25088K, 0% used [0x0000021293b80000,0x0000021293b80000,0x0000021295400000)
  from space 1536K, 85% used [0x0000021295a00000,0x0000021295b482a0,0x0000021295b80000)
  to   space 3072K, 0% used [0x0000021295580000,0x0000021295580000,0x0000021295880000)
 ParOldGen       total 68608K, used 12905K [0x000001fd3e600000, 0x000001fd42900000, 0x0000021293b80000)
  object space 68608K, 18% used [0x000001fd3e600000,0x000001fd3f29a570,0x000001fd42900000)
 Metaspace       used 24036K, committed 24512K, reserved 1114112K
  class space    used 2447K, committed 2624K, reserved 1048576K
}
Event: 6.818 GC heap before
{Heap before GC invocations=8 (full 1):
 PSYoungGen      total 26624K, used 26400K [0x0000021293b80000, 0x0000021295b80000, 0x0000021d3e600000)
  eden space 25088K, 100% used [0x0000021293b80000,0x0000021295400000,0x0000021295400000)
  from space 1536K, 85% used [0x0000021295a00000,0x0000021295b482a0,0x0000021295b80000)
  to   space 3072K, 0% used [0x0000021295580000,0x0000021295580000,0x0000021295880000)
 ParOldGen       total 68608K, used 12905K [0x000001fd3e600000, 0x000001fd42900000, 0x0000021293b80000)
  object space 68608K, 18% used [0x000001fd3e600000,0x000001fd3f29a570,0x000001fd42900000)
 Metaspace       used 26442K, committed 27008K, reserved 1114112K
  class space    used 2715K, committed 2944K, reserved 1048576K
}
Event: 6.820 GC heap after
{Heap after GC invocations=8 (full 1):
 PSYoungGen      total 27648K, used 3070K [0x0000021293b80000, 0x0000021295b80000, 0x0000021d3e600000)
  eden space 24576K, 0% used [0x0000021293b80000,0x0000021293b80000,0x0000021295380000)
  from space 3072K, 99% used [0x0000021295580000,0x000002129587fa48,0x0000021295880000)
  to   space 3072K, 0% used [0x0000021295880000,0x0000021295880000,0x0000021295b80000)
 ParOldGen       total 68608K, used 13379K [0x000001fd3e600000, 0x000001fd42900000, 0x0000021293b80000)
  object space 68608K, 19% used [0x000001fd3e600000,0x000001fd3f310d08,0x000001fd42900000)
 Metaspace       used 26442K, committed 27008K, reserved 1114112K
  class space    used 2715K, committed 2944K, reserved 1048576K
}
Event: 6.932 GC heap before
{Heap before GC invocations=9 (full 1):
 PSYoungGen      total 27648K, used 27644K [0x0000021293b80000, 0x0000021295b80000, 0x0000021d3e600000)
  eden space 24576K, 99% used [0x0000021293b80000,0x000002129537f700,0x0000021295380000)
  from space 3072K, 99% used [0x0000021295580000,0x000002129587fa48,0x0000021295880000)
  to   space 3072K, 0% used [0x0000021295880000,0x0000021295880000,0x0000021295b80000)
 ParOldGen       total 68608K, used 13379K [0x000001fd3e600000, 0x000001fd42900000, 0x0000021293b80000)
  object space 68608K, 19% used [0x000001fd3e600000,0x000001fd3f310d08,0x000001fd42900000)
 Metaspace       used 28422K, committed 28992K, reserved 1114112K
  class space    used 2853K, committed 3072K, reserved 1048576K
}
Event: 6.933 GC heap after
{Heap after GC invocations=9 (full 1):
 PSYoungGen      total 27136K, used 3054K [0x0000021293b80000, 0x0000021295b80000, 0x0000021d3e600000)
  eden space 24064K, 0% used [0x0000021293b80000,0x0000021293b80000,0x0000021295300000)
  from space 3072K, 99% used [0x0000021295880000,0x0000021295b7b890,0x0000021295b80000)
  to   space 3584K, 0% used [0x0000021295480000,0x0000021295480000,0x0000021295800000)
 ParOldGen       total 68608K, used 13669K [0x000001fd3e600000, 0x000001fd42900000, 0x0000021293b80000)
  object space 68608K, 19% used [0x000001fd3e600000,0x000001fd3f3594a0,0x000001fd42900000)
 Metaspace       used 28422K, committed 28992K, reserved 1114112K
  class space    used 2853K, committed 3072K, reserved 1048576K
}

