# JRE version: OpenJDK Runtime Environment Temurin-17.0.10+7 (17.0.10+7) (build 17.0.10+7)
# Java VM: OpenJDK 64-Bit Server VM Temurin-17.0.10+7 (17.0.10+7, mixed mode, tiered, compressed class ptrs, parallel gc, windows-amd64)
GC Precious Log:
 CPUs: 12 total, 12 available
 Memory: 15724M
 Large Page Support: Disabled
 NUMA Support: Disabled
 Compressed Oops: Disabled
 Alignments: Space 512K, Generation 512K, Heap 2M
 Heap Min Capacity: 100M
 Heap Initial Capacity: 100M
 Heap Max Capacity: 128G
 Pre-touch: Disabled
 Parallel Workers: 10
Heap:
 PSYoungGen      total 26112K, used 13773K [0x00000212d2580000, 0x00000212d4400000, 0x0000021d7d000000)
  eden space 22016K, 44% used [0x00000212d2580000,0x00000212d2f01f70,0x00000212d3b00000)
  from space 4096K, 98% used [0x00000212d3b00000,0x00000212d3ef1760,0x00000212d3f00000)
  to   space 4608K, 0% used [0x00000212d3f80000,0x00000212d3f80000,0x00000212d4400000)
 ParOldGen       total 68608K, used 14995K [0x000001fd7d000000, 0x000001fd81300000, 0x00000212d2580000)
  object space 68608K, 21% used [0x000001fd7d000000,0x000001fd7dea4ee0,0x000001fd81300000)
 Metaspace       used 34912K, committed 35584K, reserved 1114112K
  class space    used 3484K, committed 3776K, reserved 1048576K
GC Heap History (20 events):
Event: 0.567 GC heap before
{Heap before GC invocations=1 (full 0):
 PSYoungGen      total 29696K, used 25600K [0x00000212d2580000, 0x00000212d4680000, 0x0000021d7d000000)
  eden space 25600K, 100% used [0x00000212d2580000,0x00000212d3e80000,0x00000212d3e80000)
  from space 4096K, 0% used [0x00000212d4280000,0x00000212d4280000,0x00000212d4680000)
  to   space 4096K, 0% used [0x00000212d3e80000,0x00000212d3e80000,0x00000212d4280000)
 ParOldGen       total 68608K, used 0K [0x000001fd7d000000, 0x000001fd81300000, 0x00000212d2580000)
  object space 68608K, 0% used [0x000001fd7d000000,0x000001fd7d000000,0x000001fd81300000)
 Metaspace       used 10373K, committed 10496K, reserved 1114112K
  class space    used 1029K, committed 1088K, reserved 1048576K
}
Event: 0.571 GC heap after
{Heap after GC invocations=1 (full 0):
 PSYoungGen      total 29696K, used 3844K [0x00000212d2580000, 0x00000212d4680000, 0x0000021d7d000000)
  eden space 25600K, 0% used [0x00000212d2580000,0x00000212d2580000,0x00000212d3e80000)
  from space 4096K, 93% used [0x00000212d3e80000,0x00000212d42412a8,0x00000212d4280000)
  to   space 4096K, 0% used [0x00000212d4280000,0x00000212d4280000,0x00000212d4680000)
 ParOldGen       total 68608K, used 16K [0x000001fd7d000000, 0x000001fd81300000, 0x00000212d2580000)
  object space 68608K, 0% used [0x000001fd7d000000,0x000001fd7d004000,0x000001fd81300000)
 Metaspace       used 10373K, committed 10496K, reserved 1114112K
  class space    used 1029K, committed 1088K, reserved 1048576K
}
Event: 0.933 GC heap before
{Heap before GC invocations=2 (full 0):
 PSYoungGen      total 29696K, used 29444K [0x00000212d2580000, 0x00000212d4680000, 0x0000021d7d000000)
  eden space 25600K, 100% used [0x00000212d2580000,0x00000212d3e80000,0x00000212d3e80000)
  from space 4096K, 93% used [0x00000212d3e80000,0x00000212d42412a8,0x00000212d4280000)
  to   space 4096K, 0% used [0x00000212d4280000,0x00000212d4280000,0x00000212d4680000)
 ParOldGen       total 68608K, used 16K [0x000001fd7d000000, 0x000001fd81300000, 0x00000212d2580000)
  object space 68608K, 0% used [0x000001fd7d000000,0x000001fd7d004000,0x000001fd81300000)
 Metaspace       used 13888K, committed 14080K, reserved 1114112K
  class space    used 1385K, committed 1472K, reserved 1048576K
}
Event: 0.937 GC heap after
{Heap after GC invocations=2 (full 0):
 PSYoungGen      total 29696K, used 4089K [0x00000212d2580000, 0x00000212d4680000, 0x0000021d7d000000)
  eden space 25600K, 0% used [0x00000212d2580000,0x00000212d2580000,0x00000212d3e80000)
  from space 4096K, 99% used [0x00000212d4280000,0x00000212d467e798,0x00000212d4680000)
  to   space 4096K, 0% used [0x00000212d3e80000,0x00000212d3e80000,0x00000212d4280000)
 ParOldGen       total 68608K, used 1866K [0x000001fd7d000000, 0x000001fd81300000, 0x00000212d2580000)
  object space 68608K, 2% used [0x000001fd7d000000,0x000001fd7d1d2ba0,0x000001fd81300000)
 Metaspace       used 13888K, committed 14080K, reserved 1114112K
  class space    used 1385K, committed 1472K, reserved 1048576K
}
Event: 1.177 GC heap before
{Heap before GC invocations=3 (full 0):
 PSYoungGen      total 29696K, used 29689K [0x00000212d2580000, 0x00000212d4680000, 0x0000021d7d000000)
  eden space 25600K, 100% used [0x00000212d2580000,0x00000212d3e80000,0x00000212d3e80000)
  from space 4096K, 99% used [0x00000212d4280000,0x00000212d467e798,0x00000212d4680000)
  to   space 4096K, 0% used [0x00000212d3e80000,0x00000212d3e80000,0x00000212d4280000)
 ParOldGen       total 68608K, used 1866K [0x000001fd7d000000, 0x000001fd81300000, 0x00000212d2580000)
  object space 68608K, 2% used [0x000001fd7d000000,0x000001fd7d1d2ba0,0x000001fd81300000)
 Metaspace       used 18420K, committed 18752K, reserved 1114112K
  class space    used 1880K, committed 2048K, reserved 1048576K
}
Event: 1.180 GC heap after
{Heap after GC invocations=3 (full 0):
 PSYoungGen      total 29696K, used 4094K [0x00000212d2580000, 0x00000212d4680000, 0x0000021d7d000000)
  eden space 25600K, 0% used [0x00000212d2580000,0x00000212d2580000,0x00000212d3e80000)
  from space 4096K, 99% used [0x00000212d3e80000,0x00000212d427f8e8,0x00000212d4280000)
  to   space 4096K, 0% used [0x00000212d4280000,0x00000212d4280000,0x00000212d4680000)
 ParOldGen       total 68608K, used 3862K [0x000001fd7d000000, 0x000001fd81300000, 0x00000212d2580000)
  object space 68608K, 5% used [0x000001fd7d000000,0x000001fd7d3c5a18,0x000001fd81300000)
 Metaspace       used 18420K, committed 18752K, reserved 1114112K
  class space    used 1880K, committed 2048K, reserved 1048576K
}
Event: 1.381 GC heap before
{Heap before GC invocations=4 (full 0):
 PSYoungGen      total 29696K, used 21781K [0x00000212d2580000, 0x00000212d4680000, 0x0000021d7d000000)
  eden space 25600K, 69% used [0x00000212d2580000,0x00000212d36c5bf8,0x00000212d3e80000)
  from space 4096K, 99% used [0x00000212d3e80000,0x00000212d427f8e8,0x00000212d4280000)
  to   space 4096K, 0% used [0x00000212d4280000,0x00000212d4280000,0x00000212d4680000)
 ParOldGen       total 68608K, used 3862K [0x000001fd7d000000, 0x000001fd81300000, 0x00000212d2580000)
  object space 68608K, 5% used [0x000001fd7d000000,0x000001fd7d3c5a18,0x000001fd81300000)
 Metaspace       used 21025K, committed 21504K, reserved 1114112K
  class space    used 2146K, committed 2368K, reserved 1048576K
}
Event: 1.383 GC heap after
{Heap after GC invocations=4 (full 0):
 PSYoungGen      total 29696K, used 4085K [0x00000212d2580000, 0x00000212d4680000, 0x0000021d7d000000)
  eden space 25600K, 0% used [0x00000212d2580000,0x00000212d2580000,0x00000212d3e80000)
  from space 4096K, 99% used [0x00000212d4280000,0x00000212d467d6a0,0x00000212d4680000)
  to   space 4096K, 0% used [0x00000212d3e80000,0x00000212d3e80000,0x00000212d4280000)
 ParOldGen       total 68608K, used 5502K [0x000001fd7d000000, 0x000001fd81300000, 0x00000212d2580000)
  object space 68608K, 8% used [0x000001fd7d000000,0x000001fd7d55fa48,0x000001fd81300000)
 Metaspace       used 21025K, committed 21504K, reserved 1114112K
  class space    used 2146K, committed 2368K, reserved 1048576K
}
Event: 1.383 GC heap before
{Heap before GC invocations=5 (full 1):
 PSYoungGen      total 29696K, used 4085K [0x00000212d2580000, 0x00000212d4680000, 0x0000021d7d000000)
  eden space 25600K, 0% used [0x00000212d2580000,0x00000212d2580000,0x00000212d3e80000)
  from space 4096K, 99% used [0x00000212d4280000,0x00000212d467d6a0,0x00000212d4680000)
  to   space 4096K, 0% used [0x00000212d3e80000,0x00000212d3e80000,0x00000212d4280000)
 ParOldGen       total 68608K, used 5502K [0x000001fd7d000000, 0x000001fd81300000, 0x00000212d2580000)
  object space 68608K, 8% used [0x000001fd7d000000,0x000001fd7d55fa48,0x000001fd81300000)
 Metaspace       used 21025K, committed 21504K, reserved 1114112K
  class space    used 2146K, committed 2368K, reserved 1048576K
}
Event: 1.396 GC heap after
{Heap after GC invocations=5 (full 1):
 PSYoungGen      total 29696K, used 0K [0x00000212d2580000, 0x00000212d4680000, 0x0000021d7d000000)
  eden space 25600K, 0% used [0x00000212d2580000,0x00000212d2580000,0x00000212d3e80000)
  from space 4096K, 0% used [0x00000212d4280000,0x00000212d4280000,0x00000212d4680000)
  to   space 4096K, 0% used [0x00000212d3e80000,0x00000212d3e80000,0x00000212d4280000)
 ParOldGen       total 68608K, used 9424K [0x000001fd7d000000, 0x000001fd81300000, 0x00000212d2580000)
  object space 68608K, 13% used [0x000001fd7d000000,0x000001fd7d9341e8,0x000001fd81300000)
 Metaspace       used 21011K, committed 21504K, reserved 1114112K
  class space    used 2142K, committed 2368K, reserved 1048576K
}
Event: 1.508 GC heap before
{Heap before GC invocations=6 (full 1):
 PSYoungGen      total 29696K, used 25600K [0x00000212d2580000, 0x00000212d4680000, 0x0000021d7d000000)
  eden space 25600K, 100% used [0x00000212d2580000,0x00000212d3e80000,0x00000212d3e80000)
  from space 4096K, 0% used [0x00000212d4280000,0x00000212d4280000,0x00000212d4680000)
  to   space 4096K, 0% used [0x00000212d3e80000,0x00000212d3e80000,0x00000212d4280000)
 ParOldGen       total 68608K, used 9424K [0x000001fd7d000000, 0x000001fd81300000, 0x00000212d2580000)
  object space 68608K, 13% used [0x000001fd7d000000,0x000001fd7d9341e8,0x000001fd81300000)
 Metaspace       used 23260K, committed 23872K, reserved 1114112K
  class space    used 2351K, committed 2624K, reserved 1048576K
}
Event: 1.509 GC heap after
{Heap after GC invocations=6 (full 1):
 PSYoungGen      total 26624K, used 1447K [0x00000212d2580000, 0x00000212d4400000, 0x0000021d7d000000)
  eden space 25088K, 0% used [0x00000212d2580000,0x00000212d2580000,0x00000212d3e00000)
  from space 1536K, 94% used [0x00000212d3e80000,0x00000212d3fe9d98,0x00000212d4000000)
  to   space 3072K, 0% used [0x00000212d4100000,0x00000212d4100000,0x00000212d4400000)
 ParOldGen       total 68608K, used 9432K [0x000001fd7d000000, 0x000001fd81300000, 0x00000212d2580000)
  object space 68608K, 13% used [0x000001fd7d000000,0x000001fd7d9361e8,0x000001fd81300000)
 Metaspace       used 23260K, committed 23872K, reserved 1114112K
  class space    used 2351K, committed 2624K, reserved 1048576K
}
Event: 1.635 GC heap before
{Heap before GC invocations=7 (full 1):
 PSYoungGen      total 26624K, used 26535K [0x00000212d2580000, 0x00000212d4400000, 0x0000021d7d000000)
  eden space 25088K, 100% used [0x00000212d2580000,0x00000212d3e00000,0x00000212d3e00000)
  from space 1536K, 94% used [0x00000212d3e80000,0x00000212d3fe9d98,0x00000212d4000000)
  to   space 3072K, 0% used [0x00000212d4100000,0x00000212d4100000,0x00000212d4400000)
 ParOldGen       total 68608K, used 9432K [0x000001fd7d000000, 0x000001fd81300000, 0x00000212d2580000)
  object space 68608K, 13% used [0x000001fd7d000000,0x000001fd7d9361e8,0x000001fd81300000)
 Metaspace       used 26889K, committed 27456K, reserved 1114112K
  class space    used 2618K, committed 2880K, reserved 1048576K
}
Event: 1.637 GC heap after
{Heap after GC invocations=7 (full 1):
 PSYoungGen      total 27648K, used 2704K [0x00000212d2580000, 0x00000212d4400000, 0x0000021d7d000000)
  eden space 24576K, 0% used [0x00000212d2580000,0x00000212d2580000,0x00000212d3d80000)
  from space 3072K, 88% used [0x00000212d4100000,0x00000212d43a4310,0x00000212d4400000)
  to   space 3072K, 0% used [0x00000212d3e00000,0x00000212d3e00000,0x00000212d4100000)
 ParOldGen       total 68608K, used 11002K [0x000001fd7d000000, 0x000001fd81300000, 0x00000212d2580000)
  object space 68608K, 16% used [0x000001fd7d000000,0x000001fd7dabebf8,0x000001fd81300000)
 Metaspace       used 26889K, committed 27456K, reserved 1114112K
  class space    used 2618K, committed 2880K, reserved 1048576K
}
Event: 1.721 GC heap before
{Heap before GC invocations=8 (full 1):
 PSYoungGen      total 27648K, used 27280K [0x00000212d2580000, 0x00000212d4400000, 0x0000021d7d000000)
  eden space 24576K, 100% used [0x00000212d2580000,0x00000212d3d80000,0x00000212d3d80000)
  from space 3072K, 88% used [0x00000212d4100000,0x00000212d43a4310,0x00000212d4400000)
  to   space 3072K, 0% used [0x00000212d3e00000,0x00000212d3e00000,0x00000212d4100000)
 ParOldGen       total 68608K, used 11002K [0x000001fd7d000000, 0x000001fd81300000, 0x00000212d2580000)
  object space 68608K, 16% used [0x000001fd7d000000,0x000001fd7dabebf8,0x000001fd81300000)
 Metaspace       used 27480K, committed 28032K, reserved 1114112K
  class space    used 2646K, committed 2880K, reserved 1048576K
}
Event: 1.723 GC heap after
{Heap after GC invocations=8 (full 1):
 PSYoungGen      total 27136K, used 2960K [0x00000212d2580000, 0x00000212d4300000, 0x0000021d7d000000)
  eden space 24064K, 0% used [0x00000212d2580000,0x00000212d2580000,0x00000212d3d00000)
  from space 3072K, 96% used [0x00000212d3e00000,0x00000212d40e4310,0x00000212d4100000)
  to   space 2048K, 0% used [0x00000212d4100000,0x00000212d4100000,0x00000212d4300000)
 ParOldGen       total 68608K, used 11010K [0x000001fd7d000000, 0x000001fd81300000, 0x00000212d2580000)
  object space 68608K, 16% used [0x000001fd7d000000,0x000001fd7dac0bf8,0x000001fd81300000)
 Metaspace       used 27480K, committed 28032K, reserved 1114112K
  class space    used 2646K, committed 2880K, reserved 1048576K
}
Event: 2.419 GC heap before
{Heap before GC invocations=9 (full 1):
 PSYoungGen      total 27136K, used 27024K [0x00000212d2580000, 0x00000212d4300000, 0x0000021d7d000000)
  eden space 24064K, 100% used [0x00000212d2580000,0x00000212d3d00000,0x00000212d3d00000)
  from space 3072K, 96% used [0x00000212d3e00000,0x00000212d40e4310,0x00000212d4100000)
  to   space 2048K, 0% used [0x00000212d4100000,0x00000212d4100000,0x00000212d4300000)
 ParOldGen       total 68608K, used 11010K [0x000001fd7d000000, 0x000001fd81300000, 0x00000212d2580000)
  object space 68608K, 16% used [0x000001fd7d000000,0x000001fd7dac0bf8,0x000001fd81300000)
 Metaspace       used 31090K, committed 31808K, reserved 1114112K
  class space    used 3008K, committed 3328K, reserved 1048576K
}
Event: 2.421 GC heap after
{Heap after GC invocations=9 (full 1):
 PSYoungGen      total 24064K, used 2034K [0x00000212d2580000, 0x00000212d4880000, 0x0000021d7d000000)
  eden space 22016K, 0% used [0x00000212d2580000,0x00000212d2580000,0x00000212d3b00000)
  from space 2048K, 99% used [0x00000212d4100000,0x00000212d42fca58,0x00000212d4300000)
  to   space 6144K, 0% used [0x00000212d3b00000,0x00000212d3b00000,0x00000212d4100000)
 ParOldGen       total 68608K, used 14323K [0x000001fd7d000000, 0x000001fd81300000, 0x00000212d2580000)
  object space 68608K, 20% used [0x000001fd7d000000,0x000001fd7ddfcdb8,0x000001fd81300000)
 Metaspace       used 31090K, committed 31808K, reserved 1114112K
  class space    used 3008K, committed 3328K, reserved 1048576K
}
Event: 2.632 GC heap before
{Heap before GC invocations=10 (full 1):
 PSYoungGen      total 24064K, used 24042K [0x00000212d2580000, 0x00000212d4880000, 0x0000021d7d000000)
  eden space 22016K, 99% used [0x00000212d2580000,0x00000212d3afe118,0x00000212d3b00000)
  from space 2048K, 99% used [0x00000212d4100000,0x00000212d42fca58,0x00000212d4300000)
  to   space 6144K, 0% used [0x00000212d3b00000,0x00000212d3b00000,0x00000212d4100000)
 ParOldGen       total 68608K, used 14323K [0x000001fd7d000000, 0x000001fd81300000, 0x00000212d2580000)
  object space 68608K, 20% used [0x000001fd7d000000,0x000001fd7ddfcdb8,0x000001fd81300000)
 Metaspace       used 33597K, committed 34304K, reserved 1114112K
  class space    used 3324K, committed 3648K, reserved 1048576K
}
Event: 2.634 GC heap after
{Heap after GC invocations=10 (full 1):
 PSYoungGen      total 26112K, used 4037K [0x00000212d2580000, 0x00000212d4400000, 0x0000021d7d000000)
  eden space 22016K, 0% used [0x00000212d2580000,0x00000212d2580000,0x00000212d3b00000)
  from space 4096K, 98% used [0x00000212d3b00000,0x00000212d3ef1760,0x00000212d3f00000)
  to   space 4608K, 0% used [0x00000212d3f80000,0x00000212d3f80000,0x00000212d4400000)
 ParOldGen       total 68608K, used 14995K [0x000001fd7d000000, 0x000001fd81300000, 0x00000212d2580000)
  object space 68608K, 21% used [0x000001fd7d000000,0x000001fd7dea4ee0,0x000001fd81300000)
 Metaspace       used 33597K, committed 34304K, reserved 1114112K
  class space    used 3324K, committed 3648K, reserved 1048576K
}

