# JRE version: OpenJDK Runtime Environment Temurin-17.0.10+7 (17.0.10+7) (build 17.0.10+7)
# Java VM: OpenJDK 64-Bit Server VM Temurin-17.0.10+7 (17.0.10+7, mixed mode, tiered, compressed class ptrs, parallel gc, windows-amd64)
GC Precious Log:
 CPUs: 12 total, 12 available
 Memory: 15724M
 Large Page Support: Disabled
 NUMA Support: Disabled
 Compressed Oops: Disabled
 Alignments: Space 512K, Generation 512K, Heap 2M
 Heap Min Capacity: 100M
 Heap Initial Capacity: 100M
 Heap Max Capacity: 64G
 Pre-touch: Disabled
 Parallel Workers: 10
Heap:
 PSYoungGen      total 27648K, used 27251K [0x0000025747d00000, 0x0000025749b80000, 0x0000025c9d200000)
  eden space 24576K, 100% used [0x0000025747d00000,0x0000025749500000,0x0000025749500000)
  from space 3072K, 87% used [0x0000025749880000,0x0000025749b1ccd8,0x0000025749b80000)
  to   space 3072K, 99% used [0x0000025749580000,0x000002574987e5c0,0x0000025749880000)
 ParOldGen       total 68608K, used 11801K [0x0000024c9d200000, 0x0000024ca1500000, 0x0000025747d00000)
  object space 68608K, 17% used [0x0000024c9d200000,0x0000024c9dd865b8,0x0000024ca1500000)
 Metaspace       used 27823K, committed 28288K, reserved 1114112K
  class space    used 2673K, committed 2880K, reserved 1048576K
GC Heap History (14 events):
Event: 0.835 GC heap before
{Heap before GC invocations=1 (full 0):
 PSYoungGen      total 29696K, used 25600K [0x0000025747d00000, 0x0000025749e00000, 0x0000025c9d200000)
  eden space 25600K, 100% used [0x0000025747d00000,0x0000025749600000,0x0000025749600000)
  from space 4096K, 0% used [0x0000025749a00000,0x0000025749a00000,0x0000025749e00000)
  to   space 4096K, 0% used [0x0000025749600000,0x0000025749600000,0x0000025749a00000)
 ParOldGen       total 68608K, used 0K [0x0000024c9d200000, 0x0000024ca1500000, 0x0000025747d00000)
  object space 68608K, 0% used [0x0000024c9d200000,0x0000024c9d200000,0x0000024ca1500000)
 Metaspace       used 10388K, committed 10560K, reserved 1114112K
  class space    used 1030K, committed 1088K, reserved 1048576K
}
Event: 0.842 GC heap after
{Heap after GC invocations=1 (full 0):
 PSYoungGen      total 29696K, used 3812K [0x0000025747d00000, 0x0000025749e00000, 0x0000025c9d200000)
  eden space 25600K, 0% used [0x0000025747d00000,0x0000025747d00000,0x0000025749600000)
  from space 4096K, 93% used [0x0000025749600000,0x00000257499b9160,0x0000025749a00000)
  to   space 4096K, 0% used [0x0000025749a00000,0x0000025749a00000,0x0000025749e00000)
 ParOldGen       total 68608K, used 16K [0x0000024c9d200000, 0x0000024ca1500000, 0x0000025747d00000)
  object space 68608K, 0% used [0x0000024c9d200000,0x0000024c9d204000,0x0000024ca1500000)
 Metaspace       used 10388K, committed 10560K, reserved 1114112K
  class space    used 1030K, committed 1088K, reserved 1048576K
}
Event: 1.396 GC heap before
{Heap before GC invocations=2 (full 0):
 PSYoungGen      total 29696K, used 29412K [0x0000025747d00000, 0x0000025749e00000, 0x0000025c9d200000)
  eden space 25600K, 100% used [0x0000025747d00000,0x0000025749600000,0x0000025749600000)
  from space 4096K, 93% used [0x0000025749600000,0x00000257499b9160,0x0000025749a00000)
  to   space 4096K, 0% used [0x0000025749a00000,0x0000025749a00000,0x0000025749e00000)
 ParOldGen       total 68608K, used 16K [0x0000024c9d200000, 0x0000024ca1500000, 0x0000025747d00000)
  object space 68608K, 0% used [0x0000024c9d200000,0x0000024c9d204000,0x0000024ca1500000)
 Metaspace       used 13904K, committed 14080K, reserved 1114112K
  class space    used 1386K, committed 1472K, reserved 1048576K
}
Event: 1.401 GC heap after
{Heap after GC invocations=2 (full 0):
 PSYoungGen      total 29696K, used 4073K [0x0000025747d00000, 0x0000025749e00000, 0x0000025c9d200000)
  eden space 25600K, 0% used [0x0000025747d00000,0x0000025747d00000,0x0000025749600000)
  from space 4096K, 99% used [0x0000025749a00000,0x0000025749dfa660,0x0000025749e00000)
  to   space 4096K, 0% used [0x0000025749600000,0x0000025749600000,0x0000025749a00000)
 ParOldGen       total 68608K, used 1900K [0x0000024c9d200000, 0x0000024ca1500000, 0x0000025747d00000)
  object space 68608K, 2% used [0x0000024c9d200000,0x0000024c9d3db390,0x0000024ca1500000)
 Metaspace       used 13904K, committed 14080K, reserved 1114112K
  class space    used 1386K, committed 1472K, reserved 1048576K
}
Event: 1.855 GC heap before
{Heap before GC invocations=3 (full 0):
 PSYoungGen      total 29696K, used 29673K [0x0000025747d00000, 0x0000025749e00000, 0x0000025c9d200000)
  eden space 25600K, 100% used [0x0000025747d00000,0x0000025749600000,0x0000025749600000)
  from space 4096K, 99% used [0x0000025749a00000,0x0000025749dfa660,0x0000025749e00000)
  to   space 4096K, 0% used [0x0000025749600000,0x0000025749600000,0x0000025749a00000)
 ParOldGen       total 68608K, used 1900K [0x0000024c9d200000, 0x0000024ca1500000, 0x0000025747d00000)
  object space 68608K, 2% used [0x0000024c9d200000,0x0000024c9d3db390,0x0000024ca1500000)
 Metaspace       used 18684K, committed 19072K, reserved 1114112K
  class space    used 1909K, committed 2112K, reserved 1048576K
}
Event: 1.859 GC heap after
{Heap after GC invocations=3 (full 0):
 PSYoungGen      total 29696K, used 4079K [0x0000025747d00000, 0x0000025749e00000, 0x0000025c9d200000)
  eden space 25600K, 0% used [0x0000025747d00000,0x0000025747d00000,0x0000025749600000)
  from space 4096K, 99% used [0x0000025749600000,0x00000257499fbee0,0x0000025749a00000)
  to   space 4096K, 0% used [0x0000025749a00000,0x0000025749a00000,0x0000025749e00000)
 ParOldGen       total 68608K, used 3663K [0x0000024c9d200000, 0x0000024ca1500000, 0x0000025747d00000)
  object space 68608K, 5% used [0x0000024c9d200000,0x0000024c9d593cc8,0x0000024ca1500000)
 Metaspace       used 18684K, committed 19072K, reserved 1114112K
  class space    used 1909K, committed 2112K, reserved 1048576K
}
Event: 2.299 GC heap before
{Heap before GC invocations=4 (full 0):
 PSYoungGen      total 29696K, used 22955K [0x0000025747d00000, 0x0000025749e00000, 0x0000025c9d200000)
  eden space 25600K, 73% used [0x0000025747d00000,0x0000025748f6f020,0x0000025749600000)
  from space 4096K, 99% used [0x0000025749600000,0x00000257499fbee0,0x0000025749a00000)
  to   space 4096K, 0% used [0x0000025749a00000,0x0000025749a00000,0x0000025749e00000)
 ParOldGen       total 68608K, used 3663K [0x0000024c9d200000, 0x0000024ca1500000, 0x0000025747d00000)
  object space 68608K, 5% used [0x0000024c9d200000,0x0000024c9d593cc8,0x0000024ca1500000)
 Metaspace       used 21072K, committed 21504K, reserved 1114112K
  class space    used 2145K, committed 2368K, reserved 1048576K
}
Event: 2.303 GC heap after
{Heap after GC invocations=4 (full 0):
 PSYoungGen      total 29696K, used 4073K [0x0000025747d00000, 0x0000025749e00000, 0x0000025c9d200000)
  eden space 25600K, 0% used [0x0000025747d00000,0x0000025747d00000,0x0000025749600000)
  from space 4096K, 99% used [0x0000025749a00000,0x0000025749dfa690,0x0000025749e00000)
  to   space 4096K, 0% used [0x0000025749600000,0x0000025749600000,0x0000025749a00000)
 ParOldGen       total 68608K, used 6361K [0x0000024c9d200000, 0x0000024ca1500000, 0x0000025747d00000)
  object space 68608K, 9% used [0x0000024c9d200000,0x0000024c9d836548,0x0000024ca1500000)
 Metaspace       used 21072K, committed 21504K, reserved 1114112K
  class space    used 2145K, committed 2368K, reserved 1048576K
}
Event: 2.303 GC heap before
{Heap before GC invocations=5 (full 1):
 PSYoungGen      total 29696K, used 4073K [0x0000025747d00000, 0x0000025749e00000, 0x0000025c9d200000)
  eden space 25600K, 0% used [0x0000025747d00000,0x0000025747d00000,0x0000025749600000)
  from space 4096K, 99% used [0x0000025749a00000,0x0000025749dfa690,0x0000025749e00000)
  to   space 4096K, 0% used [0x0000025749600000,0x0000025749600000,0x0000025749a00000)
 ParOldGen       total 68608K, used 6361K [0x0000024c9d200000, 0x0000024ca1500000, 0x0000025747d00000)
  object space 68608K, 9% used [0x0000024c9d200000,0x0000024c9d836548,0x0000024ca1500000)
 Metaspace       used 21072K, committed 21504K, reserved 1114112K
  class space    used 2145K, committed 2368K, reserved 1048576K
}
Event: 2.333 GC heap after
{Heap after GC invocations=5 (full 1):
 PSYoungGen      total 29696K, used 0K [0x0000025747d00000, 0x0000025749e00000, 0x0000025c9d200000)
  eden space 25600K, 0% used [0x0000025747d00000,0x0000025747d00000,0x0000025749600000)
  from space 4096K, 0% used [0x0000025749a00000,0x0000025749a00000,0x0000025749e00000)
  to   space 4096K, 0% used [0x0000025749600000,0x0000025749600000,0x0000025749a00000)
 ParOldGen       total 68608K, used 10190K [0x0000024c9d200000, 0x0000024ca1500000, 0x0000025747d00000)
  object space 68608K, 14% used [0x0000024c9d200000,0x0000024c9dbf3ba8,0x0000024ca1500000)
 Metaspace       used 21059K, committed 21504K, reserved 1114112K
  class space    used 2141K, committed 2368K, reserved 1048576K
}
Event: 2.539 GC heap before
{Heap before GC invocations=6 (full 1):
 PSYoungGen      total 29696K, used 25574K [0x0000025747d00000, 0x0000025749e00000, 0x0000025c9d200000)
  eden space 25600K, 99% used [0x0000025747d00000,0x00000257495f9bd0,0x0000025749600000)
  from space 4096K, 0% used [0x0000025749a00000,0x0000025749a00000,0x0000025749e00000)
  to   space 4096K, 0% used [0x0000025749600000,0x0000025749600000,0x0000025749a00000)
 ParOldGen       total 68608K, used 10190K [0x0000024c9d200000, 0x0000024ca1500000, 0x0000025747d00000)
  object space 68608K, 14% used [0x0000024c9d200000,0x0000024c9dbf3ba8,0x0000024ca1500000)
 Metaspace       used 23451K, committed 23872K, reserved 1114112K
  class space    used 2339K, committed 2496K, reserved 1048576K
}
Event: 2.541 GC heap after
{Heap after GC invocations=6 (full 1):
 PSYoungGen      total 26112K, used 812K [0x0000025747d00000, 0x0000025749b80000, 0x0000025c9d200000)
  eden space 25088K, 0% used [0x0000025747d00000,0x0000025747d00000,0x0000025749580000)
  from space 1024K, 79% used [0x0000025749600000,0x00000257496cb058,0x0000025749700000)
  to   space 3072K, 0% used [0x0000025749880000,0x0000025749880000,0x0000025749b80000)
 ParOldGen       total 68608K, used 10198K [0x0000024c9d200000, 0x0000024ca1500000, 0x0000025747d00000)
  object space 68608K, 14% used [0x0000024c9d200000,0x0000024c9dbf5ba8,0x0000024ca1500000)
 Metaspace       used 23451K, committed 23872K, reserved 1114112K
  class space    used 2339K, committed 2496K, reserved 1048576K
}
Event: 2.770 GC heap before
{Heap before GC invocations=7 (full 1):
 PSYoungGen      total 26112K, used 24968K [0x0000025747d00000, 0x0000025749b80000, 0x0000025c9d200000)
  eden space 25088K, 96% used [0x0000025747d00000,0x0000025749497048,0x0000025749580000)
  from space 1024K, 79% used [0x0000025749600000,0x00000257496cb058,0x0000025749700000)
  to   space 3072K, 0% used [0x0000025749880000,0x0000025749880000,0x0000025749b80000)
 ParOldGen       total 68608K, used 10198K [0x0000024c9d200000, 0x0000024ca1500000, 0x0000025747d00000)
  object space 68608K, 14% used [0x0000024c9d200000,0x0000024c9dbf5ba8,0x0000024ca1500000)
 Metaspace       used 26860K, committed 27328K, reserved 1114112K
  class space    used 2609K, committed 2816K, reserved 1048576K
}
Event: 2.771 GC heap after
{Heap after GC invocations=7 (full 1):
 PSYoungGen      total 27648K, used 2675K [0x0000025747d00000, 0x0000025749b80000, 0x0000025c9d200000)
  eden space 24576K, 0% used [0x0000025747d00000,0x0000025747d00000,0x0000025749500000)
  from space 3072K, 87% used [0x0000025749880000,0x0000025749b1ccd8,0x0000025749b80000)
  to   space 3072K, 0% used [0x0000025749580000,0x0000025749580000,0x0000025749880000)
 ParOldGen       total 68608K, used 10206K [0x0000024c9d200000, 0x0000024ca1500000, 0x0000025747d00000)
  object space 68608K, 14% used [0x0000024c9d200000,0x0000024c9dbf7ba8,0x0000024ca1500000)
 Metaspace       used 26860K, committed 27328K, reserved 1114112K
  class space    used 2609K, committed 2816K, reserved 1048576K
}

