# JRE version: OpenJDK Runtime Environment Temurin-17.0.10+7 (17.0.10+7) (build 17.0.10+7)
# Java VM: OpenJDK 64-Bit Server VM Temurin-17.0.10+7 (17.0.10+7, mixed mode, tiered, compressed class ptrs, parallel gc, windows-amd64)
GC Precious Log:
 CPUs: 12 total, 12 available
 Memory: 15724M
 Large Page Support: Disabled
 NUMA Support: Disabled
 Compressed Oops: Disabled
 Alignments: Space 512K, Generation 512K, Heap 2M
 Heap Min Capacity: 100M
 Heap Initial Capacity: 100M
 Heap Max Capacity: 128G
 Pre-touch: Disabled
 Parallel Workers: 10
Heap:
 PSYoungGen      total 27648K, used 26423K [0x000002e430380000, 0x000002e432200000, 0x000002eedae00000)
  eden space 24576K, 96% used [0x000002e430380000,0x000002e431aa71b0,0x000002e431b80000)
  from space 3072K, 88% used [0x000002e431f00000,0x000002e4321a6a58,0x000002e432200000)
  to   space 3072K, 0% used [0x000002e431c00000,0x000002e431c00000,0x000002e431f00000)
 ParOldGen       total 68608K, used 10977K [0x000002cedae00000, 0x000002cedf100000, 0x000002e430380000)
  object space 68608K, 16% used [0x000002cedae00000,0x000002cedb8b8590,0x000002cedf100000)
 Metaspace       used 27537K, committed 28032K, reserved 1114112K
  class space    used 2651K, committed 2880K, reserved 1048576K
GC Heap History (14 events):
Event: 0.751 GC heap before
{Heap before GC invocations=1 (full 0):
 PSYoungGen      total 29696K, used 25600K [0x000002e430380000, 0x000002e432480000, 0x000002eedae00000)
  eden space 25600K, 100% used [0x000002e430380000,0x000002e431c80000,0x000002e431c80000)
  from space 4096K, 0% used [0x000002e432080000,0x000002e432080000,0x000002e432480000)
  to   space 4096K, 0% used [0x000002e431c80000,0x000002e431c80000,0x000002e432080000)
 ParOldGen       total 68608K, used 0K [0x000002cedae00000, 0x000002cedf100000, 0x000002e430380000)
  object space 68608K, 0% used [0x000002cedae00000,0x000002cedae00000,0x000002cedf100000)
 Metaspace       used 10380K, committed 10496K, reserved 1114112K
  class space    used 1029K, committed 1088K, reserved 1048576K
}
Event: 0.758 GC heap after
{Heap after GC invocations=1 (full 0):
 PSYoungGen      total 29696K, used 3780K [0x000002e430380000, 0x000002e432480000, 0x000002eedae00000)
  eden space 25600K, 0% used [0x000002e430380000,0x000002e430380000,0x000002e431c80000)
  from space 4096K, 92% used [0x000002e431c80000,0x000002e4320312a8,0x000002e432080000)
  to   space 4096K, 0% used [0x000002e432080000,0x000002e432080000,0x000002e432480000)
 ParOldGen       total 68608K, used 16K [0x000002cedae00000, 0x000002cedf100000, 0x000002e430380000)
  object space 68608K, 0% used [0x000002cedae00000,0x000002cedae04000,0x000002cedf100000)
 Metaspace       used 10380K, committed 10496K, reserved 1114112K
  class space    used 1029K, committed 1088K, reserved 1048576K
}
Event: 1.276 GC heap before
{Heap before GC invocations=2 (full 0):
 PSYoungGen      total 29696K, used 29380K [0x000002e430380000, 0x000002e432480000, 0x000002eedae00000)
  eden space 25600K, 100% used [0x000002e430380000,0x000002e431c80000,0x000002e431c80000)
  from space 4096K, 92% used [0x000002e431c80000,0x000002e4320312a8,0x000002e432080000)
  to   space 4096K, 0% used [0x000002e432080000,0x000002e432080000,0x000002e432480000)
 ParOldGen       total 68608K, used 16K [0x000002cedae00000, 0x000002cedf100000, 0x000002e430380000)
  object space 68608K, 0% used [0x000002cedae00000,0x000002cedae04000,0x000002cedf100000)
 Metaspace       used 13934K, committed 14144K, reserved 1114112K
  class space    used 1388K, committed 1472K, reserved 1048576K
}
Event: 1.280 GC heap after
{Heap after GC invocations=2 (full 0):
 PSYoungGen      total 29696K, used 4093K [0x000002e430380000, 0x000002e432480000, 0x000002eedae00000)
  eden space 25600K, 0% used [0x000002e430380000,0x000002e430380000,0x000002e431c80000)
  from space 4096K, 99% used [0x000002e432080000,0x000002e43247f4a8,0x000002e432480000)
  to   space 4096K, 0% used [0x000002e431c80000,0x000002e431c80000,0x000002e432080000)
 ParOldGen       total 68608K, used 1898K [0x000002cedae00000, 0x000002cedf100000, 0x000002e430380000)
  object space 68608K, 2% used [0x000002cedae00000,0x000002cedafdaba0,0x000002cedf100000)
 Metaspace       used 13934K, committed 14144K, reserved 1114112K
  class space    used 1388K, committed 1472K, reserved 1048576K
}
Event: 1.659 GC heap before
{Heap before GC invocations=3 (full 0):
 PSYoungGen      total 29696K, used 29693K [0x000002e430380000, 0x000002e432480000, 0x000002eedae00000)
  eden space 25600K, 100% used [0x000002e430380000,0x000002e431c80000,0x000002e431c80000)
  from space 4096K, 99% used [0x000002e432080000,0x000002e43247f4a8,0x000002e432480000)
  to   space 4096K, 0% used [0x000002e431c80000,0x000002e431c80000,0x000002e432080000)
 ParOldGen       total 68608K, used 1898K [0x000002cedae00000, 0x000002cedf100000, 0x000002e430380000)
  object space 68608K, 2% used [0x000002cedae00000,0x000002cedafdaba0,0x000002cedf100000)
 Metaspace       used 18488K, committed 18880K, reserved 1114112K
  class space    used 1880K, committed 2048K, reserved 1048576K
}
Event: 1.663 GC heap after
{Heap after GC invocations=3 (full 0):
 PSYoungGen      total 29696K, used 4091K [0x000002e430380000, 0x000002e432480000, 0x000002eedae00000)
  eden space 25600K, 0% used [0x000002e430380000,0x000002e430380000,0x000002e431c80000)
  from space 4096K, 99% used [0x000002e431c80000,0x000002e43207ef48,0x000002e432080000)
  to   space 4096K, 0% used [0x000002e432080000,0x000002e432080000,0x000002e432480000)
 ParOldGen       total 68608K, used 3856K [0x000002cedae00000, 0x000002cedf100000, 0x000002e430380000)
  object space 68608K, 5% used [0x000002cedae00000,0x000002cedb1c4360,0x000002cedf100000)
 Metaspace       used 18488K, committed 18880K, reserved 1114112K
  class space    used 1880K, committed 2048K, reserved 1048576K
}
Event: 2.033 GC heap before
{Heap before GC invocations=4 (full 0):
 PSYoungGen      total 29696K, used 21848K [0x000002e430380000, 0x000002e432480000, 0x000002eedae00000)
  eden space 25600K, 69% used [0x000002e430380000,0x000002e4314d7320,0x000002e431c80000)
  from space 4096K, 99% used [0x000002e431c80000,0x000002e43207ef48,0x000002e432080000)
  to   space 4096K, 0% used [0x000002e432080000,0x000002e432080000,0x000002e432480000)
 ParOldGen       total 68608K, used 3856K [0x000002cedae00000, 0x000002cedf100000, 0x000002e430380000)
  object space 68608K, 5% used [0x000002cedae00000,0x000002cedb1c4360,0x000002cedf100000)
 Metaspace       used 21114K, committed 21504K, reserved 1114112K
  class space    used 2154K, committed 2368K, reserved 1048576K
}
Event: 2.036 GC heap after
{Heap after GC invocations=4 (full 0):
 PSYoungGen      total 29696K, used 4090K [0x000002e430380000, 0x000002e432480000, 0x000002eedae00000)
  eden space 25600K, 0% used [0x000002e430380000,0x000002e430380000,0x000002e431c80000)
  from space 4096K, 99% used [0x000002e432080000,0x000002e43247e9b0,0x000002e432480000)
  to   space 4096K, 0% used [0x000002e431c80000,0x000002e431c80000,0x000002e432080000)
 ParOldGen       total 68608K, used 5504K [0x000002cedae00000, 0x000002cedf100000, 0x000002e430380000)
  object space 68608K, 8% used [0x000002cedae00000,0x000002cedb3603b0,0x000002cedf100000)
 Metaspace       used 21114K, committed 21504K, reserved 1114112K
  class space    used 2154K, committed 2368K, reserved 1048576K
}
Event: 2.036 GC heap before
{Heap before GC invocations=5 (full 1):
 PSYoungGen      total 29696K, used 4090K [0x000002e430380000, 0x000002e432480000, 0x000002eedae00000)
  eden space 25600K, 0% used [0x000002e430380000,0x000002e430380000,0x000002e431c80000)
  from space 4096K, 99% used [0x000002e432080000,0x000002e43247e9b0,0x000002e432480000)
  to   space 4096K, 0% used [0x000002e431c80000,0x000002e431c80000,0x000002e432080000)
 ParOldGen       total 68608K, used 5504K [0x000002cedae00000, 0x000002cedf100000, 0x000002e430380000)
  object space 68608K, 8% used [0x000002cedae00000,0x000002cedb3603b0,0x000002cedf100000)
 Metaspace       used 21114K, committed 21504K, reserved 1114112K
  class space    used 2154K, committed 2368K, reserved 1048576K
}
Event: 2.055 GC heap after
{Heap after GC invocations=5 (full 1):
 PSYoungGen      total 29696K, used 0K [0x000002e430380000, 0x000002e432480000, 0x000002eedae00000)
  eden space 25600K, 0% used [0x000002e430380000,0x000002e430380000,0x000002e431c80000)
  from space 4096K, 0% used [0x000002e432080000,0x000002e432080000,0x000002e432480000)
  to   space 4096K, 0% used [0x000002e431c80000,0x000002e431c80000,0x000002e432080000)
 ParOldGen       total 68608K, used 9398K [0x000002cedae00000, 0x000002cedf100000, 0x000002e430380000)
  object space 68608K, 13% used [0x000002cedae00000,0x000002cedb72db80,0x000002cedf100000)
 Metaspace       used 21101K, committed 21504K, reserved 1114112K
  class space    used 2150K, committed 2368K, reserved 1048576K
}
Event: 2.261 GC heap before
{Heap before GC invocations=6 (full 1):
 PSYoungGen      total 29696K, used 25381K [0x000002e430380000, 0x000002e432480000, 0x000002eedae00000)
  eden space 25600K, 99% used [0x000002e430380000,0x000002e431c49770,0x000002e431c80000)
  from space 4096K, 0% used [0x000002e432080000,0x000002e432080000,0x000002e432480000)
  to   space 4096K, 0% used [0x000002e431c80000,0x000002e431c80000,0x000002e432080000)
 ParOldGen       total 68608K, used 9398K [0x000002cedae00000, 0x000002cedf100000, 0x000002e430380000)
  object space 68608K, 13% used [0x000002cedae00000,0x000002cedb72db80,0x000002cedf100000)
 Metaspace       used 23306K, committed 23872K, reserved 1114112K
  class space    used 2358K, committed 2624K, reserved 1048576K
}
Event: 2.262 GC heap after
{Heap after GC invocations=6 (full 1):
 PSYoungGen      total 26624K, used 1390K [0x000002e430380000, 0x000002e432200000, 0x000002eedae00000)
  eden space 25088K, 0% used [0x000002e430380000,0x000002e430380000,0x000002e431c00000)
  from space 1536K, 90% used [0x000002e431c80000,0x000002e431ddb998,0x000002e431e00000)
  to   space 3072K, 0% used [0x000002e431f00000,0x000002e431f00000,0x000002e432200000)
 ParOldGen       total 68608K, used 9406K [0x000002cedae00000, 0x000002cedf100000, 0x000002e430380000)
  object space 68608K, 13% used [0x000002cedae00000,0x000002cedb72fb80,0x000002cedf100000)
 Metaspace       used 23306K, committed 23872K, reserved 1114112K
  class space    used 2358K, committed 2624K, reserved 1048576K
}
Event: 2.488 GC heap before
{Heap before GC invocations=7 (full 1):
 PSYoungGen      total 26624K, used 26478K [0x000002e430380000, 0x000002e432200000, 0x000002eedae00000)
  eden space 25088K, 100% used [0x000002e430380000,0x000002e431c00000,0x000002e431c00000)
  from space 1536K, 90% used [0x000002e431c80000,0x000002e431ddb998,0x000002e431e00000)
  to   space 3072K, 0% used [0x000002e431f00000,0x000002e431f00000,0x000002e432200000)
 ParOldGen       total 68608K, used 9406K [0x000002cedae00000, 0x000002cedf100000, 0x000002e430380000)
  object space 68608K, 13% used [0x000002cedae00000,0x000002cedb72fb80,0x000002cedf100000)
 Metaspace       used 26932K, committed 27456K, reserved 1114112K
  class space    used 2625K, committed 2880K, reserved 1048576K
}
Event: 2.490 GC heap after
{Heap after GC invocations=7 (full 1):
 PSYoungGen      total 27648K, used 2714K [0x000002e430380000, 0x000002e432200000, 0x000002eedae00000)
  eden space 24576K, 0% used [0x000002e430380000,0x000002e430380000,0x000002e431b80000)
  from space 3072K, 88% used [0x000002e431f00000,0x000002e4321a6a58,0x000002e432200000)
  to   space 3072K, 0% used [0x000002e431c00000,0x000002e431c00000,0x000002e431f00000)
 ParOldGen       total 68608K, used 10977K [0x000002cedae00000, 0x000002cedf100000, 0x000002e430380000)
  object space 68608K, 16% used [0x000002cedae00000,0x000002cedb8b8590,0x000002cedf100000)
 Metaspace       used 26932K, committed 27456K, reserved 1114112K
  class space    used 2625K, committed 2880K, reserved 1048576K
}

