# JRE version: OpenJDK Runtime Environment Temurin-17.0.10+7 (17.0.10+7) (build 17.0.10+7)
# Java VM: OpenJDK 64-Bit Server VM Temurin-17.0.10+7 (17.0.10+7, mixed mode, tiered, compressed class ptrs, parallel gc, windows-amd64)
GC Precious Log:
 CPUs: 12 total, 12 available
 Memory: 15724M
 Large Page Support: Disabled
 NUMA Support: Disabled
 Compressed Oops: Disabled
 Alignments: Space 512K, Generation 512K, Heap 2M
 Heap Min Capacity: 100M
 Heap Initial Capacity: 100M
 Heap Max Capacity: 128G
 Pre-touch: Disabled
 Parallel Workers: 10
Heap:
 PSYoungGen      total 20480K, used 7535K [0x0000019db6180000, 0x0000019db7800000, 0x000001a860c00000)
  eden space 18432K, 30% used [0x0000019db6180000,0x0000019db6703e60,0x0000019db7380000)
  from space 2048K, 92% used [0x0000019db7600000,0x0000019db77d8000,0x0000019db7800000)
  to   space 2048K, 0% used [0x0000019db7380000,0x0000019db7380000,0x0000019db7580000)
 ParOldGen       total 68608K, used 39337K [0x0000018860c00000, 0x0000018864f00000, 0x0000019db6180000)
  object space 68608K, 57% used [0x0000018860c00000,0x000001886326a418,0x0000018864f00000)
 Metaspace       used 52755K, committed 53696K, reserved 1114112K
  class space    used 5693K, committed 6144K, reserved 1048576K
GC Heap History (20 events):
Event: 4.907 GC heap before
{Heap before GC invocations=17 (full 2):
 PSYoungGen      total 23040K, used 22720K [0x0000019db6180000, 0x0000019db7d00000, 0x000001a860c00000)
  eden space 22016K, 100% used [0x0000019db6180000,0x0000019db7700000,0x0000019db7700000)
  from space 1024K, 68% used [0x0000019db7c00000,0x0000019db7cb0000,0x0000019db7d00000)
  to   space 1024K, 0% used [0x0000019db7b00000,0x0000019db7b00000,0x0000019db7c00000)
 ParOldGen       total 68608K, used 21753K [0x0000018860c00000, 0x0000018864f00000, 0x0000019db6180000)
  object space 68608K, 31% used [0x0000018860c00000,0x000001886213e558,0x0000018864f00000)
 Metaspace       used 42263K, committed 43200K, reserved 1114112K
  class space    used 4365K, committed 4800K, reserved 1048576K
}
Event: 4.910 GC heap after
{Heap after GC invocations=17 (full 2):
 PSYoungGen      total 23040K, used 1024K [0x0000019db6180000, 0x0000019db7d00000, 0x000001a860c00000)
  eden space 22016K, 0% used [0x0000019db6180000,0x0000019db6180000,0x0000019db7700000)
  from space 1024K, 100% used [0x0000019db7b00000,0x0000019db7c00000,0x0000019db7c00000)
  to   space 1024K, 0% used [0x0000019db7c00000,0x0000019db7c00000,0x0000019db7d00000)
 ParOldGen       total 68608K, used 23049K [0x0000018860c00000, 0x0000018864f00000, 0x0000019db6180000)
  object space 68608K, 33% used [0x0000018860c00000,0x0000018862282778,0x0000018864f00000)
 Metaspace       used 42263K, committed 43200K, reserved 1114112K
  class space    used 4365K, committed 4800K, reserved 1048576K
}
Event: 5.036 GC heap before
{Heap before GC invocations=18 (full 2):
 PSYoungGen      total 23040K, used 23040K [0x0000019db6180000, 0x0000019db7d00000, 0x000001a860c00000)
  eden space 22016K, 100% used [0x0000019db6180000,0x0000019db7700000,0x0000019db7700000)
  from space 1024K, 100% used [0x0000019db7b00000,0x0000019db7c00000,0x0000019db7c00000)
  to   space 1024K, 0% used [0x0000019db7c00000,0x0000019db7c00000,0x0000019db7d00000)
 ParOldGen       total 68608K, used 23049K [0x0000018860c00000, 0x0000018864f00000, 0x0000019db6180000)
  object space 68608K, 33% used [0x0000018860c00000,0x0000018862282778,0x0000018864f00000)
 Metaspace       used 42734K, committed 43712K, reserved 1114112K
  class space    used 4429K, committed 4864K, reserved 1048576K
}
Event: 5.037 GC heap after
{Heap after GC invocations=18 (full 2):
 PSYoungGen      total 23040K, used 608K [0x0000019db6180000, 0x0000019db7d00000, 0x000001a860c00000)
  eden space 22016K, 0% used [0x0000019db6180000,0x0000019db6180000,0x0000019db7700000)
  from space 1024K, 59% used [0x0000019db7c00000,0x0000019db7c98000,0x0000019db7d00000)
  to   space 1536K, 0% used [0x0000019db7a00000,0x0000019db7a00000,0x0000019db7b80000)
 ParOldGen       total 68608K, used 23992K [0x0000018860c00000, 0x0000018864f00000, 0x0000019db6180000)
  object space 68608K, 34% used [0x0000018860c00000,0x000001886236e000,0x0000018864f00000)
 Metaspace       used 42734K, committed 43712K, reserved 1114112K
  class space    used 4429K, committed 4864K, reserved 1048576K
}
Event: 5.315 GC heap before
{Heap before GC invocations=19 (full 2):
 PSYoungGen      total 23040K, used 22624K [0x0000019db6180000, 0x0000019db7d00000, 0x000001a860c00000)
  eden space 22016K, 100% used [0x0000019db6180000,0x0000019db7700000,0x0000019db7700000)
  from space 1024K, 59% used [0x0000019db7c00000,0x0000019db7c98000,0x0000019db7d00000)
  to   space 1536K, 0% used [0x0000019db7a00000,0x0000019db7a00000,0x0000019db7b80000)
 ParOldGen       total 68608K, used 23992K [0x0000018860c00000, 0x0000018864f00000, 0x0000019db6180000)
  object space 68608K, 34% used [0x0000018860c00000,0x000001886236e000,0x0000018864f00000)
 Metaspace       used 44497K, committed 45376K, reserved 1114112K
  class space    used 4658K, committed 5056K, reserved 1048576K
}
Event: 5.316 GC heap after
{Heap after GC invocations=19 (full 2):
 PSYoungGen      total 23552K, used 768K [0x0000019db6180000, 0x0000019db7c80000, 0x000001a860c00000)
  eden space 22016K, 0% used [0x0000019db6180000,0x0000019db6180000,0x0000019db7700000)
  from space 1536K, 50% used [0x0000019db7a00000,0x0000019db7ac0000,0x0000019db7b80000)
  to   space 1024K, 0% used [0x0000019db7b80000,0x0000019db7b80000,0x0000019db7c80000)
 ParOldGen       total 68608K, used 24420K [0x0000018860c00000, 0x0000018864f00000, 0x0000019db6180000)
  object space 68608K, 35% used [0x0000018860c00000,0x00000188623d9010,0x0000018864f00000)
 Metaspace       used 44497K, committed 45376K, reserved 1114112K
  class space    used 4658K, committed 5056K, reserved 1048576K
}
Event: 5.702 GC heap before
{Heap before GC invocations=20 (full 2):
 PSYoungGen      total 23552K, used 22784K [0x0000019db6180000, 0x0000019db7c80000, 0x000001a860c00000)
  eden space 22016K, 100% used [0x0000019db6180000,0x0000019db7700000,0x0000019db7700000)
  from space 1536K, 50% used [0x0000019db7a00000,0x0000019db7ac0000,0x0000019db7b80000)
  to   space 1024K, 0% used [0x0000019db7b80000,0x0000019db7b80000,0x0000019db7c80000)
 ParOldGen       total 68608K, used 24420K [0x0000018860c00000, 0x0000018864f00000, 0x0000019db6180000)
  object space 68608K, 35% used [0x0000018860c00000,0x00000188623d9010,0x0000018864f00000)
 Metaspace       used 46731K, committed 47680K, reserved 1114112K
  class space    used 4945K, committed 5376K, reserved 1048576K
}
Event: 5.704 GC heap after
{Heap after GC invocations=20 (full 2):
 PSYoungGen      total 23040K, used 1024K [0x0000019db6180000, 0x0000019db7c80000, 0x000001a860c00000)
  eden space 22016K, 0% used [0x0000019db6180000,0x0000019db6180000,0x0000019db7700000)
  from space 1024K, 100% used [0x0000019db7b80000,0x0000019db7c80000,0x0000019db7c80000)
  to   space 2560K, 0% used [0x0000019db7780000,0x0000019db7780000,0x0000019db7a00000)
 ParOldGen       total 68608K, used 25278K [0x0000018860c00000, 0x0000018864f00000, 0x0000019db6180000)
  object space 68608K, 36% used [0x0000018860c00000,0x00000188624afb30,0x0000018864f00000)
 Metaspace       used 46731K, committed 47680K, reserved 1114112K
  class space    used 4945K, committed 5376K, reserved 1048576K
}
Event: 6.233 GC heap before
{Heap before GC invocations=21 (full 2):
 PSYoungGen      total 23040K, used 23040K [0x0000019db6180000, 0x0000019db7c80000, 0x000001a860c00000)
  eden space 22016K, 100% used [0x0000019db6180000,0x0000019db7700000,0x0000019db7700000)
  from space 1024K, 100% used [0x0000019db7b80000,0x0000019db7c80000,0x0000019db7c80000)
  to   space 2560K, 0% used [0x0000019db7780000,0x0000019db7780000,0x0000019db7a00000)
 ParOldGen       total 68608K, used 25278K [0x0000018860c00000, 0x0000018864f00000, 0x0000019db6180000)
  object space 68608K, 36% used [0x0000018860c00000,0x00000188624afb30,0x0000018864f00000)
 Metaspace       used 49062K, committed 50048K, reserved 1114112K
  class space    used 5257K, committed 5696K, reserved 1048576K
}
Event: 6.235 GC heap after
{Heap after GC invocations=21 (full 2):
 PSYoungGen      total 24576K, used 1504K [0x0000019db6180000, 0x0000019db7c00000, 0x000001a860c00000)
  eden space 22016K, 0% used [0x0000019db6180000,0x0000019db6180000,0x0000019db7700000)
  from space 2560K, 58% used [0x0000019db7780000,0x0000019db78f8000,0x0000019db7a00000)
  to   space 2048K, 0% used [0x0000019db7a00000,0x0000019db7a00000,0x0000019db7c00000)
 ParOldGen       total 68608K, used 26343K [0x0000018860c00000, 0x0000018864f00000, 0x0000019db6180000)
  object space 68608K, 38% used [0x0000018860c00000,0x00000188625b9c88,0x0000018864f00000)
 Metaspace       used 49062K, committed 50048K, reserved 1114112K
  class space    used 5257K, committed 5696K, reserved 1048576K
}
Event: 6.610 GC heap before
{Heap before GC invocations=22 (full 2):
 PSYoungGen      total 24576K, used 23520K [0x0000019db6180000, 0x0000019db7c00000, 0x000001a860c00000)
  eden space 22016K, 100% used [0x0000019db6180000,0x0000019db7700000,0x0000019db7700000)
  from space 2560K, 58% used [0x0000019db7780000,0x0000019db78f8000,0x0000019db7a00000)
  to   space 2048K, 0% used [0x0000019db7a00000,0x0000019db7a00000,0x0000019db7c00000)
 ParOldGen       total 68608K, used 26343K [0x0000018860c00000, 0x0000018864f00000, 0x0000019db6180000)
  object space 68608K, 38% used [0x0000018860c00000,0x00000188625b9c88,0x0000018864f00000)
 Metaspace       used 51204K, committed 52160K, reserved 1114112K
  class space    used 5530K, committed 5952K, reserved 1048576K
}
Event: 6.612 GC heap after
{Heap after GC invocations=22 (full 2):
 PSYoungGen      total 22528K, used 2022K [0x0000019db6180000, 0x0000019db8000000, 0x000001a860c00000)
  eden space 20480K, 0% used [0x0000019db6180000,0x0000019db6180000,0x0000019db7580000)
  from space 2048K, 98% used [0x0000019db7a00000,0x0000019db7bf99a8,0x0000019db7c00000)
  to   space 4608K, 0% used [0x0000019db7580000,0x0000019db7580000,0x0000019db7a00000)
 ParOldGen       total 68608K, used 28224K [0x0000018860c00000, 0x0000018864f00000, 0x0000019db6180000)
  object space 68608K, 41% used [0x0000018860c00000,0x0000018862790188,0x0000018864f00000)
 Metaspace       used 51204K, committed 52160K, reserved 1114112K
  class space    used 5530K, committed 5952K, reserved 1048576K
}
Event: 7.020 GC heap before
{Heap before GC invocations=23 (full 2):
 PSYoungGen      total 22528K, used 22502K [0x0000019db6180000, 0x0000019db8000000, 0x000001a860c00000)
  eden space 20480K, 100% used [0x0000019db6180000,0x0000019db7580000,0x0000019db7580000)
  from space 2048K, 98% used [0x0000019db7a00000,0x0000019db7bf99a8,0x0000019db7c00000)
  to   space 4608K, 0% used [0x0000019db7580000,0x0000019db7580000,0x0000019db7a00000)
 ParOldGen       total 68608K, used 28224K [0x0000018860c00000, 0x0000018864f00000, 0x0000019db6180000)
  object space 68608K, 41% used [0x0000018860c00000,0x0000018862790188,0x0000018864f00000)
 Metaspace       used 52474K, committed 53504K, reserved 1114112K
  class space    used 5661K, committed 6144K, reserved 1048576K
}
Event: 7.023 GC heap after
{Heap after GC invocations=23 (full 2):
 PSYoungGen      total 22528K, used 2000K [0x0000019db6180000, 0x0000019db7b80000, 0x000001a860c00000)
  eden space 20480K, 0% used [0x0000019db6180000,0x0000019db6180000,0x0000019db7580000)
  from space 2048K, 97% used [0x0000019db7580000,0x0000019db7774050,0x0000019db7780000)
  to   space 3072K, 0% used [0x0000019db7880000,0x0000019db7880000,0x0000019db7b80000)
 ParOldGen       total 68608K, used 30285K [0x0000018860c00000, 0x0000018864f00000, 0x0000019db6180000)
  object space 68608K, 44% used [0x0000018860c00000,0x0000018862993558,0x0000018864f00000)
 Metaspace       used 52474K, committed 53504K, reserved 1114112K
  class space    used 5661K, committed 6144K, reserved 1048576K
}
Event: 7.129 GC heap before
{Heap before GC invocations=24 (full 2):
 PSYoungGen      total 22528K, used 22480K [0x0000019db6180000, 0x0000019db7b80000, 0x000001a860c00000)
  eden space 20480K, 100% used [0x0000019db6180000,0x0000019db7580000,0x0000019db7580000)
  from space 2048K, 97% used [0x0000019db7580000,0x0000019db7774050,0x0000019db7780000)
  to   space 3072K, 0% used [0x0000019db7880000,0x0000019db7880000,0x0000019db7b80000)
 ParOldGen       total 68608K, used 30285K [0x0000018860c00000, 0x0000018864f00000, 0x0000019db6180000)
  object space 68608K, 44% used [0x0000018860c00000,0x0000018862993558,0x0000018864f00000)
 Metaspace       used 52631K, committed 53568K, reserved 1114112K
  class space    used 5679K, committed 6144K, reserved 1048576K
}
Event: 7.131 GC heap after
{Heap after GC invocations=24 (full 2):
 PSYoungGen      total 22528K, used 2016K [0x0000019db6180000, 0x0000019db7a80000, 0x000001a860c00000)
  eden space 20480K, 0% used [0x0000019db6180000,0x0000019db6180000,0x0000019db7580000)
  from space 2048K, 98% used [0x0000019db7880000,0x0000019db7a78010,0x0000019db7a80000)
  to   space 2560K, 0% used [0x0000019db7580000,0x0000019db7580000,0x0000019db7800000)
 ParOldGen       total 68608K, used 32080K [0x0000018860c00000, 0x0000018864f00000, 0x0000019db6180000)
  object space 68608K, 46% used [0x0000018860c00000,0x0000018862b54378,0x0000018864f00000)
 Metaspace       used 52631K, committed 53568K, reserved 1114112K
  class space    used 5679K, committed 6144K, reserved 1048576K
}
Event: 7.219 GC heap before
{Heap before GC invocations=25 (full 2):
 PSYoungGen      total 22528K, used 22496K [0x0000019db6180000, 0x0000019db7a80000, 0x000001a860c00000)
  eden space 20480K, 100% used [0x0000019db6180000,0x0000019db7580000,0x0000019db7580000)
  from space 2048K, 98% used [0x0000019db7880000,0x0000019db7a78010,0x0000019db7a80000)
  to   space 2560K, 0% used [0x0000019db7580000,0x0000019db7580000,0x0000019db7800000)
 ParOldGen       total 68608K, used 32080K [0x0000018860c00000, 0x0000018864f00000, 0x0000019db6180000)
  object space 68608K, 46% used [0x0000018860c00000,0x0000018862b54378,0x0000018864f00000)
 Metaspace       used 52701K, committed 53632K, reserved 1114112K
  class space    used 5682K, committed 6144K, reserved 1048576K
}
Event: 7.221 GC heap after
{Heap after GC invocations=25 (full 2):
 PSYoungGen      total 22528K, used 1824K [0x0000019db6180000, 0x0000019db7980000, 0x000001a860c00000)
  eden space 20480K, 0% used [0x0000019db6180000,0x0000019db6180000,0x0000019db7580000)
  from space 2048K, 89% used [0x0000019db7580000,0x0000019db7748000,0x0000019db7780000)
  to   space 2048K, 0% used [0x0000019db7780000,0x0000019db7780000,0x0000019db7980000)
 ParOldGen       total 68608K, used 33976K [0x0000018860c00000, 0x0000018864f00000, 0x0000019db6180000)
  object space 68608K, 49% used [0x0000018860c00000,0x0000018862d2e388,0x0000018864f00000)
 Metaspace       used 52701K, committed 53632K, reserved 1114112K
  class space    used 5682K, committed 6144K, reserved 1048576K
}
Event: 7.341 GC heap before
{Heap before GC invocations=26 (full 2):
 PSYoungGen      total 22528K, used 22304K [0x0000019db6180000, 0x0000019db7980000, 0x000001a860c00000)
  eden space 20480K, 100% used [0x0000019db6180000,0x0000019db7580000,0x0000019db7580000)
  from space 2048K, 89% used [0x0000019db7580000,0x0000019db7748000,0x0000019db7780000)
  to   space 2048K, 0% used [0x0000019db7780000,0x0000019db7780000,0x0000019db7980000)
 ParOldGen       total 68608K, used 33976K [0x0000018860c00000, 0x0000018864f00000, 0x0000019db6180000)
  object space 68608K, 49% used [0x0000018860c00000,0x0000018862d2e388,0x0000018864f00000)
 Metaspace       used 52755K, committed 53696K, reserved 1114112K
  class space    used 5693K, committed 6144K, reserved 1048576K
}
Event: 7.345 GC heap after
{Heap after GC invocations=26 (full 2):
 PSYoungGen      total 20480K, used 2016K [0x0000019db6180000, 0x0000019db7d80000, 0x000001a860c00000)
  eden space 18432K, 0% used [0x0000019db6180000,0x0000019db6180000,0x0000019db7380000)
  from space 2048K, 98% used [0x0000019db7780000,0x0000019db7978010,0x0000019db7980000)
  to   space 4096K, 0% used [0x0000019db7380000,0x0000019db7380000,0x0000019db7780000)
 ParOldGen       total 68608K, used 35678K [0x0000018860c00000, 0x0000018864f00000, 0x0000019db6180000)
  object space 68608K, 52% used [0x0000018860c00000,0x0000018862ed7bf8,0x0000018864f00000)
 Metaspace       used 52755K, committed 53696K, reserved 1114112K
  class space    used 5693K, committed 6144K, reserved 1048576K
}

