# JRE version: OpenJDK Runtime Environment Temurin-17.0.11+9 (17.0.11+9) (build 17.0.11+9)
# Java VM: OpenJDK 64-Bit Server VM Temurin-17.0.11+9 (17.0.11+9, mixed mode, tiered, compressed class ptrs, parallel gc, windows-amd64)
GC Precious Log:
 CPUs: 12 total, 12 available
 Memory: 15212M
 Large Page Support: Disabled
 NUMA Support: Disabled
 Compressed Oops: Disabled
 Alignments: Space 512K, Generation 512K, Heap 2M
 Heap Min Capacity: 100M
 Heap Initial Capacity: 100M
 Heap Max Capacity: 128G
 Pre-touch: Disabled
 Parallel Workers: 10
Heap:
 PSYoungGen      total 2560K, used 1231K [0x000001ff7f380000, 0x000001ff7f700000, 0x0000020a29e00000)
  eden space 1536K, 25% used [0x000001ff7f380000,0x000001ff7f3e3cc0,0x000001ff7f500000)
  from space 1024K, 81% used [0x000001ff7f500000,0x000001ff7f5d0000,0x000001ff7f600000)
  to   space 1024K, 0% used [0x000001ff7f600000,0x000001ff7f600000,0x000001ff7f700000)
 ParOldGen       total 184832K, used 145885K [0x000001ea29e00000, 0x000001ea35280000, 0x000001ff7f380000)
  object space 184832K, 78% used [0x000001ea29e00000,0x000001ea32c776d0,0x000001ea35280000)
 Metaspace       used 82405K, committed 83648K, reserved 1179648K
  class space    used 8393K, committed 8960K, reserved 1048576K
GC Heap History (20 events):
Event: 2046.954 GC heap before
{Heap before GC invocations=1252 (full 8):
 PSYoungGen      total 2560K, used 1798K [0x000001ff7f380000, 0x000001ff7f680000, 0x0000020a29e00000)
  eden space 1536K, 100% used [0x000001ff7f380000,0x000001ff7f500000,0x000001ff7f500000)
  from space 1024K, 25% used [0x000001ff7f500000,0x000001ff7f541ad8,0x000001ff7f600000)
  to   space 512K, 0% used [0x000001ff7f600000,0x000001ff7f600000,0x000001ff7f680000)
 ParOldGen       total 184832K, used 141259K [0x000001ea29e00000, 0x000001ea35280000, 0x000001ff7f380000)
  object space 184832K, 76% used [0x000001ea29e00000,0x000001ea327f2c30,0x000001ea35280000)
 Metaspace       used 82369K, committed 83584K, reserved 1179648K
  class space    used 8393K, committed 8960K, reserved 1048576K
}
Event: 2046.954 GC heap after
{Heap after GC invocations=1252 (full 8):
 PSYoungGen      total 2048K, used 320K [0x000001ff7f380000, 0x000001ff7f680000, 0x0000020a29e00000)
  eden space 1536K, 0% used [0x000001ff7f380000,0x000001ff7f380000,0x000001ff7f500000)
  from space 512K, 62% used [0x000001ff7f600000,0x000001ff7f650000,0x000001ff7f680000)
  to   space 512K, 0% used [0x000001ff7f580000,0x000001ff7f580000,0x000001ff7f600000)
 ParOldGen       total 184832K, used 141259K [0x000001ea29e00000, 0x000001ea35280000, 0x000001ff7f380000)
  object space 184832K, 76% used [0x000001ea29e00000,0x000001ea327f2c30,0x000001ea35280000)
 Metaspace       used 82369K, committed 83584K, reserved 1179648K
  class space    used 8393K, committed 8960K, reserved 1048576K
}
Event: 2046.957 GC heap before
{Heap before GC invocations=1253 (full 8):
 PSYoungGen      total 2048K, used 1856K [0x000001ff7f380000, 0x000001ff7f680000, 0x0000020a29e00000)
  eden space 1536K, 100% used [0x000001ff7f380000,0x000001ff7f500000,0x000001ff7f500000)
  from space 512K, 62% used [0x000001ff7f600000,0x000001ff7f650000,0x000001ff7f680000)
  to   space 512K, 0% used [0x000001ff7f580000,0x000001ff7f580000,0x000001ff7f600000)
 ParOldGen       total 184832K, used 141259K [0x000001ea29e00000, 0x000001ea35280000, 0x000001ff7f380000)
  object space 184832K, 76% used [0x000001ea29e00000,0x000001ea327f2c30,0x000001ea35280000)
 Metaspace       used 82369K, committed 83584K, reserved 1179648K
  class space    used 8393K, committed 8960K, reserved 1048576K
}
Event: 2046.958 GC heap after
{Heap after GC invocations=1253 (full 8):
 PSYoungGen      total 2048K, used 480K [0x000001ff7f380000, 0x000001ff7f700000, 0x0000020a29e00000)
  eden space 1536K, 0% used [0x000001ff7f380000,0x000001ff7f380000,0x000001ff7f500000)
  from space 512K, 93% used [0x000001ff7f580000,0x000001ff7f5f8020,0x000001ff7f600000)
  to   space 1024K, 0% used [0x000001ff7f600000,0x000001ff7f600000,0x000001ff7f700000)
 ParOldGen       total 184832K, used 141468K [0x000001ea29e00000, 0x000001ea35280000, 0x000001ff7f380000)
  object space 184832K, 76% used [0x000001ea29e00000,0x000001ea32827120,0x000001ea35280000)
 Metaspace       used 82369K, committed 83584K, reserved 1179648K
  class space    used 8393K, committed 8960K, reserved 1048576K
}
Event: 2051.982 GC heap before
{Heap before GC invocations=1254 (full 8):
 PSYoungGen      total 2048K, used 2016K [0x000001ff7f380000, 0x000001ff7f700000, 0x0000020a29e00000)
  eden space 1536K, 100% used [0x000001ff7f380000,0x000001ff7f500000,0x000001ff7f500000)
  from space 512K, 93% used [0x000001ff7f580000,0x000001ff7f5f8020,0x000001ff7f600000)
  to   space 1024K, 0% used [0x000001ff7f600000,0x000001ff7f600000,0x000001ff7f700000)
 ParOldGen       total 184832K, used 141468K [0x000001ea29e00000, 0x000001ea35280000, 0x000001ff7f380000)
  object space 184832K, 76% used [0x000001ea29e00000,0x000001ea32827120,0x000001ea35280000)
 Metaspace       used 82380K, committed 83584K, reserved 1179648K
  class space    used 8393K, committed 8960K, reserved 1048576K
}
Event: 2051.983 GC heap after
{Heap after GC invocations=1254 (full 8):
 PSYoungGen      total 2560K, used 864K [0x000001ff7f380000, 0x000001ff7f700000, 0x0000020a29e00000)
  eden space 1536K, 0% used [0x000001ff7f380000,0x000001ff7f380000,0x000001ff7f500000)
  from space 1024K, 84% used [0x000001ff7f600000,0x000001ff7f6d8020,0x000001ff7f700000)
  to   space 1024K, 0% used [0x000001ff7f500000,0x000001ff7f500000,0x000001ff7f600000)
 ParOldGen       total 184832K, used 141950K [0x000001ea29e00000, 0x000001ea35280000, 0x000001ff7f380000)
  object space 184832K, 76% used [0x000001ea29e00000,0x000001ea3289fa40,0x000001ea35280000)
 Metaspace       used 82380K, committed 83584K, reserved 1179648K
  class space    used 8393K, committed 8960K, reserved 1048576K
}
Event: 2051.987 GC heap before
{Heap before GC invocations=1255 (full 8):
 PSYoungGen      total 2560K, used 2400K [0x000001ff7f380000, 0x000001ff7f700000, 0x0000020a29e00000)
  eden space 1536K, 100% used [0x000001ff7f380000,0x000001ff7f500000,0x000001ff7f500000)
  from space 1024K, 84% used [0x000001ff7f600000,0x000001ff7f6d8020,0x000001ff7f700000)
  to   space 1024K, 0% used [0x000001ff7f500000,0x000001ff7f500000,0x000001ff7f600000)
 ParOldGen       total 184832K, used 141950K [0x000001ea29e00000, 0x000001ea35280000, 0x000001ff7f380000)
  object space 184832K, 76% used [0x000001ea29e00000,0x000001ea3289fa40,0x000001ea35280000)
 Metaspace       used 82380K, committed 83584K, reserved 1179648K
  class space    used 8393K, committed 8960K, reserved 1048576K
}
Event: 2051.988 GC heap after
{Heap after GC invocations=1255 (full 8):
 PSYoungGen      total 2560K, used 656K [0x000001ff7f380000, 0x000001ff7f700000, 0x0000020a29e00000)
  eden space 1536K, 0% used [0x000001ff7f380000,0x000001ff7f380000,0x000001ff7f500000)
  from space 1024K, 64% used [0x000001ff7f500000,0x000001ff7f5a4010,0x000001ff7f600000)
  to   space 1024K, 0% used [0x000001ff7f600000,0x000001ff7f600000,0x000001ff7f700000)
 ParOldGen       total 184832K, used 142555K [0x000001ea29e00000, 0x000001ea35280000, 0x000001ff7f380000)
  object space 184832K, 77% used [0x000001ea29e00000,0x000001ea32936eb8,0x000001ea35280000)
 Metaspace       used 82380K, committed 83584K, reserved 1179648K
  class space    used 8393K, committed 8960K, reserved 1048576K
}
Event: 2090.821 GC heap before
{Heap before GC invocations=1256 (full 8):
 PSYoungGen      total 2560K, used 2175K [0x000001ff7f380000, 0x000001ff7f700000, 0x0000020a29e00000)
  eden space 1536K, 98% used [0x000001ff7f380000,0x000001ff7f4fbdc8,0x000001ff7f500000)
  from space 1024K, 64% used [0x000001ff7f500000,0x000001ff7f5a4010,0x000001ff7f600000)
  to   space 1024K, 0% used [0x000001ff7f600000,0x000001ff7f600000,0x000001ff7f700000)
 ParOldGen       total 184832K, used 142555K [0x000001ea29e00000, 0x000001ea35280000, 0x000001ff7f380000)
  object space 184832K, 77% used [0x000001ea29e00000,0x000001ea32936eb8,0x000001ea35280000)
 Metaspace       used 82397K, committed 83648K, reserved 1179648K
  class space    used 8393K, committed 8960K, reserved 1048576K
}
Event: 2090.822 GC heap after
{Heap after GC invocations=1256 (full 8):
 PSYoungGen      total 2560K, used 640K [0x000001ff7f380000, 0x000001ff7f700000, 0x0000020a29e00000)
  eden space 1536K, 0% used [0x000001ff7f380000,0x000001ff7f380000,0x000001ff7f500000)
  from space 1024K, 62% used [0x000001ff7f600000,0x000001ff7f6a0010,0x000001ff7f700000)
  to   space 1024K, 0% used [0x000001ff7f500000,0x000001ff7f500000,0x000001ff7f600000)
 ParOldGen       total 184832K, used 143171K [0x000001ea29e00000, 0x000001ea35280000, 0x000001ff7f380000)
  object space 184832K, 77% used [0x000001ea29e00000,0x000001ea329d0ed8,0x000001ea35280000)
 Metaspace       used 82397K, committed 83648K, reserved 1179648K
  class space    used 8393K, committed 8960K, reserved 1048576K
}
Event: 2090.825 GC heap before
{Heap before GC invocations=1257 (full 8):
 PSYoungGen      total 2560K, used 2176K [0x000001ff7f380000, 0x000001ff7f700000, 0x0000020a29e00000)
  eden space 1536K, 100% used [0x000001ff7f380000,0x000001ff7f500000,0x000001ff7f500000)
  from space 1024K, 62% used [0x000001ff7f600000,0x000001ff7f6a0010,0x000001ff7f700000)
  to   space 1024K, 0% used [0x000001ff7f500000,0x000001ff7f500000,0x000001ff7f600000)
 ParOldGen       total 184832K, used 143171K [0x000001ea29e00000, 0x000001ea35280000, 0x000001ff7f380000)
  object space 184832K, 77% used [0x000001ea29e00000,0x000001ea329d0ed8,0x000001ea35280000)
 Metaspace       used 82397K, committed 83648K, reserved 1179648K
  class space    used 8393K, committed 8960K, reserved 1048576K
}
Event: 2090.826 GC heap after
{Heap after GC invocations=1257 (full 8):
 PSYoungGen      total 2560K, used 736K [0x000001ff7f380000, 0x000001ff7f700000, 0x0000020a29e00000)
  eden space 1536K, 0% used [0x000001ff7f380000,0x000001ff7f380000,0x000001ff7f500000)
  from space 1024K, 71% used [0x000001ff7f500000,0x000001ff7f5b8010,0x000001ff7f600000)
  to   space 1024K, 0% used [0x000001ff7f600000,0x000001ff7f600000,0x000001ff7f700000)
 ParOldGen       total 184832K, used 143602K [0x000001ea29e00000, 0x000001ea35280000, 0x000001ff7f380000)
  object space 184832K, 77% used [0x000001ea29e00000,0x000001ea32a3cae0,0x000001ea35280000)
 Metaspace       used 82397K, committed 83648K, reserved 1179648K
  class space    used 8393K, committed 8960K, reserved 1048576K
}
Event: 2091.085 GC heap before
{Heap before GC invocations=1258 (full 8):
 PSYoungGen      total 2560K, used 2264K [0x000001ff7f380000, 0x000001ff7f700000, 0x0000020a29e00000)
  eden space 1536K, 99% used [0x000001ff7f380000,0x000001ff7f4fe2c0,0x000001ff7f500000)
  from space 1024K, 71% used [0x000001ff7f500000,0x000001ff7f5b8010,0x000001ff7f600000)
  to   space 1024K, 0% used [0x000001ff7f600000,0x000001ff7f600000,0x000001ff7f700000)
 ParOldGen       total 184832K, used 143602K [0x000001ea29e00000, 0x000001ea35280000, 0x000001ff7f380000)
  object space 184832K, 77% used [0x000001ea29e00000,0x000001ea32a3cae0,0x000001ea35280000)
 Metaspace       used 82398K, committed 83648K, reserved 1179648K
  class space    used 8393K, committed 8960K, reserved 1048576K
}
Event: 2091.086 GC heap after
{Heap after GC invocations=1258 (full 8):
 PSYoungGen      total 2560K, used 672K [0x000001ff7f380000, 0x000001ff7f700000, 0x0000020a29e00000)
  eden space 1536K, 0% used [0x000001ff7f380000,0x000001ff7f380000,0x000001ff7f500000)
  from space 1024K, 65% used [0x000001ff7f600000,0x000001ff7f6a8020,0x000001ff7f700000)
  to   space 1024K, 0% used [0x000001ff7f500000,0x000001ff7f500000,0x000001ff7f600000)
 ParOldGen       total 184832K, used 144202K [0x000001ea29e00000, 0x000001ea35280000, 0x000001ff7f380000)
  object space 184832K, 78% used [0x000001ea29e00000,0x000001ea32ad2b10,0x000001ea35280000)
 Metaspace       used 82398K, committed 83648K, reserved 1179648K
  class space    used 8393K, committed 8960K, reserved 1048576K
}
Event: 2091.089 GC heap before
{Heap before GC invocations=1259 (full 8):
 PSYoungGen      total 2560K, used 2208K [0x000001ff7f380000, 0x000001ff7f700000, 0x0000020a29e00000)
  eden space 1536K, 100% used [0x000001ff7f380000,0x000001ff7f500000,0x000001ff7f500000)
  from space 1024K, 65% used [0x000001ff7f600000,0x000001ff7f6a8020,0x000001ff7f700000)
  to   space 1024K, 0% used [0x000001ff7f500000,0x000001ff7f500000,0x000001ff7f600000)
 ParOldGen       total 184832K, used 144202K [0x000001ea29e00000, 0x000001ea35280000, 0x000001ff7f380000)
  object space 184832K, 78% used [0x000001ea29e00000,0x000001ea32ad2b10,0x000001ea35280000)
 Metaspace       used 82398K, committed 83648K, reserved 1179648K
  class space    used 8393K, committed 8960K, reserved 1048576K
}
Event: 2091.090 GC heap after
{Heap after GC invocations=1259 (full 8):
 PSYoungGen      total 2560K, used 816K [0x000001ff7f380000, 0x000001ff7f700000, 0x0000020a29e00000)
  eden space 1536K, 0% used [0x000001ff7f380000,0x000001ff7f380000,0x000001ff7f500000)
  from space 1024K, 79% used [0x000001ff7f500000,0x000001ff7f5cc010,0x000001ff7f600000)
  to   space 1024K, 0% used [0x000001ff7f600000,0x000001ff7f600000,0x000001ff7f700000)
 ParOldGen       total 184832K, used 144727K [0x000001ea29e00000, 0x000001ea35280000, 0x000001ff7f380000)
  object space 184832K, 78% used [0x000001ea29e00000,0x000001ea32b55f98,0x000001ea35280000)
 Metaspace       used 82398K, committed 83648K, reserved 1179648K
  class space    used 8393K, committed 8960K, reserved 1048576K
}
Event: 2091.094 GC heap before
{Heap before GC invocations=1260 (full 8):
 PSYoungGen      total 2560K, used 2352K [0x000001ff7f380000, 0x000001ff7f700000, 0x0000020a29e00000)
  eden space 1536K, 100% used [0x000001ff7f380000,0x000001ff7f500000,0x000001ff7f500000)
  from space 1024K, 79% used [0x000001ff7f500000,0x000001ff7f5cc010,0x000001ff7f600000)
  to   space 1024K, 0% used [0x000001ff7f600000,0x000001ff7f600000,0x000001ff7f700000)
 ParOldGen       total 184832K, used 144727K [0x000001ea29e00000, 0x000001ea35280000, 0x000001ff7f380000)
  object space 184832K, 78% used [0x000001ea29e00000,0x000001ea32b55f98,0x000001ea35280000)
 Metaspace       used 82400K, committed 83648K, reserved 1179648K
  class space    used 8393K, committed 8960K, reserved 1048576K
}
Event: 2091.095 GC heap after
{Heap after GC invocations=1260 (full 8):
 PSYoungGen      total 2560K, used 640K [0x000001ff7f380000, 0x000001ff7f700000, 0x0000020a29e00000)
  eden space 1536K, 0% used [0x000001ff7f380000,0x000001ff7f380000,0x000001ff7f500000)
  from space 1024K, 62% used [0x000001ff7f600000,0x000001ff7f6a0000,0x000001ff7f700000)
  to   space 1024K, 0% used [0x000001ff7f500000,0x000001ff7f500000,0x000001ff7f600000)
 ParOldGen       total 184832K, used 145431K [0x000001ea29e00000, 0x000001ea35280000, 0x000001ff7f380000)
  object space 184832K, 78% used [0x000001ea29e00000,0x000001ea32c05fb8,0x000001ea35280000)
 Metaspace       used 82400K, committed 83648K, reserved 1179648K
  class space    used 8393K, committed 8960K, reserved 1048576K
}
Event: 2091.100 GC heap before
{Heap before GC invocations=1261 (full 8):
 PSYoungGen      total 2560K, used 2176K [0x000001ff7f380000, 0x000001ff7f700000, 0x0000020a29e00000)
  eden space 1536K, 100% used [0x000001ff7f380000,0x000001ff7f500000,0x000001ff7f500000)
  from space 1024K, 62% used [0x000001ff7f600000,0x000001ff7f6a0000,0x000001ff7f700000)
  to   space 1024K, 0% used [0x000001ff7f500000,0x000001ff7f500000,0x000001ff7f600000)
 ParOldGen       total 184832K, used 145431K [0x000001ea29e00000, 0x000001ea35280000, 0x000001ff7f380000)
  object space 184832K, 78% used [0x000001ea29e00000,0x000001ea32c05fb8,0x000001ea35280000)
 Metaspace       used 82400K, committed 83648K, reserved 1179648K
  class space    used 8393K, committed 8960K, reserved 1048576K
}
Event: 2091.101 GC heap after
{Heap after GC invocations=1261 (full 8):
 PSYoungGen      total 2560K, used 832K [0x000001ff7f380000, 0x000001ff7f700000, 0x0000020a29e00000)
  eden space 1536K, 0% used [0x000001ff7f380000,0x000001ff7f380000,0x000001ff7f500000)
  from space 1024K, 81% used [0x000001ff7f500000,0x000001ff7f5d0000,0x000001ff7f600000)
  to   space 1024K, 0% used [0x000001ff7f600000,0x000001ff7f600000,0x000001ff7f700000)
 ParOldGen       total 184832K, used 145885K [0x000001ea29e00000, 0x000001ea35280000, 0x000001ff7f380000)
  object space 184832K, 78% used [0x000001ea29e00000,0x000001ea32c776d0,0x000001ea35280000)
 Metaspace       used 82400K, committed 83648K, reserved 1179648K
  class space    used 8393K, committed 8960K, reserved 1048576K
}

