# JRE version: OpenJDK Runtime Environment Temurin-17.0.10+7 (17.0.10+7) (build 17.0.10+7)
# Java VM: OpenJDK 64-Bit Server VM Temurin-17.0.10+7 (17.0.10+7, mixed mode, tiered, compressed class ptrs, parallel gc, windows-amd64)
GC Precious Log:
 CPUs: 12 total, 12 available
 Memory: 15724M
 Large Page Support: Disabled
 NUMA Support: Disabled
 Compressed Oops: Disabled
 Alignments: Space 512K, Generation 512K, Heap 2M
 Heap Min Capacity: 100M
 Heap Initial Capacity: 100M
 Heap Max Capacity: 128G
 Pre-touch: Disabled
 Parallel Workers: 10
Heap:
 PSYoungGen      total 20480K, used 1766K [0x000001df35d80000, 0x000001df37880000, 0x000001e9e0800000)
  eden space 18944K, 3% used [0x000001df35d80000,0x000001df35e1d978,0x000001df37000000)
  from space 1536K, 73% used [0x000001df37700000,0x000001df3781c120,0x000001df37880000)
  to   space 3072K, 0% used [0x000001df37280000,0x000001df37280000,0x000001df37580000)
 ParOldGen       total 68608K, used 37709K [0x000001c9e0800000, 0x000001c9e4b00000, 0x000001df35d80000)
  object space 68608K, 54% used [0x000001c9e0800000,0x000001c9e2cd36a0,0x000001c9e4b00000)
 Metaspace       used 40443K, committed 41152K, reserved 1114112K
  class space    used 4119K, committed 4416K, reserved 1048576K
GC Heap History (20 events):
Event: 8.915 GC heap before
{Heap before GC invocations=13 (full 2):
 PSYoungGen      total 25088K, used 21504K [0x000001df35d80000, 0x000001df37b00000, 0x000001e9e0800000)
  eden space 21504K, 100% used [0x000001df35d80000,0x000001df37280000,0x000001df37280000)
  from space 3584K, 0% used [0x000001df37780000,0x000001df37780000,0x000001df37b00000)
  to   space 4096K, 0% used [0x000001df37300000,0x000001df37300000,0x000001df37700000)
 ParOldGen       total 68608K, used 17541K [0x000001c9e0800000, 0x000001c9e4b00000, 0x000001df35d80000)
  object space 68608K, 25% used [0x000001c9e0800000,0x000001c9e1921568,0x000001c9e4b00000)
 Metaspace       used 37429K, committed 38144K, reserved 1114112K
  class space    used 3759K, committed 4096K, reserved 1048576K
}
Event: 8.918 GC heap after
{Heap after GC invocations=13 (full 2):
 PSYoungGen      total 24064K, used 2411K [0x000001df35d80000, 0x000001df37880000, 0x000001e9e0800000)
  eden space 21504K, 0% used [0x000001df35d80000,0x000001df35d80000,0x000001df37280000)
  from space 2560K, 94% used [0x000001df37300000,0x000001df3755aef0,0x000001df37580000)
  to   space 3072K, 0% used [0x000001df37580000,0x000001df37580000,0x000001df37880000)
 ParOldGen       total 68608K, used 17549K [0x000001c9e0800000, 0x000001c9e4b00000, 0x000001df35d80000)
  object space 68608K, 25% used [0x000001c9e0800000,0x000001c9e1923568,0x000001c9e4b00000)
 Metaspace       used 37429K, committed 38144K, reserved 1114112K
  class space    used 3759K, committed 4096K, reserved 1048576K
}
Event: 9.038 GC heap before
{Heap before GC invocations=14 (full 2):
 PSYoungGen      total 24064K, used 23915K [0x000001df35d80000, 0x000001df37880000, 0x000001e9e0800000)
  eden space 21504K, 100% used [0x000001df35d80000,0x000001df37280000,0x000001df37280000)
  from space 2560K, 94% used [0x000001df37300000,0x000001df3755aef0,0x000001df37580000)
  to   space 3072K, 0% used [0x000001df37580000,0x000001df37580000,0x000001df37880000)
 ParOldGen       total 68608K, used 17549K [0x000001c9e0800000, 0x000001c9e4b00000, 0x000001df35d80000)
  object space 68608K, 25% used [0x000001c9e0800000,0x000001c9e1923568,0x000001c9e4b00000)
 Metaspace       used 37651K, committed 38400K, reserved 1114112K
  class space    used 3791K, committed 4096K, reserved 1048576K
}
Event: 9.042 GC heap after
{Heap after GC invocations=14 (full 2):
 PSYoungGen      total 23552K, used 2016K [0x000001df35d80000, 0x000001df37780000, 0x000001e9e0800000)
  eden space 21504K, 0% used [0x000001df35d80000,0x000001df35d80000,0x000001df37280000)
  from space 2048K, 98% used [0x000001df37580000,0x000001df37778010,0x000001df37780000)
  to   space 2560K, 0% used [0x000001df37280000,0x000001df37280000,0x000001df37500000)
 ParOldGen       total 68608K, used 19833K [0x000001c9e0800000, 0x000001c9e4b00000, 0x000001df35d80000)
  object space 68608K, 28% used [0x000001c9e0800000,0x000001c9e1b5e620,0x000001c9e4b00000)
 Metaspace       used 37651K, committed 38400K, reserved 1114112K
  class space    used 3791K, committed 4096K, reserved 1048576K
}
Event: 9.169 GC heap before
{Heap before GC invocations=15 (full 2):
 PSYoungGen      total 23552K, used 23520K [0x000001df35d80000, 0x000001df37780000, 0x000001e9e0800000)
  eden space 21504K, 100% used [0x000001df35d80000,0x000001df37280000,0x000001df37280000)
  from space 2048K, 98% used [0x000001df37580000,0x000001df37778010,0x000001df37780000)
  to   space 2560K, 0% used [0x000001df37280000,0x000001df37280000,0x000001df37500000)
 ParOldGen       total 68608K, used 19833K [0x000001c9e0800000, 0x000001c9e4b00000, 0x000001df35d80000)
  object space 68608K, 28% used [0x000001c9e0800000,0x000001c9e1b5e620,0x000001c9e4b00000)
 Metaspace       used 37732K, committed 38464K, reserved 1114112K
  class space    used 3795K, committed 4096K, reserved 1048576K
}
Event: 9.172 GC heap after
{Heap after GC invocations=15 (full 2):
 PSYoungGen      total 23552K, used 1888K [0x000001df35d80000, 0x000001df37680000, 0x000001e9e0800000)
  eden space 21504K, 0% used [0x000001df35d80000,0x000001df35d80000,0x000001df37280000)
  from space 2048K, 92% used [0x000001df37280000,0x000001df37458000,0x000001df37480000)
  to   space 2048K, 0% used [0x000001df37480000,0x000001df37480000,0x000001df37680000)
 ParOldGen       total 68608K, used 21778K [0x000001c9e0800000, 0x000001c9e4b00000, 0x000001df35d80000)
  object space 68608K, 31% used [0x000001c9e0800000,0x000001c9e1d448a0,0x000001c9e4b00000)
 Metaspace       used 37732K, committed 38464K, reserved 1114112K
  class space    used 3795K, committed 4096K, reserved 1048576K
}
Event: 9.345 GC heap before
{Heap before GC invocations=16 (full 2):
 PSYoungGen      total 23552K, used 23392K [0x000001df35d80000, 0x000001df37680000, 0x000001e9e0800000)
  eden space 21504K, 100% used [0x000001df35d80000,0x000001df37280000,0x000001df37280000)
  from space 2048K, 92% used [0x000001df37280000,0x000001df37458000,0x000001df37480000)
  to   space 2048K, 0% used [0x000001df37480000,0x000001df37480000,0x000001df37680000)
 ParOldGen       total 68608K, used 21778K [0x000001c9e0800000, 0x000001c9e4b00000, 0x000001df35d80000)
  object space 68608K, 31% used [0x000001c9e0800000,0x000001c9e1d448a0,0x000001c9e4b00000)
 Metaspace       used 37856K, committed 38592K, reserved 1114112K
  class space    used 3808K, committed 4096K, reserved 1048576K
}
Event: 9.348 GC heap after
{Heap after GC invocations=16 (full 2):
 PSYoungGen      total 20992K, used 2016K [0x000001df35d80000, 0x000001df37b80000, 0x000001e9e0800000)
  eden space 18944K, 0% used [0x000001df35d80000,0x000001df35d80000,0x000001df37000000)
  from space 2048K, 98% used [0x000001df37480000,0x000001df37678010,0x000001df37680000)
  to   space 4608K, 0% used [0x000001df37000000,0x000001df37000000,0x000001df37480000)
 ParOldGen       total 68608K, used 23680K [0x000001c9e0800000, 0x000001c9e4b00000, 0x000001df35d80000)
  object space 68608K, 34% used [0x000001c9e0800000,0x000001c9e1f20110,0x000001c9e4b00000)
 Metaspace       used 37856K, committed 38592K, reserved 1114112K
  class space    used 3808K, committed 4096K, reserved 1048576K
}
Event: 9.423 GC heap before
{Heap before GC invocations=17 (full 2):
 PSYoungGen      total 20992K, used 20960K [0x000001df35d80000, 0x000001df37b80000, 0x000001e9e0800000)
  eden space 18944K, 100% used [0x000001df35d80000,0x000001df37000000,0x000001df37000000)
  from space 2048K, 98% used [0x000001df37480000,0x000001df37678010,0x000001df37680000)
  to   space 4608K, 0% used [0x000001df37000000,0x000001df37000000,0x000001df37480000)
 ParOldGen       total 68608K, used 23680K [0x000001c9e0800000, 0x000001c9e4b00000, 0x000001df35d80000)
  object space 68608K, 34% used [0x000001c9e0800000,0x000001c9e1f20110,0x000001c9e4b00000)
 Metaspace       used 37857K, committed 38592K, reserved 1114112K
  class space    used 3808K, committed 4096K, reserved 1048576K
}
Event: 9.427 GC heap after
{Heap after GC invocations=17 (full 2):
 PSYoungGen      total 20992K, used 1824K [0x000001df35d80000, 0x000001df37600000, 0x000001e9e0800000)
  eden space 18944K, 0% used [0x000001df35d80000,0x000001df35d80000,0x000001df37000000)
  from space 2048K, 89% used [0x000001df37000000,0x000001df371c8000,0x000001df37200000)
  to   space 3072K, 0% used [0x000001df37300000,0x000001df37300000,0x000001df37600000)
 ParOldGen       total 68608K, used 25596K [0x000001c9e0800000, 0x000001c9e4b00000, 0x000001df35d80000)
  object space 68608K, 37% used [0x000001c9e0800000,0x000001c9e20ff038,0x000001c9e4b00000)
 Metaspace       used 37857K, committed 38592K, reserved 1114112K
  class space    used 3808K, committed 4096K, reserved 1048576K
}
Event: 9.489 GC heap before
{Heap before GC invocations=18 (full 2):
 PSYoungGen      total 20992K, used 20768K [0x000001df35d80000, 0x000001df37600000, 0x000001e9e0800000)
  eden space 18944K, 100% used [0x000001df35d80000,0x000001df37000000,0x000001df37000000)
  from space 2048K, 89% used [0x000001df37000000,0x000001df371c8000,0x000001df37200000)
  to   space 3072K, 0% used [0x000001df37300000,0x000001df37300000,0x000001df37600000)
 ParOldGen       total 68608K, used 25596K [0x000001c9e0800000, 0x000001c9e4b00000, 0x000001df35d80000)
  object space 68608K, 37% used [0x000001c9e0800000,0x000001c9e20ff038,0x000001c9e4b00000)
 Metaspace       used 37858K, committed 38592K, reserved 1114112K
  class space    used 3808K, committed 4096K, reserved 1048576K
}
Event: 9.496 GC heap after
{Heap after GC invocations=18 (full 2):
 PSYoungGen      total 20992K, used 1888K [0x000001df35d80000, 0x000001df37500000, 0x000001e9e0800000)
  eden space 18944K, 0% used [0x000001df35d80000,0x000001df35d80000,0x000001df37000000)
  from space 2048K, 92% used [0x000001df37300000,0x000001df374d8000,0x000001df37500000)
  to   space 2048K, 0% used [0x000001df37000000,0x000001df37000000,0x000001df37200000)
 ParOldGen       total 68608K, used 27332K [0x000001c9e0800000, 0x000001c9e4b00000, 0x000001df35d80000)
  object space 68608K, 39% used [0x000001c9e0800000,0x000001c9e22b1038,0x000001c9e4b00000)
 Metaspace       used 37858K, committed 38592K, reserved 1114112K
  class space    used 3808K, committed 4096K, reserved 1048576K
}
Event: 9.599 GC heap before
{Heap before GC invocations=19 (full 2):
 PSYoungGen      total 20992K, used 20832K [0x000001df35d80000, 0x000001df37500000, 0x000001e9e0800000)
  eden space 18944K, 100% used [0x000001df35d80000,0x000001df37000000,0x000001df37000000)
  from space 2048K, 92% used [0x000001df37300000,0x000001df374d8000,0x000001df37500000)
  to   space 2048K, 0% used [0x000001df37000000,0x000001df37000000,0x000001df37200000)
 ParOldGen       total 68608K, used 27332K [0x000001c9e0800000, 0x000001c9e4b00000, 0x000001df35d80000)
  object space 68608K, 39% used [0x000001c9e0800000,0x000001c9e22b1038,0x000001c9e4b00000)
 Metaspace       used 37858K, committed 38592K, reserved 1114112K
  class space    used 3808K, committed 4096K, reserved 1048576K
}
Event: 9.630 GC heap after
{Heap after GC invocations=19 (full 2):
 PSYoungGen      total 20992K, used 1888K [0x000001df35d80000, 0x000001df37400000, 0x000001e9e0800000)
  eden space 18944K, 0% used [0x000001df35d80000,0x000001df35d80000,0x000001df37000000)
  from space 2048K, 92% used [0x000001df37000000,0x000001df371d8000,0x000001df37200000)
  to   space 2048K, 0% used [0x000001df37200000,0x000001df37200000,0x000001df37400000)
 ParOldGen       total 68608K, used 29684K [0x000001c9e0800000, 0x000001c9e4b00000, 0x000001df35d80000)
  object space 68608K, 43% used [0x000001c9e0800000,0x000001c9e24fd048,0x000001c9e4b00000)
 Metaspace       used 37858K, committed 38592K, reserved 1114112K
  class space    used 3808K, committed 4096K, reserved 1048576K
}
Event: 9.754 GC heap before
{Heap before GC invocations=20 (full 2):
 PSYoungGen      total 20992K, used 20832K [0x000001df35d80000, 0x000001df37400000, 0x000001e9e0800000)
  eden space 18944K, 100% used [0x000001df35d80000,0x000001df37000000,0x000001df37000000)
  from space 2048K, 92% used [0x000001df37000000,0x000001df371d8000,0x000001df37200000)
  to   space 2048K, 0% used [0x000001df37200000,0x000001df37200000,0x000001df37400000)
 ParOldGen       total 68608K, used 29684K [0x000001c9e0800000, 0x000001c9e4b00000, 0x000001df35d80000)
  object space 68608K, 43% used [0x000001c9e0800000,0x000001c9e24fd048,0x000001c9e4b00000)
 Metaspace       used 37858K, committed 38592K, reserved 1114112K
  class space    used 3808K, committed 4096K, reserved 1048576K
}
Event: 9.757 GC heap after
{Heap after GC invocations=20 (full 2):
 PSYoungGen      total 20992K, used 1760K [0x000001df35d80000, 0x000001df37400000, 0x000001e9e0800000)
  eden space 18944K, 0% used [0x000001df35d80000,0x000001df35d80000,0x000001df37000000)
  from space 2048K, 85% used [0x000001df37200000,0x000001df373b8000,0x000001df37400000)
  to   space 2048K, 0% used [0x000001df37000000,0x000001df37000000,0x000001df37200000)
 ParOldGen       total 68608K, used 31421K [0x000001c9e0800000, 0x000001c9e4b00000, 0x000001df35d80000)
  object space 68608K, 45% used [0x000001c9e0800000,0x000001c9e26af4e0,0x000001c9e4b00000)
 Metaspace       used 37858K, committed 38592K, reserved 1114112K
  class space    used 3808K, committed 4096K, reserved 1048576K
}
Event: 10.026 GC heap before
{Heap before GC invocations=21 (full 2):
 PSYoungGen      total 20992K, used 20704K [0x000001df35d80000, 0x000001df37400000, 0x000001e9e0800000)
  eden space 18944K, 100% used [0x000001df35d80000,0x000001df37000000,0x000001df37000000)
  from space 2048K, 85% used [0x000001df37200000,0x000001df373b8000,0x000001df37400000)
  to   space 2048K, 0% used [0x000001df37000000,0x000001df37000000,0x000001df37200000)
 ParOldGen       total 68608K, used 31421K [0x000001c9e0800000, 0x000001c9e4b00000, 0x000001df35d80000)
  object space 68608K, 45% used [0x000001c9e0800000,0x000001c9e26af4e0,0x000001c9e4b00000)
 Metaspace       used 39092K, committed 39744K, reserved 1114112K
  class space    used 3928K, committed 4224K, reserved 1048576K
}
Event: 10.032 GC heap after
{Heap after GC invocations=21 (full 2):
 PSYoungGen      total 20992K, used 2042K [0x000001df35d80000, 0x000001df37e00000, 0x000001e9e0800000)
  eden space 18944K, 0% used [0x000001df35d80000,0x000001df35d80000,0x000001df37000000)
  from space 2048K, 99% used [0x000001df37000000,0x000001df371fe988,0x000001df37200000)
  to   space 7168K, 0% used [0x000001df37700000,0x000001df37700000,0x000001df37e00000)
 ParOldGen       total 68608K, used 35659K [0x000001c9e0800000, 0x000001c9e4b00000, 0x000001df35d80000)
  object space 68608K, 51% used [0x000001c9e0800000,0x000001c9e2ad2f00,0x000001c9e4b00000)
 Metaspace       used 39092K, committed 39744K, reserved 1114112K
  class space    used 3928K, committed 4224K, reserved 1048576K
}
Event: 10.545 GC heap before
{Heap before GC invocations=22 (full 2):
 PSYoungGen      total 20992K, used 20981K [0x000001df35d80000, 0x000001df37e00000, 0x000001e9e0800000)
  eden space 18944K, 99% used [0x000001df35d80000,0x000001df36ffec00,0x000001df37000000)
  from space 2048K, 99% used [0x000001df37000000,0x000001df371fe988,0x000001df37200000)
  to   space 7168K, 0% used [0x000001df37700000,0x000001df37700000,0x000001df37e00000)
 ParOldGen       total 68608K, used 35659K [0x000001c9e0800000, 0x000001c9e4b00000, 0x000001df35d80000)
  object space 68608K, 51% used [0x000001c9e0800000,0x000001c9e2ad2f00,0x000001c9e4b00000)
 Metaspace       used 40430K, committed 41152K, reserved 1114112K
  class space    used 4117K, committed 4416K, reserved 1048576K
}
Event: 10.546 GC heap after
{Heap after GC invocations=22 (full 2):
 PSYoungGen      total 20480K, used 1136K [0x000001df35d80000, 0x000001df37880000, 0x000001e9e0800000)
  eden space 18944K, 0% used [0x000001df35d80000,0x000001df35d80000,0x000001df37000000)
  from space 1536K, 73% used [0x000001df37700000,0x000001df3781c120,0x000001df37880000)
  to   space 3072K, 0% used [0x000001df37280000,0x000001df37280000,0x000001df37580000)
 ParOldGen       total 68608K, used 37709K [0x000001c9e0800000, 0x000001c9e4b00000, 0x000001df35d80000)
  object space 68608K, 54% used [0x000001c9e0800000,0x000001c9e2cd36a0,0x000001c9e4b00000)
 Metaspace       used 40430K, committed 41152K, reserved 1114112K
  class space    used 4117K, committed 4416K, reserved 1048576K
}

