# JRE version: OpenJDK Runtime Environment Temurin-17.0.9+9 (17.0.9+9) (build 17.0.9+9)
# Java VM: OpenJDK 64-Bit Server VM Temurin-17.0.9+9 (17.0.9+9, mixed mode, tiered, compressed oops, compressed class ptrs, parallel gc, windows-amd64)
GC Precious Log:
 CPUs: 12 total, 12 available
 Memory: 15724M
 Large Page Support: Disabled
 NUMA Support: Disabled
 Compressed Oops: Enabled (32-bit)
 Alignments: Space 512K, Generation 512K, Heap 2M
 Heap Min Capacity: 100M
 Heap Initial Capacity: 100M
 Heap Max Capacity: 1G
 Pre-touch: Disabled
 Parallel Workers: 10
Heap:
 PSYoungGen      total 23552K, used 22853K [0x00000000eab00000, 0x00000000ec380000, 0x0000000100000000)
  eden space 22016K, 98% used [0x00000000eab00000,0x00000000ec041668,0x00000000ec080000)
  from space 1536K, 70% used [0x00000000ec080000,0x00000000ec190000,0x00000000ec200000)
  to   space 1536K, 0% used [0x00000000ec200000,0x00000000ec200000,0x00000000ec380000)
 ParOldGen       total 68608K, used 15772K [0x00000000c0000000, 0x00000000c4300000, 0x00000000eab00000)
  object space 68608K, 22% used [0x00000000c0000000,0x00000000c0f67258,0x00000000c4300000)
 Metaspace       used 47947K, committed 48832K, reserved 1114112K
  class space    used 5156K, committed 5504K, reserved 1048576K
GC Heap History (20 events):
Event: 14.485 GC heap before
{Heap before GC invocations=6 (full 1):
 PSYoungGen      total 29696K, used 25600K [0x00000000eab00000, 0x00000000ecc00000, 0x0000000100000000)
  eden space 25600K, 100% used [0x00000000eab00000,0x00000000ec400000,0x00000000ec400000)
  from space 4096K, 0% used [0x00000000ec800000,0x00000000ec800000,0x00000000ecc00000)
  to   space 4096K, 0% used [0x00000000ec400000,0x00000000ec400000,0x00000000ec800000)
 ParOldGen       total 68608K, used 10272K [0x00000000c0000000, 0x00000000c4300000, 0x00000000eab00000)
  object space 68608K, 14% used [0x00000000c0000000,0x00000000c0a080c8,0x00000000c4300000)
 Metaspace       used 24361K, committed 24896K, reserved 1114112K
  class space    used 2487K, committed 2688K, reserved 1048576K
}
Event: 14.487 GC heap after
{Heap after GC invocations=6 (full 1):
 PSYoungGen      total 26624K, used 1317K [0x00000000eab00000, 0x00000000ec980000, 0x0000000100000000)
  eden space 25088K, 0% used [0x00000000eab00000,0x00000000eab00000,0x00000000ec380000)
  from space 1536K, 85% used [0x00000000ec400000,0x00000000ec5496c8,0x00000000ec580000)
  to   space 3072K, 0% used [0x00000000ec680000,0x00000000ec680000,0x00000000ec980000)
 ParOldGen       total 68608K, used 10280K [0x00000000c0000000, 0x00000000c4300000, 0x00000000eab00000)
  object space 68608K, 14% used [0x00000000c0000000,0x00000000c0a0a0c8,0x00000000c4300000)
 Metaspace       used 24361K, committed 24896K, reserved 1114112K
  class space    used 2487K, committed 2688K, reserved 1048576K
}
Event: 14.833 GC heap before
{Heap before GC invocations=7 (full 1):
 PSYoungGen      total 26624K, used 26405K [0x00000000eab00000, 0x00000000ec980000, 0x0000000100000000)
  eden space 25088K, 100% used [0x00000000eab00000,0x00000000ec380000,0x00000000ec380000)
  from space 1536K, 85% used [0x00000000ec400000,0x00000000ec5496c8,0x00000000ec580000)
  to   space 3072K, 0% used [0x00000000ec680000,0x00000000ec680000,0x00000000ec980000)
 ParOldGen       total 68608K, used 10280K [0x00000000c0000000, 0x00000000c4300000, 0x00000000eab00000)
  object space 68608K, 14% used [0x00000000c0000000,0x00000000c0a0a0c8,0x00000000c4300000)
 Metaspace       used 27274K, committed 27904K, reserved 1114112K
  class space    used 2789K, committed 3072K, reserved 1048576K
}
Event: 14.835 GC heap after
{Heap after GC invocations=7 (full 1):
 PSYoungGen      total 25600K, used 3045K [0x00000000eab00000, 0x00000000ece00000, 0x0000000100000000)
  eden space 22528K, 0% used [0x00000000eab00000,0x00000000eab00000,0x00000000ec100000)
  from space 3072K, 99% used [0x00000000ec680000,0x00000000ec9796f0,0x00000000ec980000)
  to   space 5632K, 0% used [0x00000000ec100000,0x00000000ec100000,0x00000000ec680000)
 ParOldGen       total 68608K, used 11799K [0x00000000c0000000, 0x00000000c4300000, 0x00000000eab00000)
  object space 68608K, 17% used [0x00000000c0000000,0x00000000c0b85e38,0x00000000c4300000)
 Metaspace       used 27274K, committed 27904K, reserved 1114112K
  class space    used 2789K, committed 3072K, reserved 1048576K
}
Event: 15.059 GC heap before
{Heap before GC invocations=8 (full 1):
 PSYoungGen      total 25600K, used 25573K [0x00000000eab00000, 0x00000000ece00000, 0x0000000100000000)
  eden space 22528K, 100% used [0x00000000eab00000,0x00000000ec100000,0x00000000ec100000)
  from space 3072K, 99% used [0x00000000ec680000,0x00000000ec9796f0,0x00000000ec980000)
  to   space 5632K, 0% used [0x00000000ec100000,0x00000000ec100000,0x00000000ec680000)
 ParOldGen       total 68608K, used 11799K [0x00000000c0000000, 0x00000000c4300000, 0x00000000eab00000)
  object space 68608K, 17% used [0x00000000c0000000,0x00000000c0b85e38,0x00000000c4300000)
 Metaspace       used 30218K, committed 30848K, reserved 1114112K
  class space    used 2991K, committed 3264K, reserved 1048576K
}
Event: 15.061 GC heap after
{Heap after GC invocations=8 (full 1):
 PSYoungGen      total 25600K, used 3310K [0x00000000eab00000, 0x00000000ec880000, 0x0000000100000000)
  eden space 22016K, 0% used [0x00000000eab00000,0x00000000eab00000,0x00000000ec080000)
  from space 3584K, 92% used [0x00000000ec100000,0x00000000ec43b950,0x00000000ec480000)
  to   space 4096K, 0% used [0x00000000ec480000,0x00000000ec480000,0x00000000ec880000)
 ParOldGen       total 68608K, used 11807K [0x00000000c0000000, 0x00000000c4300000, 0x00000000eab00000)
  object space 68608K, 17% used [0x00000000c0000000,0x00000000c0b87e38,0x00000000c4300000)
 Metaspace       used 30218K, committed 30848K, reserved 1114112K
  class space    used 2991K, committed 3264K, reserved 1048576K
}
Event: 15.257 GC heap before
{Heap before GC invocations=9 (full 1):
 PSYoungGen      total 25600K, used 25326K [0x00000000eab00000, 0x00000000ec880000, 0x0000000100000000)
  eden space 22016K, 100% used [0x00000000eab00000,0x00000000ec080000,0x00000000ec080000)
  from space 3584K, 92% used [0x00000000ec100000,0x00000000ec43b950,0x00000000ec480000)
  to   space 4096K, 0% used [0x00000000ec480000,0x00000000ec480000,0x00000000ec880000)
 ParOldGen       total 68608K, used 11807K [0x00000000c0000000, 0x00000000c4300000, 0x00000000eab00000)
  object space 68608K, 17% used [0x00000000c0000000,0x00000000c0b87e38,0x00000000c4300000)
 Metaspace       used 32279K, committed 33024K, reserved 1114112K
  class space    used 3155K, committed 3456K, reserved 1048576K
}
Event: 15.259 GC heap after
{Heap after GC invocations=9 (full 1):
 PSYoungGen      total 25600K, used 3508K [0x00000000eab00000, 0x00000000ec800000, 0x0000000100000000)
  eden space 22016K, 0% used [0x00000000eab00000,0x00000000eab00000,0x00000000ec080000)
  from space 3584K, 97% used [0x00000000ec480000,0x00000000ec7ed2b0,0x00000000ec800000)
  to   space 3584K, 0% used [0x00000000ec100000,0x00000000ec100000,0x00000000ec480000)
 ParOldGen       total 68608K, used 11815K [0x00000000c0000000, 0x00000000c4300000, 0x00000000eab00000)
  object space 68608K, 17% used [0x00000000c0000000,0x00000000c0b89e38,0x00000000c4300000)
 Metaspace       used 32279K, committed 33024K, reserved 1114112K
  class space    used 3155K, committed 3456K, reserved 1048576K
}
Event: 15.841 GC heap before
{Heap before GC invocations=10 (full 1):
 PSYoungGen      total 25600K, used 20297K [0x00000000eab00000, 0x00000000ec800000, 0x0000000100000000)
  eden space 22016K, 76% used [0x00000000eab00000,0x00000000ebb65378,0x00000000ec080000)
  from space 3584K, 97% used [0x00000000ec480000,0x00000000ec7ed2b0,0x00000000ec800000)
  to   space 3584K, 0% used [0x00000000ec100000,0x00000000ec100000,0x00000000ec480000)
 ParOldGen       total 68608K, used 11815K [0x00000000c0000000, 0x00000000c4300000, 0x00000000eab00000)
  object space 68608K, 17% used [0x00000000c0000000,0x00000000c0b89e38,0x00000000c4300000)
 Metaspace       used 35008K, committed 35840K, reserved 1114112K
  class space    used 3482K, committed 3840K, reserved 1048576K
}
Event: 15.844 GC heap after
{Heap after GC invocations=10 (full 1):
 PSYoungGen      total 24064K, used 1684K [0x00000000eab00000, 0x00000000ec580000, 0x0000000100000000)
  eden space 22016K, 0% used [0x00000000eab00000,0x00000000eab00000,0x00000000ec080000)
  from space 2048K, 82% used [0x00000000ec100000,0x00000000ec2a5020,0x00000000ec300000)
  to   space 2560K, 0% used [0x00000000ec300000,0x00000000ec300000,0x00000000ec580000)
 ParOldGen       total 68608K, used 14539K [0x00000000c0000000, 0x00000000c4300000, 0x00000000eab00000)
  object space 68608K, 21% used [0x00000000c0000000,0x00000000c0e32dd8,0x00000000c4300000)
 Metaspace       used 35008K, committed 35840K, reserved 1114112K
  class space    used 3482K, committed 3840K, reserved 1048576K
}
Event: 15.844 GC heap before
{Heap before GC invocations=11 (full 2):
 PSYoungGen      total 24064K, used 1684K [0x00000000eab00000, 0x00000000ec580000, 0x0000000100000000)
  eden space 22016K, 0% used [0x00000000eab00000,0x00000000eab00000,0x00000000ec080000)
  from space 2048K, 82% used [0x00000000ec100000,0x00000000ec2a5020,0x00000000ec300000)
  to   space 2560K, 0% used [0x00000000ec300000,0x00000000ec300000,0x00000000ec580000)
 ParOldGen       total 68608K, used 14539K [0x00000000c0000000, 0x00000000c4300000, 0x00000000eab00000)
  object space 68608K, 21% used [0x00000000c0000000,0x00000000c0e32dd8,0x00000000c4300000)
 Metaspace       used 35008K, committed 35840K, reserved 1114112K
  class space    used 3482K, committed 3840K, reserved 1048576K
}
Event: 15.871 GC heap after
{Heap after GC invocations=11 (full 2):
 PSYoungGen      total 24064K, used 0K [0x00000000eab00000, 0x00000000ec580000, 0x0000000100000000)
  eden space 22016K, 0% used [0x00000000eab00000,0x00000000eab00000,0x00000000ec080000)
  from space 2048K, 0% used [0x00000000ec100000,0x00000000ec100000,0x00000000ec300000)
  to   space 2560K, 0% used [0x00000000ec300000,0x00000000ec300000,0x00000000ec580000)
 ParOldGen       total 68608K, used 13191K [0x00000000c0000000, 0x00000000c4300000, 0x00000000eab00000)
  object space 68608K, 19% used [0x00000000c0000000,0x00000000c0ce1fb0,0x00000000c4300000)
 Metaspace       used 35008K, committed 35840K, reserved 1114112K
  class space    used 3482K, committed 3840K, reserved 1048576K
}
Event: 16.114 GC heap before
{Heap before GC invocations=12 (full 2):
 PSYoungGen      total 24064K, used 22012K [0x00000000eab00000, 0x00000000ec580000, 0x0000000100000000)
  eden space 22016K, 99% used [0x00000000eab00000,0x00000000ec07f168,0x00000000ec080000)
  from space 2048K, 0% used [0x00000000ec100000,0x00000000ec100000,0x00000000ec300000)
  to   space 2560K, 0% used [0x00000000ec300000,0x00000000ec300000,0x00000000ec580000)
 ParOldGen       total 68608K, used 13191K [0x00000000c0000000, 0x00000000c4300000, 0x00000000eab00000)
  object space 68608K, 19% used [0x00000000c0000000,0x00000000c0ce1fb0,0x00000000c4300000)
 Metaspace       used 38428K, committed 39360K, reserved 1114112K
  class space    used 3902K, committed 4288K, reserved 1048576K
}
Event: 16.116 GC heap after
{Heap after GC invocations=12 (full 2):
 PSYoungGen      total 23552K, used 1342K [0x00000000eab00000, 0x00000000ec480000, 0x0000000100000000)
  eden space 22016K, 0% used [0x00000000eab00000,0x00000000eab00000,0x00000000ec080000)
  from space 1536K, 87% used [0x00000000ec300000,0x00000000ec44fb60,0x00000000ec480000)
  to   space 2048K, 0% used [0x00000000ec080000,0x00000000ec080000,0x00000000ec280000)
 ParOldGen       total 68608K, used 13199K [0x00000000c0000000, 0x00000000c4300000, 0x00000000eab00000)
  object space 68608K, 19% used [0x00000000c0000000,0x00000000c0ce3fb0,0x00000000c4300000)
 Metaspace       used 38428K, committed 39360K, reserved 1114112K
  class space    used 3902K, committed 4288K, reserved 1048576K
}
Event: 16.251 GC heap before
{Heap before GC invocations=13 (full 2):
 PSYoungGen      total 23552K, used 23358K [0x00000000eab00000, 0x00000000ec480000, 0x0000000100000000)
  eden space 22016K, 100% used [0x00000000eab00000,0x00000000ec080000,0x00000000ec080000)
  from space 1536K, 87% used [0x00000000ec300000,0x00000000ec44fb60,0x00000000ec480000)
  to   space 2048K, 0% used [0x00000000ec080000,0x00000000ec080000,0x00000000ec280000)
 ParOldGen       total 68608K, used 13199K [0x00000000c0000000, 0x00000000c4300000, 0x00000000eab00000)
  object space 68608K, 19% used [0x00000000c0000000,0x00000000c0ce3fb0,0x00000000c4300000)
 Metaspace       used 40285K, committed 41152K, reserved 1114112K
  class space    used 4157K, committed 4544K, reserved 1048576K
}
Event: 16.252 GC heap after
{Heap after GC invocations=13 (full 2):
 PSYoungGen      total 23040K, used 789K [0x00000000eab00000, 0x00000000ec380000, 0x0000000100000000)
  eden space 22016K, 0% used [0x00000000eab00000,0x00000000eab00000,0x00000000ec080000)
  from space 1024K, 77% used [0x00000000ec080000,0x00000000ec145438,0x00000000ec180000)
  to   space 1536K, 0% used [0x00000000ec200000,0x00000000ec200000,0x00000000ec380000)
 ParOldGen       total 68608K, used 14363K [0x00000000c0000000, 0x00000000c4300000, 0x00000000eab00000)
  object space 68608K, 20% used [0x00000000c0000000,0x00000000c0e06d28,0x00000000c4300000)
 Metaspace       used 40285K, committed 41152K, reserved 1114112K
  class space    used 4157K, committed 4544K, reserved 1048576K
}
Event: 16.482 GC heap before
{Heap before GC invocations=14 (full 2):
 PSYoungGen      total 23040K, used 22805K [0x00000000eab00000, 0x00000000ec380000, 0x0000000100000000)
  eden space 22016K, 100% used [0x00000000eab00000,0x00000000ec080000,0x00000000ec080000)
  from space 1024K, 77% used [0x00000000ec080000,0x00000000ec145438,0x00000000ec180000)
  to   space 1536K, 0% used [0x00000000ec200000,0x00000000ec200000,0x00000000ec380000)
 ParOldGen       total 68608K, used 14363K [0x00000000c0000000, 0x00000000c4300000, 0x00000000eab00000)
  object space 68608K, 20% used [0x00000000c0000000,0x00000000c0e06d28,0x00000000c4300000)
 Metaspace       used 42643K, committed 43520K, reserved 1114112K
  class space    used 4472K, committed 4864K, reserved 1048576K
}
Event: 16.484 GC heap after
{Heap after GC invocations=14 (full 2):
 PSYoungGen      total 23552K, used 992K [0x00000000eab00000, 0x00000000ec380000, 0x0000000100000000)
  eden space 22016K, 0% used [0x00000000eab00000,0x00000000eab00000,0x00000000ec080000)
  from space 1536K, 64% used [0x00000000ec200000,0x00000000ec2f8000,0x00000000ec380000)
  to   space 1536K, 0% used [0x00000000ec080000,0x00000000ec080000,0x00000000ec200000)
 ParOldGen       total 68608K, used 14931K [0x00000000c0000000, 0x00000000c4300000, 0x00000000eab00000)
  object space 68608K, 21% used [0x00000000c0000000,0x00000000c0e94d28,0x00000000c4300000)
 Metaspace       used 42643K, committed 43520K, reserved 1114112K
  class space    used 4472K, committed 4864K, reserved 1048576K
}
Event: 16.903 GC heap before
{Heap before GC invocations=15 (full 2):
 PSYoungGen      total 23552K, used 23008K [0x00000000eab00000, 0x00000000ec380000, 0x0000000100000000)
  eden space 22016K, 100% used [0x00000000eab00000,0x00000000ec080000,0x00000000ec080000)
  from space 1536K, 64% used [0x00000000ec200000,0x00000000ec2f8000,0x00000000ec380000)
  to   space 1536K, 0% used [0x00000000ec080000,0x00000000ec080000,0x00000000ec200000)
 ParOldGen       total 68608K, used 14931K [0x00000000c0000000, 0x00000000c4300000, 0x00000000eab00000)
  object space 68608K, 21% used [0x00000000c0000000,0x00000000c0e94d28,0x00000000c4300000)
 Metaspace       used 45255K, committed 46144K, reserved 1114112K
  class space    used 4808K, committed 5184K, reserved 1048576K
}
Event: 16.904 GC heap after
{Heap after GC invocations=15 (full 2):
 PSYoungGen      total 23552K, used 1088K [0x00000000eab00000, 0x00000000ec380000, 0x0000000100000000)
  eden space 22016K, 0% used [0x00000000eab00000,0x00000000eab00000,0x00000000ec080000)
  from space 1536K, 70% used [0x00000000ec080000,0x00000000ec190000,0x00000000ec200000)
  to   space 1536K, 0% used [0x00000000ec200000,0x00000000ec200000,0x00000000ec380000)
 ParOldGen       total 68608K, used 15772K [0x00000000c0000000, 0x00000000c4300000, 0x00000000eab00000)
  object space 68608K, 22% used [0x00000000c0000000,0x00000000c0f67258,0x00000000c4300000)
 Metaspace       used 45255K, committed 46144K, reserved 1114112K
  class space    used 4808K, committed 5184K, reserved 1048576K
}

